<?xml version="1.0" encoding="utf-8"?>
<CoverageSession xmlns:xsd="http://www.w3.org/2001/XMLSchema" xmlns:xsi="http://www.w3.org/2001/XMLSchema-instance">
  <Summary numSequencePoints="503" visitedSequencePoints="489" numBranchPoints="200" visitedBranchPoints="187" sequenceCoverage="97.22" branchCoverage="93.5" maxCyclomaticComplexity="16" minCyclomaticComplexity="1" visitedClasses="3" numClasses="3" visitedMethods="33" numMethods="33" />
  <Modules>
    <Module hash="F4-AB-AE-A6-40-D5-CE-DE-9D-16-9F-63-A8-8A-E7-35-BC-13-FD-46">
      <Summary numSequencePoints="503" visitedSequencePoints="489" numBranchPoints="200" visitedBranchPoints="187" sequenceCoverage="97.22" branchCoverage="93.5" maxCyclomaticComplexity="16" minCyclomaticComplexity="1" visitedClasses="3" numClasses="3" visitedMethods="33" numMethods="33" />
      <FullName>C:\projects\jeremyansel-colorquant\JeremyAnsel.ColorQuant\JeremyAnsel.ColorQuant.Tests\bin\Release\JeremyAnsel.ColorQuant.dll</FullName>
      <ModuleName>JeremyAnsel.ColorQuant</ModuleName>
      <Files>
        <File uid="1" fullPath="c:\projects\jeremyansel-colorquant\JeremyAnsel.ColorQuant\JeremyAnsel.ColorQuant\ColorQuantizerResult.cs" />
        <File uid="2" fullPath="c:\projects\jeremyansel-colorquant\JeremyAnsel.ColorQuant\JeremyAnsel.ColorQuant\WuAlphaColorQuantizer.cs" />
        <File uid="3" fullPath="c:\projects\jeremyansel-colorquant\JeremyAnsel.ColorQuant\JeremyAnsel.ColorQuant\WuColorQuantizer.cs" />
      </Files>
      <Classes>
        <Class>
          <Summary numSequencePoints="0" visitedSequencePoints="0" numBranchPoints="0" visitedBranchPoints="0" sequenceCoverage="0" branchCoverage="0" maxCyclomaticComplexity="1" minCyclomaticComplexity="1" visitedClasses="0" numClasses="0" visitedMethods="0" numMethods="0" />
          <FullName>JeremyAnsel.ColorQuant.Box</FullName>
          <Methods>
            <Method visited="true" cyclomaticComplexity="1" sequenceCoverage="0" branchCoverage="0" isConstructor="false" isStatic="false" isGetter="true" isSetter="false">
              <Summary numSequencePoints="0" visitedSequencePoints="0" numBranchPoints="0" visitedBranchPoints="0" sequenceCoverage="0" branchCoverage="0" maxCyclomaticComplexity="1" minCyclomaticComplexity="1" visitedClasses="0" numClasses="0" visitedMethods="0" numMethods="0" />
              <MetadataToken>100663297</MetadataToken>
              <Name>System.Int32 JeremyAnsel.ColorQuant.Box::get_R0()</Name>
              <SequencePoints />
              <BranchPoints />
              <MethodPoint vc="3333727" uspid="1" ordinal="0" offset="0" />
            </Method>
            <Method visited="true" cyclomaticComplexity="1" sequenceCoverage="0" branchCoverage="0" isConstructor="false" isStatic="false" isGetter="false" isSetter="true">
              <Summary numSequencePoints="0" visitedSequencePoints="0" numBranchPoints="0" visitedBranchPoints="0" sequenceCoverage="0" branchCoverage="0" maxCyclomaticComplexity="1" minCyclomaticComplexity="1" visitedClasses="0" numClasses="0" visitedMethods="0" numMethods="0" />
              <MetadataToken>100663298</MetadataToken>
              <Name>System.Void JeremyAnsel.ColorQuant.Box::set_R0(System.Int32)</Name>
              <SequencePoints />
              <BranchPoints />
              <MethodPoint vc="1291" uspid="2" ordinal="0" offset="0" />
            </Method>
            <Method visited="true" cyclomaticComplexity="1" sequenceCoverage="0" branchCoverage="0" isConstructor="false" isStatic="false" isGetter="true" isSetter="false">
              <Summary numSequencePoints="0" visitedSequencePoints="0" numBranchPoints="0" visitedBranchPoints="0" sequenceCoverage="0" branchCoverage="0" maxCyclomaticComplexity="1" minCyclomaticComplexity="1" visitedClasses="0" numClasses="0" visitedMethods="0" numMethods="0" />
              <MetadataToken>100663299</MetadataToken>
              <Name>System.Int32 JeremyAnsel.ColorQuant.Box::get_R1()</Name>
              <SequencePoints />
              <BranchPoints />
              <MethodPoint vc="3332894" uspid="3" ordinal="0" offset="0" />
            </Method>
            <Method visited="true" cyclomaticComplexity="1" sequenceCoverage="0" branchCoverage="0" isConstructor="false" isStatic="false" isGetter="false" isSetter="true">
              <Summary numSequencePoints="0" visitedSequencePoints="0" numBranchPoints="0" visitedBranchPoints="0" sequenceCoverage="0" branchCoverage="0" maxCyclomaticComplexity="1" minCyclomaticComplexity="1" visitedClasses="0" numClasses="0" visitedMethods="0" numMethods="0" />
              <MetadataToken>100663300</MetadataToken>
              <Name>System.Void JeremyAnsel.ColorQuant.Box::set_R1(System.Int32)</Name>
              <SequencePoints />
              <BranchPoints />
              <MethodPoint vc="1770" uspid="4" ordinal="0" offset="0" />
            </Method>
            <Method visited="true" cyclomaticComplexity="1" sequenceCoverage="0" branchCoverage="0" isConstructor="false" isStatic="false" isGetter="true" isSetter="false">
              <Summary numSequencePoints="0" visitedSequencePoints="0" numBranchPoints="0" visitedBranchPoints="0" sequenceCoverage="0" branchCoverage="0" maxCyclomaticComplexity="1" minCyclomaticComplexity="1" visitedClasses="0" numClasses="0" visitedMethods="0" numMethods="0" />
              <MetadataToken>100663301</MetadataToken>
              <Name>System.Int32 JeremyAnsel.ColorQuant.Box::get_G0()</Name>
              <SequencePoints />
              <BranchPoints />
              <MethodPoint vc="2953674" uspid="5" ordinal="0" offset="0" />
            </Method>
            <Method visited="true" cyclomaticComplexity="1" sequenceCoverage="0" branchCoverage="0" isConstructor="false" isStatic="false" isGetter="false" isSetter="true">
              <Summary numSequencePoints="0" visitedSequencePoints="0" numBranchPoints="0" visitedBranchPoints="0" sequenceCoverage="0" branchCoverage="0" maxCyclomaticComplexity="1" minCyclomaticComplexity="1" visitedClasses="0" numClasses="0" visitedMethods="0" numMethods="0" />
              <MetadataToken>100663302</MetadataToken>
              <Name>System.Void JeremyAnsel.ColorQuant.Box::set_G0(System.Int32)</Name>
              <SequencePoints />
              <BranchPoints />
              <MethodPoint vc="1291" uspid="6" ordinal="0" offset="0" />
            </Method>
            <Method visited="true" cyclomaticComplexity="1" sequenceCoverage="0" branchCoverage="0" isConstructor="false" isStatic="false" isGetter="true" isSetter="false">
              <Summary numSequencePoints="0" visitedSequencePoints="0" numBranchPoints="0" visitedBranchPoints="0" sequenceCoverage="0" branchCoverage="0" maxCyclomaticComplexity="1" minCyclomaticComplexity="1" visitedClasses="0" numClasses="0" visitedMethods="0" numMethods="0" />
              <MetadataToken>100663303</MetadataToken>
              <Name>System.Int32 JeremyAnsel.ColorQuant.Box::get_G1()</Name>
              <SequencePoints />
              <BranchPoints />
              <MethodPoint vc="5576979" uspid="7" ordinal="0" offset="0" />
            </Method>
            <Method visited="true" cyclomaticComplexity="1" sequenceCoverage="0" branchCoverage="0" isConstructor="false" isStatic="false" isGetter="false" isSetter="true">
              <Summary numSequencePoints="0" visitedSequencePoints="0" numBranchPoints="0" visitedBranchPoints="0" sequenceCoverage="0" branchCoverage="0" maxCyclomaticComplexity="1" minCyclomaticComplexity="1" visitedClasses="0" numClasses="0" visitedMethods="0" numMethods="0" />
              <MetadataToken>100663304</MetadataToken>
              <Name>System.Void JeremyAnsel.ColorQuant.Box::set_G1(System.Int32)</Name>
              <SequencePoints />
              <BranchPoints />
              <MethodPoint vc="1524" uspid="8" ordinal="0" offset="0" />
            </Method>
            <Method visited="true" cyclomaticComplexity="1" sequenceCoverage="0" branchCoverage="0" isConstructor="false" isStatic="false" isGetter="true" isSetter="false">
              <Summary numSequencePoints="0" visitedSequencePoints="0" numBranchPoints="0" visitedBranchPoints="0" sequenceCoverage="0" branchCoverage="0" maxCyclomaticComplexity="1" minCyclomaticComplexity="1" visitedClasses="0" numClasses="0" visitedMethods="0" numMethods="0" />
              <MetadataToken>100663305</MetadataToken>
              <Name>System.Int32 JeremyAnsel.ColorQuant.Box::get_B0()</Name>
              <SequencePoints />
              <BranchPoints />
              <MethodPoint vc="5539469" uspid="9" ordinal="0" offset="0" />
            </Method>
            <Method visited="true" cyclomaticComplexity="1" sequenceCoverage="0" branchCoverage="0" isConstructor="false" isStatic="false" isGetter="false" isSetter="true">
              <Summary numSequencePoints="0" visitedSequencePoints="0" numBranchPoints="0" visitedBranchPoints="0" sequenceCoverage="0" branchCoverage="0" maxCyclomaticComplexity="1" minCyclomaticComplexity="1" visitedClasses="0" numClasses="0" visitedMethods="0" numMethods="0" />
              <MetadataToken>100663306</MetadataToken>
              <Name>System.Void JeremyAnsel.ColorQuant.Box::set_B0(System.Int32)</Name>
              <SequencePoints />
              <BranchPoints />
              <MethodPoint vc="1291" uspid="10" ordinal="0" offset="0" />
            </Method>
            <Method visited="true" cyclomaticComplexity="1" sequenceCoverage="0" branchCoverage="0" isConstructor="false" isStatic="false" isGetter="true" isSetter="false">
              <Summary numSequencePoints="0" visitedSequencePoints="0" numBranchPoints="0" visitedBranchPoints="0" sequenceCoverage="0" branchCoverage="0" maxCyclomaticComplexity="1" minCyclomaticComplexity="1" visitedClasses="0" numClasses="0" visitedMethods="0" numMethods="0" />
              <MetadataToken>100663307</MetadataToken>
              <Name>System.Int32 JeremyAnsel.ColorQuant.Box::get_B1()</Name>
              <SequencePoints />
              <BranchPoints />
              <MethodPoint vc="22789779" uspid="11" ordinal="0" offset="0" />
            </Method>
            <Method visited="true" cyclomaticComplexity="1" sequenceCoverage="0" branchCoverage="0" isConstructor="false" isStatic="false" isGetter="false" isSetter="true">
              <Summary numSequencePoints="0" visitedSequencePoints="0" numBranchPoints="0" visitedBranchPoints="0" sequenceCoverage="0" branchCoverage="0" maxCyclomaticComplexity="1" minCyclomaticComplexity="1" visitedClasses="0" numClasses="0" visitedMethods="0" numMethods="0" />
              <MetadataToken>100663308</MetadataToken>
              <Name>System.Void JeremyAnsel.ColorQuant.Box::set_B1(System.Int32)</Name>
              <SequencePoints />
              <BranchPoints />
              <MethodPoint vc="1713" uspid="12" ordinal="0" offset="0" />
            </Method>
            <Method visited="true" cyclomaticComplexity="1" sequenceCoverage="0" branchCoverage="0" isConstructor="false" isStatic="false" isGetter="true" isSetter="false">
              <Summary numSequencePoints="0" visitedSequencePoints="0" numBranchPoints="0" visitedBranchPoints="0" sequenceCoverage="0" branchCoverage="0" maxCyclomaticComplexity="1" minCyclomaticComplexity="1" visitedClasses="0" numClasses="0" visitedMethods="0" numMethods="0" />
              <MetadataToken>100663309</MetadataToken>
              <Name>System.Int32 JeremyAnsel.ColorQuant.Box::get_A0()</Name>
              <SequencePoints />
              <BranchPoints />
              <MethodPoint vc="6577507" uspid="13" ordinal="0" offset="0" />
            </Method>
            <Method visited="true" cyclomaticComplexity="1" sequenceCoverage="0" branchCoverage="0" isConstructor="false" isStatic="false" isGetter="false" isSetter="true">
              <Summary numSequencePoints="0" visitedSequencePoints="0" numBranchPoints="0" visitedBranchPoints="0" sequenceCoverage="0" branchCoverage="0" maxCyclomaticComplexity="1" minCyclomaticComplexity="1" visitedClasses="0" numClasses="0" visitedMethods="0" numMethods="0" />
              <MetadataToken>100663310</MetadataToken>
              <Name>System.Void JeremyAnsel.ColorQuant.Box::set_A0(System.Int32)</Name>
              <SequencePoints />
              <BranchPoints />
              <MethodPoint vc="522" uspid="14" ordinal="0" offset="0" />
            </Method>
            <Method visited="true" cyclomaticComplexity="1" sequenceCoverage="0" branchCoverage="0" isConstructor="false" isStatic="false" isGetter="true" isSetter="false">
              <Summary numSequencePoints="0" visitedSequencePoints="0" numBranchPoints="0" visitedBranchPoints="0" sequenceCoverage="0" branchCoverage="0" maxCyclomaticComplexity="1" minCyclomaticComplexity="1" visitedClasses="0" numClasses="0" visitedMethods="0" numMethods="0" />
              <MetadataToken>100663311</MetadataToken>
              <Name>System.Int32 JeremyAnsel.ColorQuant.Box::get_A1()</Name>
              <SequencePoints />
              <BranchPoints />
              <MethodPoint vc="23323666" uspid="15" ordinal="0" offset="0" />
            </Method>
            <Method visited="true" cyclomaticComplexity="1" sequenceCoverage="0" branchCoverage="0" isConstructor="false" isStatic="false" isGetter="false" isSetter="true">
              <Summary numSequencePoints="0" visitedSequencePoints="0" numBranchPoints="0" visitedBranchPoints="0" sequenceCoverage="0" branchCoverage="0" maxCyclomaticComplexity="1" minCyclomaticComplexity="1" visitedClasses="0" numClasses="0" visitedMethods="0" numMethods="0" />
              <MetadataToken>100663312</MetadataToken>
              <Name>System.Void JeremyAnsel.ColorQuant.Box::set_A1(System.Int32)</Name>
              <SequencePoints />
              <BranchPoints />
              <MethodPoint vc="665" uspid="16" ordinal="0" offset="0" />
            </Method>
            <Method visited="true" cyclomaticComplexity="1" sequenceCoverage="0" branchCoverage="0" isConstructor="false" isStatic="false" isGetter="true" isSetter="false">
              <Summary numSequencePoints="0" visitedSequencePoints="0" numBranchPoints="0" visitedBranchPoints="0" sequenceCoverage="0" branchCoverage="0" maxCyclomaticComplexity="1" minCyclomaticComplexity="1" visitedClasses="0" numClasses="0" visitedMethods="0" numMethods="0" />
              <MetadataToken>100663313</MetadataToken>
              <Name>System.Int32 JeremyAnsel.ColorQuant.Box::get_Volume()</Name>
              <SequencePoints />
              <BranchPoints />
              <MethodPoint vc="2554" uspid="17" ordinal="0" offset="0" />
            </Method>
            <Method visited="true" cyclomaticComplexity="1" sequenceCoverage="0" branchCoverage="0" isConstructor="false" isStatic="false" isGetter="false" isSetter="true">
              <Summary numSequencePoints="0" visitedSequencePoints="0" numBranchPoints="0" visitedBranchPoints="0" sequenceCoverage="0" branchCoverage="0" maxCyclomaticComplexity="1" minCyclomaticComplexity="1" visitedClasses="0" numClasses="0" visitedMethods="0" numMethods="0" />
              <MetadataToken>100663314</MetadataToken>
              <Name>System.Void JeremyAnsel.ColorQuant.Box::set_Volume(System.Int32)</Name>
              <SequencePoints />
              <BranchPoints />
              <MethodPoint vc="2554" uspid="18" ordinal="0" offset="0" />
            </Method>
            <Method visited="true" cyclomaticComplexity="1" sequenceCoverage="0" branchCoverage="0" isConstructor="true" isStatic="false" isGetter="false" isSetter="false">
              <Summary numSequencePoints="0" visitedSequencePoints="0" numBranchPoints="0" visitedBranchPoints="0" sequenceCoverage="0" branchCoverage="0" maxCyclomaticComplexity="1" minCyclomaticComplexity="1" visitedClasses="0" numClasses="0" visitedMethods="0" numMethods="0" />
              <MetadataToken>100663315</MetadataToken>
              <Name>System.Void JeremyAnsel.ColorQuant.Box::.ctor()</Name>
              <SequencePoints />
              <BranchPoints />
              <MethodPoint vc="3584" uspid="19" ordinal="0" offset="0" />
            </Method>
          </Methods>
        </Class>
        <Class>
          <Summary numSequencePoints="8" visitedSequencePoints="8" numBranchPoints="7" visitedBranchPoints="7" sequenceCoverage="100" branchCoverage="100" maxCyclomaticComplexity="4" minCyclomaticComplexity="1" visitedClasses="1" numClasses="1" visitedMethods="1" numMethods="1" />
          <FullName>JeremyAnsel.ColorQuant.ColorQuantizerResult</FullName>
          <Methods>
            <Method visited="true" cyclomaticComplexity="1" sequenceCoverage="0" branchCoverage="0" isConstructor="false" isStatic="false" isGetter="true" isSetter="false">
              <Summary numSequencePoints="0" visitedSequencePoints="0" numBranchPoints="0" visitedBranchPoints="0" sequenceCoverage="0" branchCoverage="0" maxCyclomaticComplexity="1" minCyclomaticComplexity="1" visitedClasses="0" numClasses="0" visitedMethods="0" numMethods="0" />
              <MetadataToken>100663319</MetadataToken>
              <Name>System.Byte[] JeremyAnsel.ColorQuant.ColorQuantizerResult::get_Palette()</Name>
              <SequencePoints />
              <BranchPoints />
              <MethodPoint vc="16446" uspid="20" ordinal="0" offset="0" />
            </Method>
            <Method visited="true" cyclomaticComplexity="1" sequenceCoverage="0" branchCoverage="0" isConstructor="false" isStatic="false" isGetter="false" isSetter="true">
              <Summary numSequencePoints="0" visitedSequencePoints="0" numBranchPoints="0" visitedBranchPoints="0" sequenceCoverage="0" branchCoverage="0" maxCyclomaticComplexity="1" minCyclomaticComplexity="1" visitedClasses="0" numClasses="0" visitedMethods="0" numMethods="0" />
              <MetadataToken>100663320</MetadataToken>
              <Name>System.Void JeremyAnsel.ColorQuant.ColorQuantizerResult::set_Palette(System.Byte[])</Name>
              <SequencePoints />
              <BranchPoints />
              <MethodPoint vc="15" uspid="21" ordinal="0" offset="0" />
            </Method>
            <Method visited="true" cyclomaticComplexity="1" sequenceCoverage="0" branchCoverage="0" isConstructor="false" isStatic="false" isGetter="true" isSetter="false">
              <Summary numSequencePoints="0" visitedSequencePoints="0" numBranchPoints="0" visitedBranchPoints="0" sequenceCoverage="0" branchCoverage="0" maxCyclomaticComplexity="1" minCyclomaticComplexity="1" visitedClasses="0" numClasses="0" visitedMethods="0" numMethods="0" />
              <MetadataToken>100663321</MetadataToken>
              <Name>System.Byte[] JeremyAnsel.ColorQuant.ColorQuantizerResult::get_Bytes()</Name>
              <SequencePoints />
              <BranchPoints />
              <MethodPoint vc="5653" uspid="22" ordinal="0" offset="0" />
            </Method>
            <Method visited="true" cyclomaticComplexity="1" sequenceCoverage="0" branchCoverage="0" isConstructor="false" isStatic="false" isGetter="false" isSetter="true">
              <Summary numSequencePoints="0" visitedSequencePoints="0" numBranchPoints="0" visitedBranchPoints="0" sequenceCoverage="0" branchCoverage="0" maxCyclomaticComplexity="1" minCyclomaticComplexity="1" visitedClasses="0" numClasses="0" visitedMethods="0" numMethods="0" />
              <MetadataToken>100663322</MetadataToken>
              <Name>System.Void JeremyAnsel.ColorQuant.ColorQuantizerResult::set_Bytes(System.Byte[])</Name>
              <SequencePoints />
              <BranchPoints />
              <MethodPoint vc="15" uspid="23" ordinal="0" offset="0" />
            </Method>
            <Method visited="true" cyclomaticComplexity="4" sequenceCoverage="100" branchCoverage="100" isConstructor="true" isStatic="false" isGetter="false" isSetter="false">
              <Summary numSequencePoints="8" visitedSequencePoints="8" numBranchPoints="7" visitedBranchPoints="7" sequenceCoverage="100" branchCoverage="100" maxCyclomaticComplexity="4" minCyclomaticComplexity="4" visitedClasses="0" numClasses="0" visitedMethods="1" numMethods="1" />
              <MetadataToken>100663318</MetadataToken>
              <Name>System.Void JeremyAnsel.ColorQuant.ColorQuantizerResult::.ctor(System.Int32,System.Int32)</Name>
              <FileRef uid="1" />
              <SequencePoints>
                <SequencePoint vc="18" uspid="24" ordinal="0" offset="0" sl="23" sc="9" el="23" ec="62" bec="0" bev="0" fileid="1" />
                <SequencePoint vc="18" uspid="25" ordinal="1" offset="6" sl="25" sc="13" el="25" ec="26" bec="2" bev="2" fileid="1" />
                <SequencePoint vc="1" uspid="26" ordinal="2" offset="10" sl="27" sc="17" el="27" ec="63" bec="0" bev="0" fileid="1" />
                <SequencePoint vc="17" uspid="27" ordinal="3" offset="21" sl="30" sc="13" el="30" ec="52" bec="3" bev="3" fileid="1" />
                <SequencePoint vc="2" uspid="28" ordinal="4" offset="33" sl="32" sc="17" el="32" ec="69" bec="0" bev="0" fileid="1" />
                <SequencePoint vc="15" uspid="29" ordinal="5" offset="44" sl="35" sc="13" el="35" ec="53" bec="0" bev="0" fileid="1" />
                <SequencePoint vc="15" uspid="30" ordinal="6" offset="58" sl="36" sc="13" el="36" ec="41" bec="0" bev="0" fileid="1" />
                <SequencePoint vc="15" uspid="31" ordinal="7" offset="70" sl="37" sc="9" el="37" ec="10" bec="0" bev="0" fileid="1" />
              </SequencePoints>
              <BranchPoints>
                <BranchPoint vc="1" uspid="32" ordinal="0" offset="8" sl="25" path="0" offsetend="10" fileid="1" />
                <BranchPoint vc="17" uspid="33" ordinal="1" offset="8" sl="25" path="1" offsetend="21" fileid="1" />
                <BranchPoint vc="16" uspid="34" ordinal="2" offset="23" sl="30" path="0" offsetend="25" fileid="1" />
                <BranchPoint vc="2" uspid="35" ordinal="3" offset="23" sl="30" path="1" offsetend="33" fileid="1" />
                <BranchPoint vc="1" uspid="36" ordinal="4" offset="31" sl="30" path="0" offsetend="33" fileid="1" />
                <BranchPoint vc="15" uspid="37" ordinal="5" offset="31" sl="30" path="1" offsetend="44" fileid="1" />
              </BranchPoints>
              <MethodPoint xsi:type="SequencePoint" vc="18" uspid="24" ordinal="0" offset="0" sl="23" sc="9" el="23" ec="62" bec="0" bev="0" fileid="1" />
            </Method>
          </Methods>
        </Class>
        <Class>
          <Summary numSequencePoints="276" visitedSequencePoints="269" numBranchPoints="105" visitedBranchPoints="98" sequenceCoverage="97.46" branchCoverage="93.33" maxCyclomaticComplexity="16" minCyclomaticComplexity="1" visitedClasses="1" numClasses="1" visitedMethods="16" numMethods="16" />
          <FullName>JeremyAnsel.ColorQuant.WuAlphaColorQuantizer</FullName>
          <Methods>
            <Method visited="true" cyclomaticComplexity="1" sequenceCoverage="100" branchCoverage="100" isConstructor="false" isStatic="false" isGetter="false" isSetter="false">
              <Summary numSequencePoints="1" visitedSequencePoints="1" numBranchPoints="1" visitedBranchPoints="1" sequenceCoverage="100" branchCoverage="100" maxCyclomaticComplexity="1" minCyclomaticComplexity="1" visitedClasses="0" numClasses="0" visitedMethods="1" numMethods="1" />
              <MetadataToken>100663323</MetadataToken>
              <Name>JeremyAnsel.ColorQuant.ColorQuantizerResult JeremyAnsel.ColorQuant.WuAlphaColorQuantizer::Quantize(System.Byte[])</Name>
              <FileRef uid="2" />
              <SequencePoints>
                <SequencePoint vc="9" uspid="38" ordinal="0" offset="0" sl="100" sc="13" el="100" ec="46" bec="0" bev="0" fileid="2" />
              </SequencePoints>
              <BranchPoints />
              <MethodPoint xsi:type="SequencePoint" vc="9" uspid="38" ordinal="0" offset="0" sl="100" sc="13" el="100" ec="46" bec="0" bev="0" fileid="2" />
            </Method>
            <Method visited="true" cyclomaticComplexity="4" sequenceCoverage="100" branchCoverage="100" isConstructor="false" isStatic="false" isGetter="false" isSetter="false">
              <Summary numSequencePoints="9" visitedSequencePoints="9" numBranchPoints="7" visitedBranchPoints="7" sequenceCoverage="100" branchCoverage="100" maxCyclomaticComplexity="4" minCyclomaticComplexity="4" visitedClasses="0" numClasses="0" visitedMethods="1" numMethods="1" />
              <MetadataToken>100663324</MetadataToken>
              <Name>JeremyAnsel.ColorQuant.ColorQuantizerResult JeremyAnsel.ColorQuant.WuAlphaColorQuantizer::Quantize(System.Byte[],System.Int32)</Name>
              <FileRef uid="2" />
              <SequencePoints>
                <SequencePoint vc="12" uspid="39" ordinal="0" offset="0" sl="111" sc="13" el="111" ec="31" bec="2" bev="2" fileid="2" />
                <SequencePoint vc="2" uspid="40" ordinal="1" offset="3" sl="113" sc="17" el="113" ec="58" bec="0" bev="0" fileid="2" />
                <SequencePoint vc="10" uspid="41" ordinal="2" offset="14" sl="116" sc="13" el="116" ec="52" bec="3" bev="3" fileid="2" />
                <SequencePoint vc="2" uspid="42" ordinal="3" offset="26" sl="118" sc="17" el="118" ec="69" bec="0" bev="0" fileid="2" />
                <SequencePoint vc="8" uspid="43" ordinal="4" offset="37" sl="121" sc="13" el="121" ec="26" bec="0" bev="0" fileid="2" />
                <SequencePoint vc="8" uspid="44" ordinal="5" offset="43" sl="123" sc="13" el="123" ec="42" bec="0" bev="0" fileid="2" />
                <SequencePoint vc="8" uspid="45" ordinal="6" offset="50" sl="124" sc="13" el="124" ec="33" bec="0" bev="0" fileid="2" />
                <SequencePoint vc="8" uspid="46" ordinal="7" offset="56" sl="127" sc="13" el="127" ec="54" bec="0" bev="0" fileid="2" />
                <SequencePoint vc="8" uspid="47" ordinal="8" offset="66" sl="129" sc="13" el="129" ec="65" bec="0" bev="0" fileid="2" />
              </SequencePoints>
              <BranchPoints>
                <BranchPoint vc="2" uspid="48" ordinal="0" offset="1" sl="111" path="0" offsetend="3" fileid="2" />
                <BranchPoint vc="10" uspid="49" ordinal="1" offset="1" sl="111" path="1" offsetend="14" fileid="2" />
                <BranchPoint vc="9" uspid="50" ordinal="2" offset="16" sl="116" path="0" offsetend="18" fileid="2" />
                <BranchPoint vc="2" uspid="51" ordinal="3" offset="16" sl="116" path="1" offsetend="26" fileid="2" />
                <BranchPoint vc="1" uspid="52" ordinal="4" offset="24" sl="116" path="0" offsetend="26" fileid="2" />
                <BranchPoint vc="8" uspid="53" ordinal="5" offset="24" sl="116" path="1" offsetend="37" fileid="2" />
              </BranchPoints>
              <MethodPoint xsi:type="SequencePoint" vc="12" uspid="39" ordinal="0" offset="0" sl="111" sc="13" el="111" ec="31" bec="2" bev="2" fileid="2" />
            </Method>
            <Method visited="true" cyclomaticComplexity="1" sequenceCoverage="100" branchCoverage="100" isConstructor="false" isStatic="true" isGetter="false" isSetter="false">
              <Summary numSequencePoints="1" visitedSequencePoints="1" numBranchPoints="1" visitedBranchPoints="1" sequenceCoverage="100" branchCoverage="100" maxCyclomaticComplexity="1" minCyclomaticComplexity="1" visitedClasses="0" numClasses="0" visitedMethods="1" numMethods="1" />
              <MetadataToken>100663325</MetadataToken>
              <Name>System.Int32 JeremyAnsel.ColorQuant.WuAlphaColorQuantizer::GetIndex(System.Int32,System.Int32,System.Int32,System.Int32)</Name>
              <FileRef uid="2" />
              <SequencePoints>
                <SequencePoint vc="54193476" uspid="54" ordinal="0" offset="0" sl="142" sc="13" el="149" ec="33" bec="0" bev="0" fileid="2" />
              </SequencePoints>
              <BranchPoints />
              <MethodPoint xsi:type="SequencePoint" vc="54193476" uspid="54" ordinal="0" offset="0" sl="142" sc="13" el="149" ec="33" bec="0" bev="0" fileid="2" />
            </Method>
            <Method visited="true" cyclomaticComplexity="1" sequenceCoverage="100" branchCoverage="100" isConstructor="false" isStatic="true" isGetter="false" isSetter="false">
              <Summary numSequencePoints="1" visitedSequencePoints="1" numBranchPoints="1" visitedBranchPoints="1" sequenceCoverage="100" branchCoverage="100" maxCyclomaticComplexity="1" minCyclomaticComplexity="1" visitedClasses="0" numClasses="0" visitedMethods="1" numMethods="1" />
              <MetadataToken>100663326</MetadataToken>
              <Name>System.Double JeremyAnsel.ColorQuant.WuAlphaColorQuantizer::Volume(JeremyAnsel.ColorQuant.Box,System.Int64[])</Name>
              <FileRef uid="2" />
              <SequencePoints>
                <SequencePoint vc="11645" uspid="55" ordinal="0" offset="0" sl="160" sc="13" el="175" ec="94" bec="0" bev="0" fileid="2" />
              </SequencePoints>
              <BranchPoints />
              <MethodPoint xsi:type="SequencePoint" vc="11645" uspid="55" ordinal="0" offset="0" sl="160" sc="13" el="175" ec="94" bec="0" bev="0" fileid="2" />
            </Method>
            <Method visited="true" cyclomaticComplexity="6" sequenceCoverage="83.33" branchCoverage="83.33" isConstructor="false" isStatic="true" isGetter="false" isSetter="false">
              <Summary numSequencePoints="6" visitedSequencePoints="5" numBranchPoints="6" visitedBranchPoints="5" sequenceCoverage="83.33" branchCoverage="83.33" maxCyclomaticComplexity="6" minCyclomaticComplexity="6" visitedClasses="0" numClasses="0" visitedMethods="1" numMethods="1" />
              <MetadataToken>100663327</MetadataToken>
              <Name>System.Int64 JeremyAnsel.ColorQuant.WuAlphaColorQuantizer::Bottom(JeremyAnsel.ColorQuant.Box,System.Int32,System.Int64[])</Name>
              <FileRef uid="2" />
              <SequencePoints>
                <SequencePoint vc="15600" uspid="56" ordinal="0" offset="0" sl="187" sc="13" el="187" ec="31" bec="5" bev="4" fileid="2" />
                <SequencePoint vc="3900" uspid="57" ordinal="1" offset="29" sl="191" sc="21" el="198" ec="102" bec="0" bev="0" fileid="2" />
                <SequencePoint vc="3900" uspid="58" ordinal="2" offset="286" sl="202" sc="21" el="209" ec="102" bec="0" bev="0" fileid="2" />
                <SequencePoint vc="3900" uspid="59" ordinal="3" offset="543" sl="213" sc="21" el="220" ec="102" bec="0" bev="0" fileid="2" />
                <SequencePoint vc="3900" uspid="60" ordinal="4" offset="800" sl="224" sc="21" el="231" ec="102" bec="0" bev="0" fileid="2" />
                <SequencePoint vc="0" uspid="61" ordinal="5" offset="1057" sl="234" sc="21" el="234" ec="72" bec="0" bev="0" fileid="2" />
              </SequencePoints>
              <BranchPoints>
                <BranchPoint vc="0" uspid="62" ordinal="0" offset="3" sl="187" path="0" offsetchain="24" offsetend="1057" fileid="2" />
                <BranchPoint vc="3900" uspid="63" ordinal="1" offset="3" sl="187" path="1" offsetend="800" fileid="2" />
                <BranchPoint vc="3900" uspid="64" ordinal="2" offset="3" sl="187" path="2" offsetend="543" fileid="2" />
                <BranchPoint vc="3900" uspid="65" ordinal="3" offset="3" sl="187" path="3" offsetend="286" fileid="2" />
                <BranchPoint vc="3900" uspid="66" ordinal="4" offset="3" sl="187" path="4" offsetend="29" fileid="2" />
              </BranchPoints>
              <MethodPoint xsi:type="SequencePoint" vc="15600" uspid="56" ordinal="0" offset="0" sl="187" sc="13" el="187" ec="31" bec="5" bev="4" fileid="2" />
            </Method>
            <Method visited="true" cyclomaticComplexity="6" sequenceCoverage="83.33" branchCoverage="83.33" isConstructor="false" isStatic="true" isGetter="false" isSetter="false">
              <Summary numSequencePoints="6" visitedSequencePoints="5" numBranchPoints="6" visitedBranchPoints="5" sequenceCoverage="83.33" branchCoverage="83.33" maxCyclomaticComplexity="6" minCyclomaticComplexity="6" visitedClasses="0" numClasses="0" visitedMethods="1" numMethods="1" />
              <MetadataToken>100663328</MetadataToken>
              <Name>System.Int64 JeremyAnsel.ColorQuant.WuAlphaColorQuantizer::Top(JeremyAnsel.ColorQuant.Box,System.Int32,System.Int32,System.Int64[])</Name>
              <FileRef uid="2" />
              <SequencePoints>
                <SequencePoint vc="441400" uspid="67" ordinal="0" offset="0" sl="248" sc="13" el="248" ec="31" bec="5" bev="4" fileid="2" />
                <SequencePoint vc="110340" uspid="68" ordinal="1" offset="29" sl="252" sc="21" el="259" ec="103" bec="0" bev="0" fileid="2" />
                <SequencePoint vc="151620" uspid="69" ordinal="2" offset="245" sl="263" sc="21" el="270" ec="103" bec="0" bev="0" fileid="2" />
                <SequencePoint vc="157380" uspid="70" ordinal="3" offset="461" sl="274" sc="21" el="281" ec="103" bec="0" bev="0" fileid="2" />
                <SequencePoint vc="22060" uspid="71" ordinal="4" offset="677" sl="285" sc="21" el="292" ec="103" bec="0" bev="0" fileid="2" />
                <SequencePoint vc="0" uspid="72" ordinal="5" offset="893" sl="295" sc="21" el="295" ec="72" bec="0" bev="0" fileid="2" />
              </SequencePoints>
              <BranchPoints>
                <BranchPoint vc="0" uspid="73" ordinal="0" offset="3" sl="248" path="0" offsetchain="24" offsetend="893" fileid="2" />
                <BranchPoint vc="22060" uspid="74" ordinal="1" offset="3" sl="248" path="1" offsetend="677" fileid="2" />
                <BranchPoint vc="157380" uspid="75" ordinal="2" offset="3" sl="248" path="2" offsetend="461" fileid="2" />
                <BranchPoint vc="151620" uspid="76" ordinal="3" offset="3" sl="248" path="3" offsetend="245" fileid="2" />
                <BranchPoint vc="110340" uspid="77" ordinal="4" offset="3" sl="248" path="4" offsetend="29" fileid="2" />
              </BranchPoints>
              <MethodPoint xsi:type="SequencePoint" vc="441400" uspid="67" ordinal="0" offset="0" sl="248" sc="13" el="248" ec="31" bec="5" bev="4" fileid="2" />
            </Method>
            <Method visited="true" cyclomaticComplexity="1" sequenceCoverage="100" branchCoverage="100" isConstructor="false" isStatic="false" isGetter="false" isSetter="false">
              <Summary numSequencePoints="8" visitedSequencePoints="8" numBranchPoints="1" visitedBranchPoints="1" sequenceCoverage="100" branchCoverage="100" maxCyclomaticComplexity="1" minCyclomaticComplexity="1" visitedClasses="0" numClasses="0" visitedMethods="1" numMethods="1" />
              <MetadataToken>100663329</MetadataToken>
              <Name>System.Void JeremyAnsel.ColorQuant.WuAlphaColorQuantizer::Clear()</Name>
              <FileRef uid="2" />
              <SequencePoints>
                <SequencePoint vc="8" uspid="78" ordinal="0" offset="0" sl="304" sc="13" el="304" ec="73" bec="0" bev="0" fileid="2" />
                <SequencePoint vc="8" uspid="79" ordinal="1" offset="17" sl="305" sc="13" el="305" ec="73" bec="0" bev="0" fileid="2" />
                <SequencePoint vc="8" uspid="80" ordinal="2" offset="34" sl="306" sc="13" el="306" ec="73" bec="0" bev="0" fileid="2" />
                <SequencePoint vc="8" uspid="81" ordinal="3" offset="51" sl="307" sc="13" el="307" ec="73" bec="0" bev="0" fileid="2" />
                <SequencePoint vc="8" uspid="82" ordinal="4" offset="68" sl="308" sc="13" el="308" ec="73" bec="0" bev="0" fileid="2" />
                <SequencePoint vc="8" uspid="83" ordinal="5" offset="85" sl="309" sc="13" el="309" ec="72" bec="0" bev="0" fileid="2" />
                <SequencePoint vc="8" uspid="84" ordinal="6" offset="102" sl="311" sc="13" el="311" ec="73" bec="0" bev="0" fileid="2" />
                <SequencePoint vc="8" uspid="85" ordinal="7" offset="119" sl="312" sc="9" el="312" ec="10" bec="0" bev="0" fileid="2" />
              </SequencePoints>
              <BranchPoints />
              <MethodPoint xsi:type="SequencePoint" vc="8" uspid="78" ordinal="0" offset="0" sl="304" sc="13" el="304" ec="73" bec="0" bev="0" fileid="2" />
            </Method>
            <Method visited="true" cyclomaticComplexity="2" sequenceCoverage="100" branchCoverage="100" isConstructor="false" isStatic="false" isGetter="false" isSetter="false">
              <Summary numSequencePoints="19" visitedSequencePoints="19" numBranchPoints="3" visitedBranchPoints="3" sequenceCoverage="100" branchCoverage="100" maxCyclomaticComplexity="2" minCyclomaticComplexity="2" visitedClasses="0" numClasses="0" visitedMethods="1" numMethods="1" />
              <MetadataToken>100663330</MetadataToken>
              <Name>System.Void JeremyAnsel.ColorQuant.WuAlphaColorQuantizer::Build3DHistogram(System.Byte[])</Name>
              <FileRef uid="2" />
              <SequencePoints>
                <SequencePoint vc="8" uspid="86" ordinal="0" offset="0" sl="320" sc="18" el="320" ec="28" bec="0" bev="0" fileid="2" />
                <SequencePoint vc="1538" uspid="87" ordinal="1" offset="7" sl="322" sc="17" el="322" ec="38" bec="0" bev="0" fileid="2" />
                <SequencePoint vc="1538" uspid="88" ordinal="2" offset="13" sl="323" sc="17" el="323" ec="38" bec="0" bev="0" fileid="2" />
                <SequencePoint vc="1538" uspid="89" ordinal="3" offset="19" sl="324" sc="17" el="324" ec="38" bec="0" bev="0" fileid="2" />
                <SequencePoint vc="1538" uspid="90" ordinal="4" offset="25" sl="325" sc="17" el="325" ec="34" bec="0" bev="0" fileid="2" />
                <SequencePoint vc="1538" uspid="91" ordinal="5" offset="30" sl="327" sc="17" el="327" ec="70" bec="0" bev="0" fileid="2" />
                <SequencePoint vc="1538" uspid="92" ordinal="6" offset="35" sl="328" sc="17" el="328" ec="70" bec="0" bev="0" fileid="2" />
                <SequencePoint vc="1538" uspid="93" ordinal="7" offset="40" sl="329" sc="17" el="329" ec="70" bec="0" bev="0" fileid="2" />
                <SequencePoint vc="1538" uspid="94" ordinal="8" offset="46" sl="330" sc="17" el="330" ec="75" bec="0" bev="0" fileid="2" />
                <SequencePoint vc="1538" uspid="95" ordinal="9" offset="51" sl="332" sc="17" el="332" ec="94" bec="0" bev="0" fileid="2" />
                <SequencePoint vc="1538" uspid="96" ordinal="10" offset="74" sl="334" sc="17" el="334" ec="33" bec="0" bev="0" fileid="2" />
                <SequencePoint vc="1538" uspid="97" ordinal="11" offset="101" sl="335" sc="17" el="335" ec="36" bec="0" bev="0" fileid="2" />
                <SequencePoint vc="1538" uspid="98" ordinal="12" offset="128" sl="336" sc="17" el="336" ec="36" bec="0" bev="0" fileid="2" />
                <SequencePoint vc="1538" uspid="99" ordinal="13" offset="155" sl="337" sc="17" el="337" ec="36" bec="0" bev="0" fileid="2" />
                <SequencePoint vc="1538" uspid="100" ordinal="14" offset="183" sl="338" sc="17" el="338" ec="36" bec="0" bev="0" fileid="2" />
                <SequencePoint vc="1538" uspid="101" ordinal="15" offset="210" sl="339" sc="17" el="339" ec="71" bec="0" bev="0" fileid="2" />
                <SequencePoint vc="1538" uspid="102" ordinal="16" offset="253" sl="320" sc="47" el="320" ec="53" bec="0" bev="0" fileid="2" />
                <SequencePoint vc="1546" uspid="103" ordinal="17" offset="257" sl="320" sc="29" el="320" ec="45" bec="2" bev="2" fileid="2" />
                <SequencePoint vc="8" uspid="104" ordinal="18" offset="266" sl="341" sc="9" el="341" ec="10" bec="0" bev="0" fileid="2" />
              </SequencePoints>
              <BranchPoints>
                <BranchPoint vc="8" uspid="105" ordinal="0" offset="261" sl="320" path="0" offsetend="266" fileid="2" />
                <BranchPoint vc="1538" uspid="106" ordinal="1" offset="261" sl="320" path="1" offsetend="7" fileid="2" />
              </BranchPoints>
              <MethodPoint xsi:type="SequencePoint" vc="8" uspid="86" ordinal="0" offset="0" sl="320" sc="18" el="320" ec="28" bec="0" bev="0" fileid="2" />
            </Method>
            <Method visited="true" cyclomaticComplexity="5" sequenceCoverage="100" branchCoverage="100" isConstructor="false" isStatic="false" isGetter="false" isSetter="false">
              <Summary numSequencePoints="70" visitedSequencePoints="70" numBranchPoints="9" visitedBranchPoints="9" sequenceCoverage="100" branchCoverage="100" maxCyclomaticComplexity="5" minCyclomaticComplexity="5" visitedClasses="0" numClasses="0" visitedMethods="1" numMethods="1" />
              <MetadataToken>100663331</MetadataToken>
              <Name>System.Void JeremyAnsel.ColorQuant.WuAlphaColorQuantizer::Get3DMoments()</Name>
              <FileRef uid="2" />
              <SequencePoints>
                <SequencePoint vc="8" uspid="107" ordinal="0" offset="0" sl="349" sc="13" el="349" ec="112" bec="0" bev="0" fileid="2" />
                <SequencePoint vc="8" uspid="108" ordinal="1" offset="11" sl="350" sc="13" el="350" ec="113" bec="0" bev="0" fileid="2" />
                <SequencePoint vc="8" uspid="109" ordinal="2" offset="22" sl="351" sc="13" el="351" ec="113" bec="0" bev="0" fileid="2" />
                <SequencePoint vc="8" uspid="110" ordinal="3" offset="33" sl="352" sc="13" el="352" ec="113" bec="0" bev="0" fileid="2" />
                <SequencePoint vc="8" uspid="111" ordinal="4" offset="44" sl="353" sc="13" el="353" ec="113" bec="0" bev="0" fileid="2" />
                <SequencePoint vc="8" uspid="112" ordinal="5" offset="56" sl="354" sc="13" el="354" ec="117" bec="0" bev="0" fileid="2" />
                <SequencePoint vc="8" uspid="113" ordinal="6" offset="68" sl="356" sc="13" el="356" ec="75" bec="0" bev="0" fileid="2" />
                <SequencePoint vc="8" uspid="114" ordinal="7" offset="77" sl="357" sc="13" el="357" ec="76" bec="0" bev="0" fileid="2" />
                <SequencePoint vc="8" uspid="115" ordinal="8" offset="86" sl="358" sc="13" el="358" ec="76" bec="0" bev="0" fileid="2" />
                <SequencePoint vc="8" uspid="116" ordinal="9" offset="95" sl="359" sc="13" el="359" ec="76" bec="0" bev="0" fileid="2" />
                <SequencePoint vc="8" uspid="117" ordinal="10" offset="104" sl="360" sc="13" el="360" ec="76" bec="0" bev="0" fileid="2" />
                <SequencePoint vc="8" uspid="118" ordinal="11" offset="113" sl="361" sc="13" el="361" ec="80" bec="0" bev="0" fileid="2" />
                <SequencePoint vc="8" uspid="119" ordinal="12" offset="122" sl="363" sc="18" el="363" ec="28" bec="0" bev="0" fileid="2" />
                <SequencePoint vc="512" uspid="120" ordinal="13" offset="130" sl="365" sc="17" el="365" ec="114" bec="0" bev="0" fileid="2" />
                <SequencePoint vc="512" uspid="121" ordinal="14" offset="142" sl="366" sc="17" el="366" ec="115" bec="0" bev="0" fileid="2" />
                <SequencePoint vc="512" uspid="122" ordinal="15" offset="154" sl="367" sc="17" el="367" ec="115" bec="0" bev="0" fileid="2" />
                <SequencePoint vc="512" uspid="123" ordinal="16" offset="166" sl="368" sc="17" el="368" ec="115" bec="0" bev="0" fileid="2" />
                <SequencePoint vc="512" uspid="124" ordinal="17" offset="178" sl="369" sc="17" el="369" ec="115" bec="0" bev="0" fileid="2" />
                <SequencePoint vc="512" uspid="125" ordinal="18" offset="191" sl="370" sc="17" el="370" ec="115" bec="0" bev="0" fileid="2" />
                <SequencePoint vc="512" uspid="126" ordinal="19" offset="204" sl="372" sc="22" el="372" ec="32" bec="0" bev="0" fileid="2" />
                <SequencePoint vc="32768" uspid="127" ordinal="20" offset="212" sl="374" sc="21" el="374" ec="81" bec="0" bev="0" fileid="2" />
                <SequencePoint vc="32768" uspid="128" ordinal="21" offset="222" sl="375" sc="21" el="375" ec="82" bec="0" bev="0" fileid="2" />
                <SequencePoint vc="32768" uspid="129" ordinal="22" offset="232" sl="376" sc="21" el="376" ec="82" bec="0" bev="0" fileid="2" />
                <SequencePoint vc="32768" uspid="130" ordinal="23" offset="242" sl="377" sc="21" el="377" ec="82" bec="0" bev="0" fileid="2" />
                <SequencePoint vc="32768" uspid="131" ordinal="24" offset="252" sl="378" sc="21" el="378" ec="82" bec="0" bev="0" fileid="2" />
                <SequencePoint vc="32768" uspid="132" ordinal="25" offset="262" sl="379" sc="21" el="379" ec="82" bec="0" bev="0" fileid="2" />
                <SequencePoint vc="32768" uspid="133" ordinal="26" offset="272" sl="381" sc="26" el="381" ec="36" bec="0" bev="0" fileid="2" />
                <SequencePoint vc="2097152" uspid="134" ordinal="27" offset="280" sl="383" sc="25" el="383" ec="39" bec="0" bev="0" fileid="2" />
                <SequencePoint vc="2097152" uspid="135" ordinal="28" offset="284" sl="384" sc="25" el="384" ec="40" bec="0" bev="0" fileid="2" />
                <SequencePoint vc="2097152" uspid="136" ordinal="29" offset="288" sl="385" sc="25" el="385" ec="40" bec="0" bev="0" fileid="2" />
                <SequencePoint vc="2097152" uspid="137" ordinal="30" offset="292" sl="386" sc="25" el="386" ec="40" bec="0" bev="0" fileid="2" />
                <SequencePoint vc="2097152" uspid="138" ordinal="31" offset="296" sl="387" sc="25" el="387" ec="40" bec="0" bev="0" fileid="2" />
                <SequencePoint vc="2097152" uspid="139" ordinal="32" offset="300" sl="388" sc="25" el="388" ec="42" bec="0" bev="0" fileid="2" />
                <SequencePoint vc="2097152" uspid="140" ordinal="33" offset="311" sl="390" sc="30" el="390" ec="40" bec="0" bev="0" fileid="2" />
                <SequencePoint vc="16777216" uspid="141" ordinal="34" offset="319" sl="392" sc="29" el="392" ec="83" bec="0" bev="0" fileid="2" />
                <SequencePoint vc="16777216" uspid="142" ordinal="35" offset="334" sl="394" sc="29" el="394" ec="52" bec="0" bev="0" fileid="2" />
                <SequencePoint vc="16777216" uspid="143" ordinal="36" offset="348" sl="395" sc="29" el="395" ec="53" bec="0" bev="0" fileid="2" />
                <SequencePoint vc="16777216" uspid="144" ordinal="37" offset="362" sl="396" sc="29" el="396" ec="53" bec="0" bev="0" fileid="2" />
                <SequencePoint vc="16777216" uspid="145" ordinal="38" offset="376" sl="397" sc="29" el="397" ec="53" bec="0" bev="0" fileid="2" />
                <SequencePoint vc="16777216" uspid="146" ordinal="39" offset="390" sl="398" sc="29" el="398" ec="53" bec="0" bev="0" fileid="2" />
                <SequencePoint vc="16777216" uspid="147" ordinal="40" offset="404" sl="399" sc="29" el="399" ec="52" bec="0" bev="0" fileid="2" />
                <SequencePoint vc="16777216" uspid="148" ordinal="41" offset="418" sl="401" sc="29" el="401" ec="45" bec="0" bev="0" fileid="2" />
                <SequencePoint vc="16777216" uspid="149" ordinal="42" offset="441" sl="402" sc="29" el="402" ec="47" bec="0" bev="0" fileid="2" />
                <SequencePoint vc="16777216" uspid="150" ordinal="43" offset="464" sl="403" sc="29" el="403" ec="47" bec="0" bev="0" fileid="2" />
                <SequencePoint vc="16777216" uspid="151" ordinal="44" offset="487" sl="404" sc="29" el="404" ec="47" bec="0" bev="0" fileid="2" />
                <SequencePoint vc="16777216" uspid="152" ordinal="45" offset="510" sl="405" sc="29" el="405" ec="47" bec="0" bev="0" fileid="2" />
                <SequencePoint vc="16777216" uspid="153" ordinal="46" offset="533" sl="406" sc="29" el="406" ec="47" bec="0" bev="0" fileid="2" />
                <SequencePoint vc="16777216" uspid="154" ordinal="47" offset="556" sl="408" sc="29" el="408" ec="87" bec="0" bev="0" fileid="2" />
                <SequencePoint vc="16777216" uspid="155" ordinal="48" offset="566" sl="410" sc="29" el="410" ec="52" bec="0" bev="0" fileid="2" />
                <SequencePoint vc="16777216" uspid="156" ordinal="49" offset="591" sl="411" sc="29" el="411" ec="54" bec="0" bev="0" fileid="2" />
                <SequencePoint vc="16777216" uspid="157" ordinal="50" offset="616" sl="412" sc="29" el="412" ec="54" bec="0" bev="0" fileid="2" />
                <SequencePoint vc="16777216" uspid="158" ordinal="51" offset="641" sl="413" sc="29" el="413" ec="54" bec="0" bev="0" fileid="2" />
                <SequencePoint vc="16777216" uspid="159" ordinal="52" offset="666" sl="414" sc="29" el="414" ec="54" bec="0" bev="0" fileid="2" />
                <SequencePoint vc="16777216" uspid="160" ordinal="53" offset="692" sl="415" sc="29" el="415" ec="54" bec="0" bev="0" fileid="2" />
                <SequencePoint vc="16777216" uspid="161" ordinal="54" offset="718" sl="417" sc="29" el="417" ec="90" bec="0" bev="0" fileid="2" />
                <SequencePoint vc="16777216" uspid="162" ordinal="55" offset="732" sl="419" sc="29" el="419" ec="75" bec="0" bev="0" fileid="2" />
                <SequencePoint vc="16777216" uspid="163" ordinal="56" offset="755" sl="420" sc="29" el="420" ec="76" bec="0" bev="0" fileid="2" />
                <SequencePoint vc="16777216" uspid="164" ordinal="57" offset="778" sl="421" sc="29" el="421" ec="76" bec="0" bev="0" fileid="2" />
                <SequencePoint vc="16777216" uspid="165" ordinal="58" offset="801" sl="422" sc="29" el="422" ec="76" bec="0" bev="0" fileid="2" />
                <SequencePoint vc="16777216" uspid="166" ordinal="59" offset="824" sl="423" sc="29" el="423" ec="76" bec="0" bev="0" fileid="2" />
                <SequencePoint vc="16777216" uspid="167" ordinal="60" offset="848" sl="424" sc="29" el="424" ec="74" bec="0" bev="0" fileid="2" />
                <SequencePoint vc="16777216" uspid="168" ordinal="61" offset="872" sl="390" sc="84" el="390" ec="87" bec="0" bev="0" fileid="2" />
                <SequencePoint vc="18874368" uspid="169" ordinal="62" offset="878" sl="390" sc="41" el="390" ec="82" bec="2" bev="2" fileid="2" />
                <SequencePoint vc="2097152" uspid="170" ordinal="63" offset="887" sl="381" sc="75" el="381" ec="78" bec="0" bev="0" fileid="2" />
                <SequencePoint vc="2129920" uspid="171" ordinal="64" offset="893" sl="381" sc="37" el="381" ec="73" bec="2" bev="2" fileid="2" />
                <SequencePoint vc="32768" uspid="172" ordinal="65" offset="902" sl="372" sc="71" el="372" ec="74" bec="0" bev="0" fileid="2" />
                <SequencePoint vc="33280" uspid="173" ordinal="66" offset="908" sl="372" sc="33" el="372" ec="69" bec="2" bev="2" fileid="2" />
                <SequencePoint vc="512" uspid="174" ordinal="67" offset="917" sl="363" sc="67" el="363" ec="70" bec="0" bev="0" fileid="2" />
                <SequencePoint vc="520" uspid="175" ordinal="68" offset="923" sl="363" sc="29" el="363" ec="65" bec="2" bev="2" fileid="2" />
                <SequencePoint vc="8" uspid="176" ordinal="69" offset="932" sl="429" sc="9" el="429" ec="10" bec="0" bev="0" fileid="2" />
              </SequencePoints>
              <BranchPoints>
                <BranchPoint vc="2097152" uspid="177" ordinal="0" offset="882" sl="390" path="0" offsetend="887" fileid="2" />
                <BranchPoint vc="16777216" uspid="178" ordinal="1" offset="882" sl="390" path="1" offsetend="319" fileid="2" />
                <BranchPoint vc="32768" uspid="179" ordinal="2" offset="897" sl="381" path="0" offsetend="902" fileid="2" />
                <BranchPoint vc="2097152" uspid="180" ordinal="3" offset="897" sl="381" path="1" offsetend="280" fileid="2" />
                <BranchPoint vc="512" uspid="181" ordinal="4" offset="912" sl="372" path="0" offsetend="917" fileid="2" />
                <BranchPoint vc="32768" uspid="182" ordinal="5" offset="912" sl="372" path="1" offsetend="212" fileid="2" />
                <BranchPoint vc="8" uspid="183" ordinal="6" offset="927" sl="363" path="0" offsetend="932" fileid="2" />
                <BranchPoint vc="512" uspid="184" ordinal="7" offset="927" sl="363" path="1" offsetend="130" fileid="2" />
              </BranchPoints>
              <MethodPoint xsi:type="SequencePoint" vc="8" uspid="107" ordinal="0" offset="0" sl="349" sc="13" el="349" ec="112" bec="0" bev="0" fileid="2" />
            </Method>
            <Method visited="true" cyclomaticComplexity="1" sequenceCoverage="100" branchCoverage="100" isConstructor="false" isStatic="false" isGetter="false" isSetter="false">
              <Summary numSequencePoints="6" visitedSequencePoints="6" numBranchPoints="1" visitedBranchPoints="1" sequenceCoverage="100" branchCoverage="100" maxCyclomaticComplexity="1" minCyclomaticComplexity="1" visitedClasses="0" numClasses="0" visitedMethods="1" numMethods="1" />
              <MetadataToken>100663332</MetadataToken>
              <Name>System.Double JeremyAnsel.ColorQuant.WuAlphaColorQuantizer::Variance(JeremyAnsel.ColorQuant.Box)</Name>
              <FileRef uid="2" />
              <SequencePoints>
                <SequencePoint vc="1027" uspid="185" ordinal="0" offset="0" sl="438" sc="13" el="438" ec="70" bec="0" bev="0" fileid="2" />
                <SequencePoint vc="1027" uspid="186" ordinal="1" offset="13" sl="439" sc="13" el="439" ec="70" bec="0" bev="0" fileid="2" />
                <SequencePoint vc="1027" uspid="187" ordinal="2" offset="26" sl="440" sc="13" el="440" ec="70" bec="0" bev="0" fileid="2" />
                <SequencePoint vc="1027" uspid="188" ordinal="3" offset="39" sl="441" sc="13" el="441" ec="70" bec="0" bev="0" fileid="2" />
                <SequencePoint vc="1027" uspid="189" ordinal="4" offset="52" sl="443" sc="13" el="459" ec="95" bec="0" bev="0" fileid="2" />
                <SequencePoint vc="1027" uspid="190" ordinal="5" offset="645" sl="461" sc="13" el="461" ec="122" bec="0" bev="0" fileid="2" />
              </SequencePoints>
              <BranchPoints />
              <MethodPoint xsi:type="SequencePoint" vc="1027" uspid="185" ordinal="0" offset="0" sl="438" sc="13" el="438" ec="70" bec="0" bev="0" fileid="2" />
            </Method>
            <Method visited="true" cyclomaticComplexity="5" sequenceCoverage="100" branchCoverage="100" isConstructor="false" isStatic="false" isGetter="false" isSetter="false">
              <Summary numSequencePoints="28" visitedSequencePoints="28" numBranchPoints="9" visitedBranchPoints="9" sequenceCoverage="100" branchCoverage="100" maxCyclomaticComplexity="5" minCyclomaticComplexity="5" visitedClasses="0" numClasses="0" visitedMethods="1" numMethods="1" />
              <MetadataToken>100663333</MetadataToken>
              <Name>System.Double JeremyAnsel.ColorQuant.WuAlphaColorQuantizer::Maximize(JeremyAnsel.ColorQuant.Box,System.Int32,System.Int32,System.Int32,System.Int32&amp;,System.Double,System.Double,System.Double,System.Double,System.Double)</Name>
              <FileRef uid="2" />
              <SequencePoints>
                <SequencePoint vc="3120" uspid="191" ordinal="0" offset="0" sl="484" sc="13" el="484" ec="82" bec="0" bev="0" fileid="2" />
                <SequencePoint vc="3120" uspid="192" ordinal="1" offset="14" sl="485" sc="13" el="485" ec="82" bec="0" bev="0" fileid="2" />
                <SequencePoint vc="3120" uspid="193" ordinal="2" offset="28" sl="486" sc="13" el="486" ec="82" bec="0" bev="0" fileid="2" />
                <SequencePoint vc="3120" uspid="194" ordinal="3" offset="42" sl="487" sc="13" el="487" ec="82" bec="0" bev="0" fileid="2" />
                <SequencePoint vc="3120" uspid="195" ordinal="4" offset="56" sl="488" sc="13" el="488" ec="82" bec="0" bev="0" fileid="2" />
                <SequencePoint vc="3120" uspid="196" ordinal="5" offset="71" sl="490" sc="13" el="490" ec="30" bec="0" bev="0" fileid="2" />
                <SequencePoint vc="3120" uspid="197" ordinal="6" offset="82" sl="491" sc="13" el="491" ec="22" bec="0" bev="0" fileid="2" />
                <SequencePoint vc="3120" uspid="198" ordinal="7" offset="86" sl="493" sc="18" el="493" ec="32" bec="0" bev="0" fileid="2" />
                <SequencePoint vc="88280" uspid="199" ordinal="8" offset="94" sl="495" sc="17" el="495" ec="96" bec="0" bev="0" fileid="2" />
                <SequencePoint vc="88280" uspid="200" ordinal="9" offset="114" sl="496" sc="17" el="496" ec="96" bec="0" bev="0" fileid="2" />
                <SequencePoint vc="88280" uspid="201" ordinal="10" offset="134" sl="497" sc="17" el="497" ec="96" bec="0" bev="0" fileid="2" />
                <SequencePoint vc="88280" uspid="202" ordinal="11" offset="154" sl="498" sc="17" el="498" ec="96" bec="0" bev="0" fileid="2" />
                <SequencePoint vc="88280" uspid="203" ordinal="12" offset="174" sl="499" sc="17" el="499" ec="96" bec="0" bev="0" fileid="2" />
                <SequencePoint vc="88280" uspid="204" ordinal="13" offset="195" sl="501" sc="17" el="501" ec="32" bec="2" bev="2" fileid="2" />
                <SequencePoint vc="68061" uspid="205" ordinal="14" offset="208" sl="506" sc="17" el="506" ec="111" bec="0" bev="0" fileid="2" />
                <SequencePoint vc="68061" uspid="206" ordinal="15" offset="236" sl="508" sc="17" el="508" ec="40" bec="0" bev="0" fileid="2" />
                <SequencePoint vc="68061" uspid="207" ordinal="16" offset="243" sl="509" sc="17" el="509" ec="40" bec="0" bev="0" fileid="2" />
                <SequencePoint vc="68061" uspid="208" ordinal="17" offset="250" sl="510" sc="17" el="510" ec="40" bec="0" bev="0" fileid="2" />
                <SequencePoint vc="68061" uspid="209" ordinal="18" offset="257" sl="511" sc="17" el="511" ec="40" bec="0" bev="0" fileid="2" />
                <SequencePoint vc="68061" uspid="210" ordinal="19" offset="264" sl="512" sc="17" el="512" ec="40" bec="0" bev="0" fileid="2" />
                <SequencePoint vc="68061" uspid="211" ordinal="20" offset="271" sl="514" sc="17" el="514" ec="32" bec="2" bev="2" fileid="2" />
                <SequencePoint vc="7631" uspid="212" ordinal="21" offset="284" sl="519" sc="17" el="519" ec="105" bec="0" bev="0" fileid="2" />
                <SequencePoint vc="7631" uspid="213" ordinal="22" offset="315" sl="521" sc="17" el="521" ec="32" bec="2" bev="2" fileid="2" />
                <SequencePoint vc="1666" uspid="214" ordinal="23" offset="321" sl="523" sc="21" el="523" ec="32" bec="0" bev="0" fileid="2" />
                <SequencePoint vc="1666" uspid="215" ordinal="24" offset="325" sl="524" sc="21" el="524" ec="29" bec="0" bev="0" fileid="2" />
                <SequencePoint vc="88280" uspid="216" ordinal="25" offset="330" sl="493" sc="43" el="493" ec="46" bec="0" bev="0" fileid="2" />
                <SequencePoint vc="91400" uspid="217" ordinal="26" offset="336" sl="493" sc="33" el="493" ec="41" bec="2" bev="2" fileid="2" />
                <SequencePoint vc="3120" uspid="218" ordinal="27" offset="345" sl="528" sc="13" el="528" ec="24" bec="0" bev="0" fileid="2" />
              </SequencePoints>
              <BranchPoints>
                <BranchPoint vc="68061" uspid="219" ordinal="0" offset="206" sl="501" path="0" offsetend="208" fileid="2" />
                <BranchPoint vc="20219" uspid="220" ordinal="1" offset="206" sl="501" path="1" offsetend="330" fileid="2" />
                <BranchPoint vc="7631" uspid="221" ordinal="2" offset="282" sl="514" path="0" offsetend="284" fileid="2" />
                <BranchPoint vc="60430" uspid="222" ordinal="3" offset="282" sl="514" path="1" offsetend="330" fileid="2" />
                <BranchPoint vc="1666" uspid="223" ordinal="4" offset="319" sl="521" path="0" offsetend="321" fileid="2" />
                <BranchPoint vc="5965" uspid="224" ordinal="5" offset="319" sl="521" path="1" offsetend="330" fileid="2" />
                <BranchPoint vc="3120" uspid="225" ordinal="6" offset="340" sl="493" path="0" offsetend="345" fileid="2" />
                <BranchPoint vc="88280" uspid="226" ordinal="7" offset="340" sl="493" path="1" offsetend="94" fileid="2" />
              </BranchPoints>
              <MethodPoint xsi:type="SequencePoint" vc="3120" uspid="191" ordinal="0" offset="0" sl="484" sc="13" el="484" ec="82" bec="0" bev="0" fileid="2" />
            </Method>
            <Method visited="true" cyclomaticComplexity="16" sequenceCoverage="100" branchCoverage="92.31" isConstructor="false" isStatic="false" isGetter="false" isSetter="false">
              <Summary numSequencePoints="45" visitedSequencePoints="45" numBranchPoints="26" visitedBranchPoints="24" sequenceCoverage="100" branchCoverage="92.31" maxCyclomaticComplexity="16" minCyclomaticComplexity="16" visitedClasses="0" numClasses="0" visitedMethods="1" numMethods="1" />
              <MetadataToken>100663334</MetadataToken>
              <Name>System.Boolean JeremyAnsel.ColorQuant.WuAlphaColorQuantizer::Cut(JeremyAnsel.ColorQuant.Box,JeremyAnsel.ColorQuant.Box)</Name>
              <FileRef uid="2" />
              <SequencePoints>
                <SequencePoint vc="780" uspid="227" ordinal="0" offset="0" sl="539" sc="13" el="539" ec="74" bec="0" bev="0" fileid="2" />
                <SequencePoint vc="780" uspid="228" ordinal="1" offset="13" sl="540" sc="13" el="540" ec="74" bec="0" bev="0" fileid="2" />
                <SequencePoint vc="780" uspid="229" ordinal="2" offset="26" sl="541" sc="13" el="541" ec="74" bec="0" bev="0" fileid="2" />
                <SequencePoint vc="780" uspid="230" ordinal="3" offset="39" sl="542" sc="13" el="542" ec="74" bec="0" bev="0" fileid="2" />
                <SequencePoint vc="780" uspid="231" ordinal="4" offset="52" sl="543" sc="13" el="543" ec="74" bec="0" bev="0" fileid="2" />
                <SequencePoint vc="780" uspid="232" ordinal="5" offset="66" sl="550" sc="13" el="550" ec="122" bec="0" bev="0" fileid="2" />
                <SequencePoint vc="780" uspid="233" ordinal="6" offset="98" sl="551" sc="13" el="551" ec="122" bec="0" bev="0" fileid="2" />
                <SequencePoint vc="780" uspid="234" ordinal="7" offset="130" sl="552" sc="13" el="552" ec="122" bec="0" bev="0" fileid="2" />
                <SequencePoint vc="780" uspid="235" ordinal="8" offset="162" sl="553" sc="13" el="553" ec="122" bec="0" bev="0" fileid="2" />
                <SequencePoint vc="780" uspid="236" ordinal="9" offset="194" sl="557" sc="13" el="557" ec="68" bec="4" bev="4" fileid="2" />
                <SequencePoint vc="409" uspid="237" ordinal="10" offset="212" sl="559" sc="17" el="559" ec="25" bec="0" bev="0" fileid="2" />
                <SequencePoint vc="409" uspid="238" ordinal="11" offset="215" sl="561" sc="17" el="561" ec="30" bec="2" bev="2" fileid="2" />
                <SequencePoint vc="266" uspid="239" ordinal="12" offset="220" sl="563" sc="21" el="563" ec="34" bec="0" bev="0" fileid="2" />
                <SequencePoint vc="371" uspid="240" ordinal="13" offset="222" sl="566" sc="18" el="566" ec="73" bec="4" bev="4" fileid="2" />
                <SequencePoint vc="97" uspid="241" ordinal="14" offset="240" sl="568" sc="17" el="568" ec="25" bec="0" bev="0" fileid="2" />
                <SequencePoint vc="274" uspid="242" ordinal="15" offset="245" sl="570" sc="18" el="570" ec="73" bec="4" bev="4" fileid="2" />
                <SequencePoint vc="131" uspid="243" ordinal="16" offset="263" sl="572" sc="17" el="572" ec="25" bec="0" bev="0" fileid="2" />
                <SequencePoint vc="143" uspid="244" ordinal="17" offset="268" sl="576" sc="17" el="576" ec="25" bec="0" bev="0" fileid="2" />
                <SequencePoint vc="514" uspid="245" ordinal="18" offset="271" sl="579" sc="13" el="579" ec="31" bec="0" bev="0" fileid="2" />
                <SequencePoint vc="514" uspid="246" ordinal="19" offset="283" sl="580" sc="13" el="580" ec="31" bec="0" bev="0" fileid="2" />
                <SequencePoint vc="514" uspid="247" ordinal="20" offset="295" sl="581" sc="13" el="581" ec="31" bec="0" bev="0" fileid="2" />
                <SequencePoint vc="514" uspid="248" ordinal="21" offset="307" sl="582" sc="13" el="582" ec="31" bec="0" bev="0" fileid="2" />
                <SequencePoint vc="514" uspid="249" ordinal="22" offset="319" sl="584" sc="13" el="584" ec="25" bec="5" bev="4" fileid="2" />
                <SequencePoint vc="143" uspid="250" ordinal="23" offset="351" sl="588" sc="21" el="588" ec="46" bec="0" bev="0" fileid="2" />
                <SequencePoint vc="143" uspid="251" ordinal="24" offset="370" sl="589" sc="21" el="589" ec="39" bec="0" bev="0" fileid="2" />
                <SequencePoint vc="143" uspid="252" ordinal="25" offset="382" sl="590" sc="21" el="590" ec="39" bec="0" bev="0" fileid="2" />
                <SequencePoint vc="143" uspid="253" ordinal="26" offset="394" sl="591" sc="21" el="591" ec="39" bec="0" bev="0" fileid="2" />
                <SequencePoint vc="143" uspid="254" ordinal="27" offset="406" sl="592" sc="21" el="592" ec="27" bec="0" bev="0" fileid="2" />
                <SequencePoint vc="97" uspid="255" ordinal="28" offset="411" sl="596" sc="21" el="596" ec="46" bec="0" bev="0" fileid="2" />
                <SequencePoint vc="97" uspid="256" ordinal="29" offset="430" sl="597" sc="21" el="597" ec="39" bec="0" bev="0" fileid="2" />
                <SequencePoint vc="97" uspid="257" ordinal="30" offset="442" sl="598" sc="21" el="598" ec="39" bec="0" bev="0" fileid="2" />
                <SequencePoint vc="97" uspid="258" ordinal="31" offset="454" sl="599" sc="21" el="599" ec="39" bec="0" bev="0" fileid="2" />
                <SequencePoint vc="97" uspid="259" ordinal="32" offset="466" sl="600" sc="21" el="600" ec="27" bec="0" bev="0" fileid="2" />
                <SequencePoint vc="131" uspid="260" ordinal="33" offset="468" sl="604" sc="21" el="604" ec="46" bec="0" bev="0" fileid="2" />
                <SequencePoint vc="131" uspid="261" ordinal="34" offset="487" sl="605" sc="21" el="605" ec="39" bec="0" bev="0" fileid="2" />
                <SequencePoint vc="131" uspid="262" ordinal="35" offset="499" sl="606" sc="21" el="606" ec="39" bec="0" bev="0" fileid="2" />
                <SequencePoint vc="131" uspid="263" ordinal="36" offset="511" sl="607" sc="21" el="607" ec="39" bec="0" bev="0" fileid="2" />
                <SequencePoint vc="131" uspid="264" ordinal="37" offset="523" sl="608" sc="21" el="608" ec="27" bec="0" bev="0" fileid="2" />
                <SequencePoint vc="143" uspid="265" ordinal="38" offset="525" sl="612" sc="21" el="612" ec="46" bec="0" bev="0" fileid="2" />
                <SequencePoint vc="143" uspid="266" ordinal="39" offset="544" sl="613" sc="21" el="613" ec="39" bec="0" bev="0" fileid="2" />
                <SequencePoint vc="143" uspid="267" ordinal="40" offset="556" sl="614" sc="21" el="614" ec="39" bec="0" bev="0" fileid="2" />
                <SequencePoint vc="143" uspid="268" ordinal="41" offset="568" sl="615" sc="21" el="615" ec="39" bec="0" bev="0" fileid="2" />
                <SequencePoint vc="514" uspid="269" ordinal="42" offset="580" sl="619" sc="13" el="619" ec="113" bec="0" bev="0" fileid="2" />
                <SequencePoint vc="514" uspid="270" ordinal="43" offset="641" sl="620" sc="13" el="620" ec="113" bec="0" bev="0" fileid="2" />
                <SequencePoint vc="514" uspid="271" ordinal="44" offset="702" sl="622" sc="13" el="622" ec="25" bec="0" bev="0" fileid="2" />
              </SequencePoints>
              <BranchPoints>
                <BranchPoint vc="683" uspid="272" ordinal="0" offset="198" sl="557" path="0" offsetend="200" fileid="2" />
                <BranchPoint vc="371" uspid="273" ordinal="1" offset="198" sl="557" path="1" offsetend="222" fileid="2" />
                <BranchPoint vc="552" uspid="274" ordinal="2" offset="204" sl="557" path="0" offsetend="206" fileid="2" />
                <BranchPoint vc="131" uspid="275" ordinal="3" offset="204" sl="557" path="1" offsetend="222" fileid="2" />
                <BranchPoint vc="409" uspid="276" ordinal="4" offset="210" sl="557" path="0" offsetend="212" fileid="2" />
                <BranchPoint vc="143" uspid="277" ordinal="5" offset="210" sl="557" path="1" offsetend="222" fileid="2" />
                <BranchPoint vc="266" uspid="278" ordinal="6" offset="218" sl="561" path="0" offsetend="220" fileid="2" />
                <BranchPoint vc="143" uspid="279" ordinal="7" offset="218" sl="561" path="1" offsetend="271" fileid="2" />
                <BranchPoint vc="371" uspid="280" ordinal="8" offset="226" sl="566" path="0" offsetend="228" fileid="2" />
                <BranchPoint vc="274" uspid="281" ordinal="9" offset="226" sl="566" path="1" offsetend="245" fileid="2" />
                <BranchPoint vc="240" uspid="282" ordinal="10" offset="232" sl="566" path="0" offsetend="234" fileid="2" />
                <BranchPoint vc="131" uspid="283" ordinal="11" offset="232" sl="566" path="1" offsetend="245" fileid="2" />
                <BranchPoint vc="97" uspid="284" ordinal="12" offset="238" sl="566" path="0" offsetend="240" fileid="2" />
                <BranchPoint vc="143" uspid="285" ordinal="13" offset="238" sl="566" path="1" offsetend="245" fileid="2" />
                <BranchPoint vc="274" uspid="286" ordinal="14" offset="249" sl="570" path="0" offsetend="251" fileid="2" />
                <BranchPoint vc="143" uspid="287" ordinal="15" offset="249" sl="570" path="1" offsetend="268" fileid="2" />
                <BranchPoint vc="274" uspid="288" ordinal="16" offset="255" sl="570" path="0" offsetend="257" fileid="2" />
                <BranchPoint vc="0" uspid="289" ordinal="17" offset="255" sl="570" path="1" offsetend="268" fileid="2" />
                <BranchPoint vc="131" uspid="290" ordinal="18" offset="261" sl="570" path="0" offsetend="263" fileid="2" />
                <BranchPoint vc="143" uspid="291" ordinal="19" offset="261" sl="570" path="1" offsetend="268" fileid="2" />
                <BranchPoint vc="0" uspid="292" ordinal="20" offset="325" sl="584" path="0" offsetchain="346" offsetend="580" fileid="2" />
                <BranchPoint vc="143" uspid="293" ordinal="21" offset="325" sl="584" path="1" offsetend="525" fileid="2" />
                <BranchPoint vc="131" uspid="294" ordinal="22" offset="325" sl="584" path="2" offsetend="468" fileid="2" />
                <BranchPoint vc="97" uspid="295" ordinal="23" offset="325" sl="584" path="3" offsetend="411" fileid="2" />
                <BranchPoint vc="143" uspid="296" ordinal="24" offset="325" sl="584" path="4" offsetend="351" fileid="2" />
              </BranchPoints>
              <MethodPoint xsi:type="SequencePoint" vc="780" uspid="227" ordinal="0" offset="0" sl="539" sc="13" el="539" ec="74" bec="0" bev="0" fileid="2" />
            </Method>
            <Method visited="true" cyclomaticComplexity="5" sequenceCoverage="100" branchCoverage="100" isConstructor="false" isStatic="false" isGetter="false" isSetter="false">
              <Summary numSequencePoints="14" visitedSequencePoints="14" numBranchPoints="9" visitedBranchPoints="9" sequenceCoverage="100" branchCoverage="100" maxCyclomaticComplexity="5" minCyclomaticComplexity="5" visitedClasses="0" numClasses="0" visitedMethods="1" numMethods="1" />
              <MetadataToken>100663335</MetadataToken>
              <Name>System.Void JeremyAnsel.ColorQuant.WuAlphaColorQuantizer::Mark(JeremyAnsel.ColorQuant.Box,System.Byte)</Name>
              <FileRef uid="2" />
              <SequencePoints>
                <SequencePoint vc="522" uspid="297" ordinal="0" offset="0" sl="632" sc="18" el="632" ec="38" bec="0" bev="0" fileid="2" />
                <SequencePoint vc="13056" uspid="298" ordinal="1" offset="11" sl="634" sc="22" el="634" ec="42" bec="0" bev="0" fileid="2" />
                <SequencePoint vc="380928" uspid="299" ordinal="2" offset="22" sl="636" sc="26" el="636" ec="46" bec="0" bev="0" fileid="2" />
                <SequencePoint vc="4718592" uspid="300" ordinal="3" offset="33" sl="638" sc="30" el="638" ec="50" bec="0" bev="0" fileid="2" />
                <SequencePoint vc="16777216" uspid="301" ordinal="4" offset="44" sl="640" sc="29" el="640" ec="90" bec="0" bev="0" fileid="2" />
                <SequencePoint vc="16777216" uspid="302" ordinal="5" offset="61" sl="638" sc="65" el="638" ec="68" bec="0" bev="0" fileid="2" />
                <SequencePoint vc="21495808" uspid="303" ordinal="6" offset="65" sl="638" sc="51" el="638" ec="63" bec="2" bev="2" fileid="2" />
                <SequencePoint vc="4718592" uspid="304" ordinal="7" offset="74" sl="636" sc="61" el="636" ec="64" bec="0" bev="0" fileid="2" />
                <SequencePoint vc="5099520" uspid="305" ordinal="8" offset="78" sl="636" sc="47" el="636" ec="59" bec="2" bev="2" fileid="2" />
                <SequencePoint vc="380928" uspid="306" ordinal="9" offset="87" sl="634" sc="57" el="634" ec="60" bec="0" bev="0" fileid="2" />
                <SequencePoint vc="393984" uspid="307" ordinal="10" offset="91" sl="634" sc="43" el="634" ec="55" bec="2" bev="2" fileid="2" />
                <SequencePoint vc="13056" uspid="308" ordinal="11" offset="100" sl="632" sc="53" el="632" ec="56" bec="0" bev="0" fileid="2" />
                <SequencePoint vc="13578" uspid="309" ordinal="12" offset="104" sl="632" sc="39" el="632" ec="51" bec="2" bev="2" fileid="2" />
                <SequencePoint vc="522" uspid="310" ordinal="13" offset="113" sl="645" sc="9" el="645" ec="10" bec="0" bev="0" fileid="2" />
              </SequencePoints>
              <BranchPoints>
                <BranchPoint vc="4718592" uspid="311" ordinal="0" offset="72" sl="638" path="0" offsetend="74" fileid="2" />
                <BranchPoint vc="16777216" uspid="312" ordinal="1" offset="72" sl="638" path="1" offsetend="44" fileid="2" />
                <BranchPoint vc="380928" uspid="313" ordinal="2" offset="85" sl="636" path="0" offsetend="87" fileid="2" />
                <BranchPoint vc="4718592" uspid="314" ordinal="3" offset="85" sl="636" path="1" offsetend="33" fileid="2" />
                <BranchPoint vc="13056" uspid="315" ordinal="4" offset="98" sl="634" path="0" offsetend="100" fileid="2" />
                <BranchPoint vc="380928" uspid="316" ordinal="5" offset="98" sl="634" path="1" offsetend="22" fileid="2" />
                <BranchPoint vc="522" uspid="317" ordinal="6" offset="111" sl="632" path="0" offsetend="113" fileid="2" />
                <BranchPoint vc="13056" uspid="318" ordinal="7" offset="111" sl="632" path="1" offsetend="11" fileid="2" />
              </BranchPoints>
              <MethodPoint xsi:type="SequencePoint" vc="522" uspid="297" ordinal="0" offset="0" sl="632" sc="18" el="632" ec="38" bec="0" bev="0" fileid="2" />
            </Method>
            <Method visited="true" cyclomaticComplexity="11" sequenceCoverage="96.67" branchCoverage="88.24" isConstructor="false" isStatic="false" isGetter="false" isSetter="false">
              <Summary numSequencePoints="30" visitedSequencePoints="29" numBranchPoints="17" visitedBranchPoints="15" sequenceCoverage="96.67" branchCoverage="88.24" maxCyclomaticComplexity="11" minCyclomaticComplexity="11" visitedClasses="0" numClasses="0" visitedMethods="1" numMethods="1" />
              <MetadataToken>100663336</MetadataToken>
              <Name>System.Void JeremyAnsel.ColorQuant.WuAlphaColorQuantizer::BuildCube(JeremyAnsel.ColorQuant.Box[]&amp;,System.Int32&amp;)</Name>
              <FileRef uid="2" />
              <SequencePoints>
                <SequencePoint vc="8" uspid="319" ordinal="0" offset="0" sl="654" sc="13" el="654" ec="40" bec="0" bev="0" fileid="2" />
                <SequencePoint vc="8" uspid="320" ordinal="1" offset="9" sl="655" sc="13" el="655" ec="50" bec="0" bev="0" fileid="2" />
                <SequencePoint vc="8" uspid="321" ordinal="2" offset="17" sl="657" sc="18" el="657" ec="28" bec="0" bev="0" fileid="2" />
                <SequencePoint vc="2048" uspid="322" ordinal="3" offset="21" sl="659" sc="17" el="659" ec="37" bec="0" bev="0" fileid="2" />
                <SequencePoint vc="2048" uspid="323" ordinal="4" offset="30" sl="657" sc="45" el="657" ec="48" bec="0" bev="0" fileid="2" />
                <SequencePoint vc="2056" uspid="324" ordinal="5" offset="34" sl="657" sc="29" el="657" ec="43" bec="2" bev="2" fileid="2" />
                <SequencePoint vc="8" uspid="325" ordinal="6" offset="39" sl="662" sc="13" el="662" ec="67" bec="0" bev="0" fileid="2" />
                <SequencePoint vc="8" uspid="326" ordinal="7" offset="91" sl="663" sc="13" el="663" ec="89" bec="0" bev="0" fileid="2" />
                <SequencePoint vc="8" uspid="327" ordinal="8" offset="130" sl="664" sc="13" el="664" ec="68" bec="0" bev="0" fileid="2" />
                <SequencePoint vc="8" uspid="328" ordinal="9" offset="140" sl="666" sc="13" el="666" ec="26" bec="0" bev="0" fileid="2" />
                <SequencePoint vc="8" uspid="329" ordinal="10" offset="142" sl="668" sc="18" el="668" ec="28" bec="0" bev="0" fileid="2" />
                <SequencePoint vc="780" uspid="330" ordinal="11" offset="149" sl="670" sc="17" el="670" ec="51" bec="2" bev="2" fileid="2" />
                <SequencePoint vc="514" uspid="331" ordinal="12" offset="165" sl="672" sc="21" el="672" ec="88" bec="2" bev="2" fileid="2" />
                <SequencePoint vc="514" uspid="332" ordinal="13" offset="201" sl="673" sc="21" el="673" ec="79" bec="2" bev="1" fileid="2" />
                <SequencePoint vc="266" uspid="333" ordinal="14" offset="239" sl="677" sc="21" el="677" ec="36" bec="0" bev="0" fileid="2" />
                <SequencePoint vc="266" uspid="334" ordinal="15" offset="251" sl="678" sc="21" el="678" ec="25" bec="0" bev="0" fileid="2" />
                <SequencePoint vc="780" uspid="335" ordinal="16" offset="255" sl="681" sc="17" el="681" ec="26" bec="0" bev="0" fileid="2" />
                <SequencePoint vc="780" uspid="336" ordinal="17" offset="257" sl="683" sc="17" el="683" ec="37" bec="0" bev="0" fileid="2" />
                <SequencePoint vc="780" uspid="337" ordinal="18" offset="262" sl="684" sc="22" el="684" ec="32" bec="0" bev="0" fileid="2" />
                <SequencePoint vc="56916" uspid="338" ordinal="19" offset="267" sl="686" sc="21" el="686" ec="38" bec="2" bev="2" fileid="2" />
                <SequencePoint vc="738" uspid="339" ordinal="20" offset="275" sl="688" sc="25" el="688" ec="38" bec="0" bev="0" fileid="2" />
                <SequencePoint vc="738" uspid="340" ordinal="21" offset="281" sl="689" sc="25" el="689" ec="34" bec="0" bev="0" fileid="2" />
                <SequencePoint vc="56916" uspid="341" ordinal="22" offset="284" sl="684" sc="41" el="684" ec="44" bec="0" bev="0" fileid="2" />
                <SequencePoint vc="57696" uspid="342" ordinal="23" offset="290" sl="684" sc="33" el="684" ec="39" bec="2" bev="2" fileid="2" />
                <SequencePoint vc="780" uspid="343" ordinal="24" offset="295" sl="693" sc="17" el="693" ec="33" bec="2" bev="2" fileid="2" />
                <SequencePoint vc="8" uspid="344" ordinal="25" offset="308" sl="695" sc="21" el="695" ec="40" bec="0" bev="0" fileid="2" />
                <SequencePoint vc="8" uspid="345" ordinal="26" offset="313" sl="696" sc="21" el="696" ec="27" bec="0" bev="0" fileid="2" />
                <SequencePoint vc="772" uspid="346" ordinal="27" offset="314" sl="668" sc="45" el="668" ec="48" bec="0" bev="0" fileid="2" />
                <SequencePoint vc="780" uspid="347" ordinal="28" offset="318" sl="668" sc="29" el="668" ec="43" bec="2" bev="1" fileid="2" />
                <SequencePoint vc="0" uspid="348" ordinal="29" offset="326" sl="699" sc="9" el="699" ec="10" bec="0" bev="0" fileid="2" />
              </SequencePoints>
              <BranchPoints>
                <BranchPoint vc="8" uspid="349" ordinal="0" offset="37" sl="657" path="0" offsetend="39" fileid="2" />
                <BranchPoint vc="2048" uspid="350" ordinal="1" offset="37" sl="657" path="1" offsetend="21" fileid="2" />
                <BranchPoint vc="514" uspid="351" ordinal="2" offset="163" sl="670" path="0" offsetend="165" fileid="2" />
[...]
                <SequencePoint vc="291" uspid="578" ordinal="28" offset="369" sl="469" sc="21" el="469" ec="39" bec="0" bev="0" fileid="3" />
                <SequencePoint vc="763" uspid="579" ordinal="29" offset="381" sl="473" sc="13" el="473" ec="91" bec="0" bev="0" fileid="3" />
                <SequencePoint vc="763" uspid="580" ordinal="30" offset="428" sl="474" sc="13" el="474" ec="91" bec="0" bev="0" fileid="3" />
                <SequencePoint vc="763" uspid="581" ordinal="31" offset="475" sl="476" sc="13" el="476" ec="25" bec="0" bev="0" fileid="3" />
              </SequencePoints>
              <BranchPoints>
                <BranchPoint vc="1136" uspid="582" ordinal="0" offset="146" sl="427" path="0" offsetend="148" fileid="3" />
                <BranchPoint vc="427" uspid="583" ordinal="1" offset="146" sl="427" path="1" offsetend="164" fileid="3" />
                <BranchPoint vc="849" uspid="584" ordinal="2" offset="152" sl="427" path="0" offsetend="154" fileid="3" />
                <BranchPoint vc="287" uspid="585" ordinal="3" offset="152" sl="427" path="1" offsetend="164" fileid="3" />
                <BranchPoint vc="513" uspid="586" ordinal="4" offset="160" sl="431" path="0" offsetend="162" fileid="3" />
                <BranchPoint vc="336" uspid="587" ordinal="5" offset="160" sl="431" path="1" offsetend="184" fileid="3" />
                <BranchPoint vc="395" uspid="588" ordinal="6" offset="168" sl="436" path="0" offsetend="170" fileid="3" />
                <BranchPoint vc="291" uspid="589" ordinal="7" offset="168" sl="436" path="1" offsetend="181" fileid="3" />
                <BranchPoint vc="136" uspid="590" ordinal="8" offset="174" sl="436" path="0" offsetend="176" fileid="3" />
                <BranchPoint vc="259" uspid="591" ordinal="9" offset="174" sl="436" path="1" offsetend="181" fileid="3" />
                <BranchPoint vc="0" uspid="592" ordinal="10" offset="226" sl="449" path="0" offsetchain="243" offsetend="381" fileid="3" />
                <BranchPoint vc="291" uspid="593" ordinal="11" offset="226" sl="449" path="1" offsetend="338" fileid="3" />
                <BranchPoint vc="136" uspid="594" ordinal="12" offset="226" sl="449" path="2" offsetend="293" fileid="3" />
                <BranchPoint vc="336" uspid="595" ordinal="13" offset="226" sl="449" path="3" offsetend="248" fileid="3" />
              </BranchPoints>
              <MethodPoint xsi:type="SequencePoint" vc="1276" uspid="550" ordinal="0" offset="0" sl="412" sc="13" el="412" ec="69" bec="0" bev="0" fileid="3" />
            </Method>
            <Method visited="true" cyclomaticComplexity="4" sequenceCoverage="100" branchCoverage="100" isConstructor="false" isStatic="false" isGetter="false" isSetter="false">
              <Summary numSequencePoints="11" visitedSequencePoints="11" numBranchPoints="7" visitedBranchPoints="7" sequenceCoverage="100" branchCoverage="100" maxCyclomaticComplexity="4" minCyclomaticComplexity="4" visitedClasses="0" numClasses="0" visitedMethods="1" numMethods="1" />
              <MetadataToken>100663351</MetadataToken>
              <Name>System.Void JeremyAnsel.ColorQuant.WuColorQuantizer::Mark(JeremyAnsel.ColorQuant.Box,System.Byte)</Name>
              <FileRef uid="3" />
              <SequencePoints>
                <SequencePoint vc="769" uspid="596" ordinal="0" offset="0" sl="486" sc="18" el="486" ec="38" bec="0" bev="0" fileid="3" />
                <SequencePoint vc="37248" uspid="597" ordinal="1" offset="11" sl="488" sc="22" el="488" ec="42" bec="0" bev="0" fileid="3" />
                <SequencePoint vc="2293760" uspid="598" ordinal="2" offset="22" sl="490" sc="26" el="490" ec="46" bec="0" bev="0" fileid="3" />
                <SequencePoint vc="12582912" uspid="599" ordinal="3" offset="33" sl="492" sc="25" el="492" ec="78" bec="0" bev="0" fileid="3" />
                <SequencePoint vc="12582912" uspid="600" ordinal="4" offset="49" sl="490" sc="61" el="490" ec="64" bec="0" bev="0" fileid="3" />
                <SequencePoint vc="14876672" uspid="601" ordinal="5" offset="53" sl="490" sc="47" el="490" ec="59" bec="2" bev="2" fileid="3" />
                <SequencePoint vc="2293760" uspid="602" ordinal="6" offset="62" sl="488" sc="57" el="488" ec="60" bec="0" bev="0" fileid="3" />
                <SequencePoint vc="2331008" uspid="603" ordinal="7" offset="66" sl="488" sc="43" el="488" ec="55" bec="2" bev="2" fileid="3" />
                <SequencePoint vc="37248" uspid="604" ordinal="8" offset="75" sl="486" sc="53" el="486" ec="56" bec="0" bev="0" fileid="3" />
                <SequencePoint vc="38017" uspid="605" ordinal="9" offset="79" sl="486" sc="39" el="486" ec="51" bec="2" bev="2" fileid="3" />
                <SequencePoint vc="769" uspid="606" ordinal="10" offset="88" sl="496" sc="9" el="496" ec="10" bec="0" bev="0" fileid="3" />
              </SequencePoints>
              <BranchPoints>
                <BranchPoint vc="2293760" uspid="607" ordinal="0" offset="60" sl="490" path="0" offsetend="62" fileid="3" />
                <BranchPoint vc="12582912" uspid="608" ordinal="1" offset="60" sl="490" path="1" offsetend="33" fileid="3" />
                <BranchPoint vc="37248" uspid="609" ordinal="2" offset="73" sl="488" path="0" offsetend="75" fileid="3" />
                <BranchPoint vc="2293760" uspid="610" ordinal="3" offset="73" sl="488" path="1" offsetend="22" fileid="3" />
                <BranchPoint vc="769" uspid="611" ordinal="4" offset="86" sl="486" path="0" offsetend="88" fileid="3" />
                <BranchPoint vc="37248" uspid="612" ordinal="5" offset="86" sl="486" path="1" offsetend="11" fileid="3" />
              </BranchPoints>
              <MethodPoint xsi:type="SequencePoint" vc="769" uspid="596" ordinal="0" offset="0" sl="486" sc="18" el="486" ec="38" bec="0" bev="0" fileid="3" />
            </Method>
            <Method visited="true" cyclomaticComplexity="11" sequenceCoverage="96.55" branchCoverage="88.24" isConstructor="false" isStatic="false" isGetter="false" isSetter="false">
              <Summary numSequencePoints="29" visitedSequencePoints="28" numBranchPoints="17" visitedBranchPoints="15" sequenceCoverage="96.55" branchCoverage="88.24" maxCyclomaticComplexity="11" minCyclomaticComplexity="11" visitedClasses="0" numClasses="0" visitedMethods="1" numMethods="1" />
              <MetadataToken>100663352</MetadataToken>
              <Name>System.Void JeremyAnsel.ColorQuant.WuColorQuantizer::BuildCube(JeremyAnsel.ColorQuant.Box[]&amp;,System.Int32&amp;)</Name>
              <FileRef uid="3" />
              <SequencePoints>
                <SequencePoint vc="6" uspid="613" ordinal="0" offset="0" sl="505" sc="13" el="505" ec="40" bec="0" bev="0" fileid="3" />
                <SequencePoint vc="6" uspid="614" ordinal="1" offset="9" sl="506" sc="13" el="506" ec="50" bec="0" bev="0" fileid="3" />
                <SequencePoint vc="6" uspid="615" ordinal="2" offset="17" sl="508" sc="18" el="508" ec="28" bec="0" bev="0" fileid="3" />
                <SequencePoint vc="1536" uspid="616" ordinal="3" offset="21" sl="510" sc="17" el="510" ec="37" bec="0" bev="0" fileid="3" />
                <SequencePoint vc="1536" uspid="617" ordinal="4" offset="30" sl="508" sc="45" el="508" ec="48" bec="0" bev="0" fileid="3" />
                <SequencePoint vc="1542" uspid="618" ordinal="5" offset="34" sl="508" sc="29" el="508" ec="43" bec="2" bev="2" fileid="3" />
                <SequencePoint vc="6" uspid="619" ordinal="6" offset="39" sl="513" sc="13" el="513" ec="54" bec="0" bev="0" fileid="3" />
                <SequencePoint vc="6" uspid="620" ordinal="7" offset="77" sl="514" sc="13" el="514" ec="84" bec="0" bev="0" fileid="3" />
                <SequencePoint vc="6" uspid="621" ordinal="8" offset="119" sl="516" sc="13" el="516" ec="26" bec="0" bev="0" fileid="3" />
                <SequencePoint vc="6" uspid="622" ordinal="9" offset="121" sl="518" sc="18" el="518" ec="28" bec="0" bev="0" fileid="3" />
                <SequencePoint vc="1276" uspid="623" ordinal="10" offset="128" sl="520" sc="17" el="520" ec="51" bec="2" bev="2" fileid="3" />
                <SequencePoint vc="763" uspid="624" ordinal="11" offset="144" sl="522" sc="21" el="522" ec="88" bec="2" bev="2" fileid="3" />
                <SequencePoint vc="763" uspid="625" ordinal="12" offset="180" sl="523" sc="21" el="523" ec="79" bec="2" bev="1" fileid="3" />
                <SequencePoint vc="513" uspid="626" ordinal="13" offset="218" sl="527" sc="21" el="527" ec="36" bec="0" bev="0" fileid="3" />
                <SequencePoint vc="513" uspid="627" ordinal="14" offset="230" sl="528" sc="21" el="528" ec="25" bec="0" bev="0" fileid="3" />
                <SequencePoint vc="1276" uspid="628" ordinal="15" offset="234" sl="531" sc="17" el="531" ec="26" bec="0" bev="0" fileid="3" />
                <SequencePoint vc="1276" uspid="629" ordinal="16" offset="236" sl="533" sc="17" el="533" ec="37" bec="0" bev="0" fileid="3" />
                <SequencePoint vc="1276" uspid="630" ordinal="17" offset="241" sl="534" sc="22" el="534" ec="32" bec="0" bev="0" fileid="3" />
                <SequencePoint vc="130176" uspid="631" ordinal="18" offset="246" sl="536" sc="21" el="536" ec="38" bec="2" bev="2" fileid="3" />
                <SequencePoint vc="1235" uspid="632" ordinal="19" offset="254" sl="538" sc="25" el="538" ec="38" bec="0" bev="0" fileid="3" />
                <SequencePoint vc="1235" uspid="633" ordinal="20" offset="260" sl="539" sc="25" el="539" ec="34" bec="0" bev="0" fileid="3" />
                <SequencePoint vc="130176" uspid="634" ordinal="21" offset="263" sl="534" sc="41" el="534" ec="44" bec="0" bev="0" fileid="3" />
                <SequencePoint vc="131452" uspid="635" ordinal="22" offset="269" sl="534" sc="33" el="534" ec="39" bec="2" bev="2" fileid="3" />
                <SequencePoint vc="1276" uspid="636" ordinal="23" offset="274" sl="543" sc="17" el="543" ec="33" bec="2" bev="2" fileid="3" />
                <SequencePoint vc="6" uspid="637" ordinal="24" offset="287" sl="545" sc="21" el="545" ec="40" bec="0" bev="0" fileid="3" />
                <SequencePoint vc="6" uspid="638" ordinal="25" offset="292" sl="546" sc="21" el="546" ec="27" bec="0" bev="0" fileid="3" />
                <SequencePoint vc="1270" uspid="639" ordinal="26" offset="293" sl="518" sc="45" el="518" ec="48" bec="0" bev="0" fileid="3" />
                <SequencePoint vc="1276" uspid="640" ordinal="27" offset="297" sl="518" sc="29" el="518" ec="43" bec="2" bev="1" fileid="3" />
                <SequencePoint vc="0" uspid="641" ordinal="28" offset="305" sl="549" sc="9" el="549" ec="10" bec="0" bev="0" fileid="3" />
              </SequencePoints>
              <BranchPoints>
                <BranchPoint vc="6" uspid="642" ordinal="0" offset="37" sl="508" path="0" offsetend="39" fileid="3" />
                <BranchPoint vc="1536" uspid="643" ordinal="1" offset="37" sl="508" path="1" offsetend="21" fileid="3" />
                <BranchPoint vc="763" uspid="644" ordinal="2" offset="142" sl="520" path="0" offsetend="144" fileid="3" />
                <BranchPoint vc="513" uspid="645" ordinal="3" offset="142" sl="520" path="1" offsetend="218" fileid="3" />
                <BranchPoint vc="1" uspid="646" ordinal="4" offset="156" sl="522" path="0" offsetend="158" fileid="3" />
                <BranchPoint vc="762" uspid="647" ordinal="5" offset="156" sl="522" path="1" offsetend="169" fileid="3" />
                <BranchPoint vc="0" uspid="648" ordinal="6" offset="192" sl="523" path="0" offsetend="194" fileid="3" />
                <BranchPoint vc="763" uspid="649" ordinal="7" offset="192" sl="523" path="1" offsetend="205" fileid="3" />
                <BranchPoint vc="1235" uspid="650" ordinal="8" offset="252" sl="536" path="0" offsetend="254" fileid="3" />
                <BranchPoint vc="128941" uspid="651" ordinal="9" offset="252" sl="536" path="1" offsetend="263" fileid="3" />
                <BranchPoint vc="1276" uspid="652" ordinal="10" offset="272" sl="534" path="0" offsetend="274" fileid="3" />
                <BranchPoint vc="130176" uspid="653" ordinal="11" offset="272" sl="534" path="1" offsetend="246" fileid="3" />
                <BranchPoint vc="6" uspid="654" ordinal="12" offset="285" sl="543" path="0" offsetend="287" fileid="3" />
                <BranchPoint vc="1270" uspid="655" ordinal="13" offset="285" sl="543" path="1" offsetend="293" fileid="3" />
                <BranchPoint vc="0" uspid="656" ordinal="14" offset="300" sl="518" path="0" offsetend="305" fileid="3" />
                <BranchPoint vc="1276" uspid="657" ordinal="15" offset="300" sl="518" path="1" offsetend="128" fileid="3" />
              </BranchPoints>
              <MethodPoint xsi:type="SequencePoint" vc="6" uspid="613" ordinal="0" offset="0" sl="505" sc="13" el="505" ec="40" bec="0" bev="0" fileid="3" />
            </Method>
            <Method visited="true" cyclomaticComplexity="4" sequenceCoverage="83.33" branchCoverage="85.71" isConstructor="false" isStatic="false" isGetter="false" isSetter="false">
              <Summary numSequencePoints="24" visitedSequencePoints="20" numBranchPoints="7" visitedBranchPoints="6" sequenceCoverage="83.33" branchCoverage="85.71" maxCyclomaticComplexity="4" minCyclomaticComplexity="4" visitedClasses="0" numClasses="0" visitedMethods="1" numMethods="1" />
              <MetadataToken>100663353</MetadataToken>
              <Name>JeremyAnsel.ColorQuant.ColorQuantizerResult JeremyAnsel.ColorQuant.WuColorQuantizer::GenerateResult(System.Byte[],System.Int32,JeremyAnsel.ColorQuant.Box[])</Name>
              <FileRef uid="3" />
              <SequencePoints>
                <SequencePoint vc="6" uspid="658" ordinal="0" offset="0" sl="560" sc="13" el="560" ec="89" bec="0" bev="0" fileid="3" />
                <SequencePoint vc="6" uspid="659" ordinal="1" offset="12" sl="562" sc="18" el="562" ec="28" bec="0" bev="0" fileid="3" />
                <SequencePoint vc="769" uspid="660" ordinal="2" offset="19" sl="564" sc="17" el="564" ec="45" bec="0" bev="0" fileid="3" />
                <SequencePoint vc="769" uspid="661" ordinal="3" offset="30" sl="566" sc="17" el="566" ec="76" bec="0" bev="0" fileid="3" />
                <SequencePoint vc="769" uspid="662" ordinal="4" offset="45" sl="568" sc="17" el="568" ec="33" bec="2" bev="1" fileid="3" />
                <SequencePoint vc="769" uspid="663" ordinal="5" offset="57" sl="570" sc="21" el="570" ec="64" bec="0" bev="0" fileid="3" />
                <SequencePoint vc="769" uspid="664" ordinal="6" offset="74" sl="571" sc="21" el="571" ec="119" bec="0" bev="0" fileid="3" />
                <SequencePoint vc="769" uspid="665" ordinal="7" offset="103" sl="572" sc="21" el="572" ec="119" bec="0" bev="0" fileid="3" />
                <SequencePoint vc="769" uspid="666" ordinal="8" offset="132" sl="573" sc="21" el="573" ec="113" bec="0" bev="0" fileid="3" />
                <SequencePoint vc="0" uspid="667" ordinal="9" offset="161" sl="577" sc="21" el="577" ec="64" bec="0" bev="0" fileid="3" />
                <SequencePoint vc="0" uspid="668" ordinal="10" offset="178" sl="578" sc="21" el="578" ec="61" bec="0" bev="0" fileid="3" />
                <SequencePoint vc="0" uspid="669" ordinal="11" offset="191" sl="579" sc="21" el="579" ec="61" bec="0" bev="0" fileid="3" />
                <SequencePoint vc="0" uspid="670" ordinal="12" offset="204" sl="580" sc="21" el="580" ec="55" bec="0" bev="0" fileid="3" />
                <SequencePoint vc="769" uspid="671" ordinal="13" offset="215" sl="562" sc="45" el="562" ec="48" bec="0" bev="0" fileid="3" />
                <SequencePoint vc="775" uspid="672" ordinal="14" offset="219" sl="562" sc="29" el="562" ec="43" bec="2" bev="2" fileid="3" />
                <SequencePoint vc="6" uspid="673" ordinal="15" offset="226" sl="584" sc="18" el="584" ec="28" bec="0" bev="0" fileid="3" />
                <SequencePoint vc="1281" uspid="674" ordinal="16" offset="230" sl="586" sc="17" el="586" ec="80" bec="0" bev="0" fileid="3" />
                <SequencePoint vc="1281" uspid="675" ordinal="17" offset="241" sl="587" sc="17" el="587" ec="80" bec="0" bev="0" fileid="3" />
                <SequencePoint vc="1281" uspid="676" ordinal="18" offset="252" sl="588" sc="17" el="588" ec="74" bec="0" bev="0" fileid="3" />
                <SequencePoint vc="1281" uspid="677" ordinal="19" offset="261" sl="590" sc="17" el="590" ec="74" bec="0" bev="0" fileid="3" />
                <SequencePoint vc="1281" uspid="678" ordinal="20" offset="280" sl="592" sc="17" el="592" ec="57" bec="0" bev="0" fileid="3" />
                <SequencePoint vc="1281" uspid="679" ordinal="21" offset="297" sl="584" sc="51" el="584" ec="54" bec="0" bev="0" fileid="3" />
                <SequencePoint vc="1287" uspid="680" ordinal="22" offset="301" sl="584" sc="29" el="584" ec="49" bec="2" bev="2" fileid="3" />
                <SequencePoint vc="6" uspid="681" ordinal="23" offset="309" sl="595" sc="13" el="595" ec="35" bec="0" bev="0" fileid="3" />
              </SequencePoints>
              <BranchPoints>
                <BranchPoint vc="769" uspid="682" ordinal="0" offset="55" sl="568" path="0" offsetend="57" fileid="3" />
                <BranchPoint vc="0" uspid="683" ordinal="1" offset="55" sl="568" path="1" offsetend="161" fileid="3" />
                <BranchPoint vc="6" uspid="684" ordinal="2" offset="221" sl="562" path="0" offsetend="226" fileid="3" />
                <BranchPoint vc="769" uspid="685" ordinal="3" offset="221" sl="562" path="1" offsetend="19" fileid="3" />
                <BranchPoint vc="6" uspid="686" ordinal="4" offset="307" sl="584" path="0" offsetend="309" fileid="3" />
                <BranchPoint vc="1281" uspid="687" ordinal="5" offset="307" sl="584" path="1" offsetend="230" fileid="3" />
              </BranchPoints>
              <MethodPoint xsi:type="SequencePoint" vc="6" uspid="658" ordinal="0" offset="0" sl="560" sc="13" el="560" ec="89" bec="0" bev="0" fileid="3" />
            </Method>
            <Method visited="true" cyclomaticComplexity="1" sequenceCoverage="100" branchCoverage="100" isConstructor="true" isStatic="false" isGetter="false" isSetter="false">
              <Summary numSequencePoints="6" visitedSequencePoints="6" numBranchPoints="1" visitedBranchPoints="1" sequenceCoverage="100" branchCoverage="100" maxCyclomaticComplexity="1" minCyclomaticComplexity="1" visitedClasses="0" numClasses="0" visitedMethods="1" numMethods="1" />
              <MetadataToken>100663354</MetadataToken>
              <Name>System.Void JeremyAnsel.ColorQuant.WuColorQuantizer::.ctor()</Name>
              <FileRef uid="3" />
              <SequencePoints>
                <SequencePoint vc="1" uspid="688" ordinal="0" offset="0" sl="51" sc="9" el="51" ec="78" bec="0" bev="0" fileid="3" />
                <SequencePoint vc="1" uspid="689" ordinal="1" offset="16" sl="56" sc="9" el="56" ec="78" bec="0" bev="0" fileid="3" />
                <SequencePoint vc="1" uspid="690" ordinal="2" offset="32" sl="61" sc="9" el="61" ec="78" bec="0" bev="0" fileid="3" />
                <SequencePoint vc="1" uspid="691" ordinal="3" offset="48" sl="66" sc="9" el="66" ec="78" bec="0" bev="0" fileid="3" />
                <SequencePoint vc="1" uspid="692" ordinal="4" offset="64" sl="71" sc="9" el="71" ec="81" bec="0" bev="0" fileid="3" />
                <SequencePoint vc="1" uspid="693" ordinal="5" offset="80" sl="76" sc="9" el="76" ec="78" bec="0" bev="0" fileid="3" />
              </SequencePoints>
              <BranchPoints />
              <MethodPoint xsi:type="SequencePoint" vc="1" uspid="688" ordinal="0" offset="0" sl="51" sc="9" el="51" ec="78" bec="0" bev="0" fileid="3" />
            </Method>
          </Methods>
        </Class>
      </Classes>
    </Module>
  </Modules>
</CoverageSession>