<?xml version="1.0" encoding="utf-8"?>
<CoverageSession xmlns:xsd="http://www.w3.org/2001/XMLSchema" xmlns:xsi="http://www.w3.org/2001/XMLSchema-instance">
  <Summary numSequencePoints="507" visitedSequencePoints="493" numBranchPoints="200" visitedBranchPoints="185" sequenceCoverage="97.24" branchCoverage="92.5" maxCyclomaticComplexity="16" minCyclomaticComplexity="1" />
  <Modules>
    <Module hash="80-8D-5F-4B-AA-3C-FF-DA-AA-7D-10-A7-49-50-A1-5D-F1-AA-70-12">
      <Summary numSequencePoints="507" visitedSequencePoints="493" numBranchPoints="200" visitedBranchPoints="185" sequenceCoverage="97.24" branchCoverage="92.5" maxCyclomaticComplexity="16" minCyclomaticComplexity="1" />
      <FullName>C:\projects\jeremyansel-colorquant\JeremyAnsel.ColorQuant\JeremyAnsel.ColorQuant.Tests\bin\Release\JeremyAnsel.ColorQuant.dll</FullName>
      <ModuleName>JeremyAnsel.ColorQuant</ModuleName>
      <Files>
        <File uid="1" fullPath="c:\projects\jeremyansel-colorquant\JeremyAnsel.ColorQuant\JeremyAnsel.ColorQuant\ColorQuantizerResult.cs" />
        <File uid="2" fullPath="c:\projects\jeremyansel-colorquant\JeremyAnsel.ColorQuant\JeremyAnsel.ColorQuant\WuAlphaColorQuantizer.cs" />
        <File uid="3" fullPath="c:\projects\jeremyansel-colorquant\JeremyAnsel.ColorQuant\JeremyAnsel.ColorQuant\WuColorQuantizer.cs" />
      </Files>
      <Classes>
        <Class>
          <Summary numSequencePoints="0" visitedSequencePoints="0" numBranchPoints="0" visitedBranchPoints="0" sequenceCoverage="0" branchCoverage="0" maxCyclomaticComplexity="1" minCyclomaticComplexity="1" />
          <FullName>JeremyAnsel.ColorQuant.Box</FullName>
          <Methods>
            <Method visited="true" cyclomaticComplexity="1" sequenceCoverage="0" branchCoverage="0" isConstructor="false" isStatic="false" isGetter="true" isSetter="false">
              <Summary numSequencePoints="0" visitedSequencePoints="0" numBranchPoints="0" visitedBranchPoints="0" sequenceCoverage="0" branchCoverage="0" maxCyclomaticComplexity="1" minCyclomaticComplexity="1" />
              <MetadataToken>100663297</MetadataToken>
              <Name>System.Int32 JeremyAnsel.ColorQuant.Box::get_R0()</Name>
              <SequencePoints />
              <BranchPoints />
              <MethodPoint vc="2847142" uspid="1" ordinal="0" offset="0" />
            </Method>
            <Method visited="true" cyclomaticComplexity="1" sequenceCoverage="0" branchCoverage="0" isConstructor="false" isStatic="false" isGetter="false" isSetter="true">
              <Summary numSequencePoints="0" visitedSequencePoints="0" numBranchPoints="0" visitedBranchPoints="0" sequenceCoverage="0" branchCoverage="0" maxCyclomaticComplexity="1" minCyclomaticComplexity="1" />
              <MetadataToken>100663298</MetadataToken>
              <Name>System.Void JeremyAnsel.ColorQuant.Box::set_R0(System.Int32)</Name>
              <SequencePoints />
              <BranchPoints />
              <MethodPoint vc="779" uspid="2" ordinal="0" offset="0" />
            </Method>
            <Method visited="true" cyclomaticComplexity="1" sequenceCoverage="0" branchCoverage="0" isConstructor="false" isStatic="false" isGetter="true" isSetter="false">
              <Summary numSequencePoints="0" visitedSequencePoints="0" numBranchPoints="0" visitedBranchPoints="0" sequenceCoverage="0" branchCoverage="0" maxCyclomaticComplexity="1" minCyclomaticComplexity="1" />
              <MetadataToken>100663299</MetadataToken>
              <Name>System.Int32 JeremyAnsel.ColorQuant.Box::get_R1()</Name>
              <SequencePoints />
              <BranchPoints />
              <MethodPoint vc="2852298" uspid="3" ordinal="0" offset="0" />
            </Method>
            <Method visited="true" cyclomaticComplexity="1" sequenceCoverage="0" branchCoverage="0" isConstructor="false" isStatic="false" isGetter="false" isSetter="true">
              <Summary numSequencePoints="0" visitedSequencePoints="0" numBranchPoints="0" visitedBranchPoints="0" sequenceCoverage="0" branchCoverage="0" maxCyclomaticComplexity="1" minCyclomaticComplexity="1" />
              <MetadataToken>100663300</MetadataToken>
              <Name>System.Void JeremyAnsel.ColorQuant.Box::set_R1(System.Int32)</Name>
              <SequencePoints />
              <BranchPoints />
              <MethodPoint vc="1159" uspid="4" ordinal="0" offset="0" />
            </Method>
            <Method visited="true" cyclomaticComplexity="1" sequenceCoverage="0" branchCoverage="0" isConstructor="false" isStatic="false" isGetter="true" isSetter="false">
              <Summary numSequencePoints="0" visitedSequencePoints="0" numBranchPoints="0" visitedBranchPoints="0" sequenceCoverage="0" branchCoverage="0" maxCyclomaticComplexity="1" minCyclomaticComplexity="1" />
              <MetadataToken>100663301</MetadataToken>
              <Name>System.Int32 JeremyAnsel.ColorQuant.Box::get_G0()</Name>
              <SequencePoints />
              <BranchPoints />
              <MethodPoint vc="2482137" uspid="5" ordinal="0" offset="0" />
            </Method>
            <Method visited="true" cyclomaticComplexity="1" sequenceCoverage="0" branchCoverage="0" isConstructor="false" isStatic="false" isGetter="false" isSetter="true">
              <Summary numSequencePoints="0" visitedSequencePoints="0" numBranchPoints="0" visitedBranchPoints="0" sequenceCoverage="0" branchCoverage="0" maxCyclomaticComplexity="1" minCyclomaticComplexity="1" />
              <MetadataToken>100663302</MetadataToken>
              <Name>System.Void JeremyAnsel.ColorQuant.Box::set_G0(System.Int32)</Name>
              <SequencePoints />
              <BranchPoints />
              <MethodPoint vc="779" uspid="6" ordinal="0" offset="0" />
            </Method>
            <Method visited="true" cyclomaticComplexity="1" sequenceCoverage="0" branchCoverage="0" isConstructor="false" isStatic="false" isGetter="true" isSetter="false">
              <Summary numSequencePoints="0" visitedSequencePoints="0" numBranchPoints="0" visitedBranchPoints="0" sequenceCoverage="0" branchCoverage="0" maxCyclomaticComplexity="1" minCyclomaticComplexity="1" />
              <MetadataToken>100663303</MetadataToken>
              <Name>System.Int32 JeremyAnsel.ColorQuant.Box::get_G1()</Name>
              <SequencePoints />
              <BranchPoints />
              <MethodPoint vc="4923071" uspid="7" ordinal="0" offset="0" />
            </Method>
            <Method visited="true" cyclomaticComplexity="1" sequenceCoverage="0" branchCoverage="0" isConstructor="false" isStatic="false" isGetter="false" isSetter="true">
              <Summary numSequencePoints="0" visitedSequencePoints="0" numBranchPoints="0" visitedBranchPoints="0" sequenceCoverage="0" branchCoverage="0" maxCyclomaticComplexity="1" minCyclomaticComplexity="1" />
              <MetadataToken>100663304</MetadataToken>
              <Name>System.Void JeremyAnsel.ColorQuant.Box::set_G1(System.Int32)</Name>
              <SequencePoints />
              <BranchPoints />
              <MethodPoint vc="969" uspid="8" ordinal="0" offset="0" />
            </Method>
            <Method visited="true" cyclomaticComplexity="1" sequenceCoverage="0" branchCoverage="0" isConstructor="false" isStatic="false" isGetter="true" isSetter="false">
              <Summary numSequencePoints="0" visitedSequencePoints="0" numBranchPoints="0" visitedBranchPoints="0" sequenceCoverage="0" branchCoverage="0" maxCyclomaticComplexity="1" minCyclomaticComplexity="1" />
              <MetadataToken>100663305</MetadataToken>
              <Name>System.Int32 JeremyAnsel.ColorQuant.Box::get_B0()</Name>
              <SequencePoints />
              <BranchPoints />
              <MethodPoint vc="4918105" uspid="9" ordinal="0" offset="0" />
            </Method>
            <Method visited="true" cyclomaticComplexity="1" sequenceCoverage="0" branchCoverage="0" isConstructor="false" isStatic="false" isGetter="false" isSetter="true">
              <Summary numSequencePoints="0" visitedSequencePoints="0" numBranchPoints="0" visitedBranchPoints="0" sequenceCoverage="0" branchCoverage="0" maxCyclomaticComplexity="1" minCyclomaticComplexity="1" />
              <MetadataToken>100663306</MetadataToken>
              <Name>System.Void JeremyAnsel.ColorQuant.Box::set_B0(System.Int32)</Name>
              <SequencePoints />
              <BranchPoints />
              <MethodPoint vc="779" uspid="10" ordinal="0" offset="0" />
            </Method>
            <Method visited="true" cyclomaticComplexity="1" sequenceCoverage="0" branchCoverage="0" isConstructor="false" isStatic="false" isGetter="true" isSetter="false">
              <Summary numSequencePoints="0" visitedSequencePoints="0" numBranchPoints="0" visitedBranchPoints="0" sequenceCoverage="0" branchCoverage="0" maxCyclomaticComplexity="1" minCyclomaticComplexity="1" />
              <MetadataToken>100663307</MetadataToken>
              <Name>System.Int32 JeremyAnsel.ColorQuant.Box::get_B1()</Name>
              <SequencePoints />
              <BranchPoints />
              <MethodPoint vc="19036735" uspid="11" ordinal="0" offset="0" />
            </Method>
            <Method visited="true" cyclomaticComplexity="1" sequenceCoverage="0" branchCoverage="0" isConstructor="false" isStatic="false" isGetter="false" isSetter="true">
              <Summary numSequencePoints="0" visitedSequencePoints="0" numBranchPoints="0" visitedBranchPoints="0" sequenceCoverage="0" branchCoverage="0" maxCyclomaticComplexity="1" minCyclomaticComplexity="1" />
              <MetadataToken>100663308</MetadataToken>
              <Name>System.Void JeremyAnsel.ColorQuant.Box::set_B1(System.Int32)</Name>
              <SequencePoints />
              <BranchPoints />
              <MethodPoint vc="969" uspid="12" ordinal="0" offset="0" />
            </Method>
            <Method visited="true" cyclomaticComplexity="1" sequenceCoverage="0" branchCoverage="0" isConstructor="false" isStatic="false" isGetter="true" isSetter="false">
              <Summary numSequencePoints="0" visitedSequencePoints="0" numBranchPoints="0" visitedBranchPoints="0" sequenceCoverage="0" branchCoverage="0" maxCyclomaticComplexity="1" minCyclomaticComplexity="1" />
              <MetadataToken>100663309</MetadataToken>
              <Name>System.Int32 JeremyAnsel.ColorQuant.Box::get_A0()</Name>
              <SequencePoints />
              <BranchPoints />
              <MethodPoint vc="5150415" uspid="13" ordinal="0" offset="0" />
            </Method>
            <Method visited="true" cyclomaticComplexity="1" sequenceCoverage="0" branchCoverage="0" isConstructor="false" isStatic="false" isGetter="false" isSetter="true">
              <Summary numSequencePoints="0" visitedSequencePoints="0" numBranchPoints="0" visitedBranchPoints="0" sequenceCoverage="0" branchCoverage="0" maxCyclomaticComplexity="1" minCyclomaticComplexity="1" />
              <MetadataToken>100663310</MetadataToken>
              <Name>System.Void JeremyAnsel.ColorQuant.Box::set_A0(System.Int32)</Name>
              <SequencePoints />
              <BranchPoints />
              <MethodPoint vc="266" uspid="14" ordinal="0" offset="0" />
            </Method>
            <Method visited="true" cyclomaticComplexity="1" sequenceCoverage="0" branchCoverage="0" isConstructor="false" isStatic="false" isGetter="true" isSetter="false">
              <Summary numSequencePoints="0" visitedSequencePoints="0" numBranchPoints="0" visitedBranchPoints="0" sequenceCoverage="0" branchCoverage="0" maxCyclomaticComplexity="1" minCyclomaticComplexity="1" />
              <MetadataToken>100663311</MetadataToken>
              <Name>System.Int32 JeremyAnsel.ColorQuant.Box::get_A1()</Name>
              <SequencePoints />
              <BranchPoints />
              <MethodPoint vc="19809486" uspid="15" ordinal="0" offset="0" />
            </Method>
            <Method visited="true" cyclomaticComplexity="1" sequenceCoverage="0" branchCoverage="0" isConstructor="false" isStatic="false" isGetter="false" isSetter="true">
              <Summary numSequencePoints="0" visitedSequencePoints="0" numBranchPoints="0" visitedBranchPoints="0" sequenceCoverage="0" branchCoverage="0" maxCyclomaticComplexity="1" minCyclomaticComplexity="1" />
              <MetadataToken>100663312</MetadataToken>
              <Name>System.Void JeremyAnsel.ColorQuant.Box::set_A1(System.Int32)</Name>
              <SequencePoints />
              <BranchPoints />
              <MethodPoint vc="273" uspid="16" ordinal="0" offset="0" />
            </Method>
            <Method visited="true" cyclomaticComplexity="1" sequenceCoverage="0" branchCoverage="0" isConstructor="false" isStatic="false" isGetter="true" isSetter="false">
              <Summary numSequencePoints="0" visitedSequencePoints="0" numBranchPoints="0" visitedBranchPoints="0" sequenceCoverage="0" branchCoverage="0" maxCyclomaticComplexity="1" minCyclomaticComplexity="1" />
              <MetadataToken>100663313</MetadataToken>
              <Name>System.Int32 JeremyAnsel.ColorQuant.Box::get_Volume()</Name>
              <SequencePoints />
              <BranchPoints />
              <MethodPoint vc="1534" uspid="17" ordinal="0" offset="0" />
            </Method>
            <Method visited="true" cyclomaticComplexity="1" sequenceCoverage="0" branchCoverage="0" isConstructor="false" isStatic="false" isGetter="false" isSetter="true">
              <Summary numSequencePoints="0" visitedSequencePoints="0" numBranchPoints="0" visitedBranchPoints="0" sequenceCoverage="0" branchCoverage="0" maxCyclomaticComplexity="1" minCyclomaticComplexity="1" />
              <MetadataToken>100663314</MetadataToken>
              <Name>System.Void JeremyAnsel.ColorQuant.Box::set_Volume(System.Int32)</Name>
              <SequencePoints />
              <BranchPoints />
              <MethodPoint vc="1534" uspid="18" ordinal="0" offset="0" />
            </Method>
            <Method visited="true" cyclomaticComplexity="1" sequenceCoverage="0" branchCoverage="0" isConstructor="true" isStatic="false" isGetter="false" isSetter="false">
              <Summary numSequencePoints="0" visitedSequencePoints="0" numBranchPoints="0" visitedBranchPoints="0" sequenceCoverage="0" branchCoverage="0" maxCyclomaticComplexity="1" minCyclomaticComplexity="1" />
              <MetadataToken>100663315</MetadataToken>
              <Name>System.Void JeremyAnsel.ColorQuant.Box::.ctor()</Name>
              <SequencePoints />
              <BranchPoints />
              <MethodPoint vc="3072" uspid="19" ordinal="0" offset="0" />
            </Method>
          </Methods>
        </Class>
        <Class>
          <Summary numSequencePoints="8" visitedSequencePoints="8" numBranchPoints="7" visitedBranchPoints="7" sequenceCoverage="100" branchCoverage="100" maxCyclomaticComplexity="4" minCyclomaticComplexity="1" />
          <FullName>JeremyAnsel.ColorQuant.ColorQuantizerResult</FullName>
          <Methods>
            <Method visited="true" cyclomaticComplexity="1" sequenceCoverage="0" branchCoverage="0" isConstructor="false" isStatic="false" isGetter="true" isSetter="false">
              <Summary numSequencePoints="0" visitedSequencePoints="0" numBranchPoints="0" visitedBranchPoints="0" sequenceCoverage="0" branchCoverage="0" maxCyclomaticComplexity="1" minCyclomaticComplexity="1" />
              <MetadataToken>100663319</MetadataToken>
              <Name>System.Byte[] JeremyAnsel.ColorQuant.ColorQuantizerResult::get_Palette()</Name>
              <SequencePoints />
              <BranchPoints />
              <MethodPoint vc="12348" uspid="20" ordinal="0" offset="0" />
            </Method>
            <Method visited="true" cyclomaticComplexity="1" sequenceCoverage="0" branchCoverage="0" isConstructor="false" isStatic="false" isGetter="false" isSetter="true">
              <Summary numSequencePoints="0" visitedSequencePoints="0" numBranchPoints="0" visitedBranchPoints="0" sequenceCoverage="0" branchCoverage="0" maxCyclomaticComplexity="1" minCyclomaticComplexity="1" />
              <MetadataToken>100663320</MetadataToken>
              <Name>System.Void JeremyAnsel.ColorQuant.ColorQuantizerResult::set_Palette(System.Byte[])</Name>
              <SequencePoints />
              <BranchPoints />
              <MethodPoint vc="13" uspid="21" ordinal="0" offset="0" />
            </Method>
            <Method visited="true" cyclomaticComplexity="1" sequenceCoverage="0" branchCoverage="0" isConstructor="false" isStatic="false" isGetter="true" isSetter="false">
              <Summary numSequencePoints="0" visitedSequencePoints="0" numBranchPoints="0" visitedBranchPoints="0" sequenceCoverage="0" branchCoverage="0" maxCyclomaticComplexity="1" minCyclomaticComplexity="1" />
              <MetadataToken>100663321</MetadataToken>
              <Name>System.Byte[] JeremyAnsel.ColorQuant.ColorQuantizerResult::get_Bytes()</Name>
              <SequencePoints />
              <BranchPoints />
              <MethodPoint vc="4627" uspid="22" ordinal="0" offset="0" />
            </Method>
            <Method visited="true" cyclomaticComplexity="1" sequenceCoverage="0" branchCoverage="0" isConstructor="false" isStatic="false" isGetter="false" isSetter="true">
              <Summary numSequencePoints="0" visitedSequencePoints="0" numBranchPoints="0" visitedBranchPoints="0" sequenceCoverage="0" branchCoverage="0" maxCyclomaticComplexity="1" minCyclomaticComplexity="1" />
              <MetadataToken>100663322</MetadataToken>
              <Name>System.Void JeremyAnsel.ColorQuant.ColorQuantizerResult::set_Bytes(System.Byte[])</Name>
              <SequencePoints />
              <BranchPoints />
              <MethodPoint vc="13" uspid="23" ordinal="0" offset="0" />
            </Method>
            <Method visited="true" cyclomaticComplexity="4" sequenceCoverage="100" branchCoverage="100" isConstructor="true" isStatic="false" isGetter="false" isSetter="false">
              <Summary numSequencePoints="8" visitedSequencePoints="8" numBranchPoints="7" visitedBranchPoints="7" sequenceCoverage="100" branchCoverage="100" maxCyclomaticComplexity="4" minCyclomaticComplexity="4" />
              <MetadataToken>100663318</MetadataToken>
              <Name>System.Void JeremyAnsel.ColorQuant.ColorQuantizerResult::.ctor(System.Int32,System.Int32)</Name>
              <FileRef uid="1" />
              <SequencePoints>
                <SequencePoint vc="16" uspid="24" ordinal="0" offset="0" sl="23" sc="9" el="23" ec="62" bec="0" bev="0" fileid="1" />
                <SequencePoint vc="16" uspid="25" ordinal="1" offset="6" sl="25" sc="13" el="25" ec="26" bec="2" bev="2" fileid="1" />
                <SequencePoint vc="1" uspid="26" ordinal="2" offset="10" sl="27" sc="17" el="27" ec="63" bec="0" bev="0" fileid="1" />
                <SequencePoint vc="15" uspid="27" ordinal="3" offset="21" sl="30" sc="13" el="30" ec="52" bec="3" bev="3" fileid="1" />
                <SequencePoint vc="2" uspid="28" ordinal="4" offset="33" sl="32" sc="17" el="32" ec="69" bec="0" bev="0" fileid="1" />
                <SequencePoint vc="13" uspid="29" ordinal="5" offset="44" sl="35" sc="13" el="35" ec="53" bec="0" bev="0" fileid="1" />
                <SequencePoint vc="13" uspid="30" ordinal="6" offset="58" sl="36" sc="13" el="36" ec="41" bec="0" bev="0" fileid="1" />
                <SequencePoint vc="13" uspid="31" ordinal="7" offset="70" sl="37" sc="9" el="37" ec="10" bec="0" bev="0" fileid="1" />
              </SequencePoints>
              <BranchPoints>
                <BranchPoint vc="1" uspid="32" ordinal="0" offset="8" sl="25" path="0" offsetend="10" fileid="1" />
                <BranchPoint vc="15" uspid="33" ordinal="1" offset="8" sl="25" path="1" offsetend="21" fileid="1" />
                <BranchPoint vc="14" uspid="34" ordinal="2" offset="23" sl="30" path="0" offsetend="25" fileid="1" />
                <BranchPoint vc="2" uspid="35" ordinal="3" offset="23" sl="30" path="1" offsetend="33" fileid="1" />
                <BranchPoint vc="1" uspid="36" ordinal="4" offset="31" sl="30" path="0" offsetend="33" fileid="1" />
                <BranchPoint vc="13" uspid="37" ordinal="5" offset="31" sl="30" path="1" offsetend="44" fileid="1" />
              </BranchPoints>
              <MethodPoint xsi:type="SequencePoint" vc="16" uspid="24" ordinal="0" offset="0" sl="23" sc="9" el="23" ec="62" bec="0" bev="0" fileid="1" />
            </Method>
          </Methods>
        </Class>
        <Class>
          <Summary numSequencePoints="278" visitedSequencePoints="271" numBranchPoints="105" visitedBranchPoints="97" sequenceCoverage="97.48" branchCoverage="92.38" maxCyclomaticComplexity="16" minCyclomaticComplexity="1" />
          <FullName>JeremyAnsel.ColorQuant.WuAlphaColorQuantizer</FullName>
          <Methods>
            <Method visited="true" cyclomaticComplexity="1" sequenceCoverage="100" branchCoverage="100" isConstructor="true" isStatic="false" isGetter="false" isSetter="false">
              <Summary numSequencePoints="9" visitedSequencePoints="9" numBranchPoints="1" visitedBranchPoints="1" sequenceCoverage="100" branchCoverage="100" maxCyclomaticComplexity="1" minCyclomaticComplexity="1" />
              <MetadataToken>100663323</MetadataToken>
              <Name>System.Void JeremyAnsel.ColorQuant.WuAlphaColorQuantizer::.ctor()</Name>
              <FileRef uid="2" />
              <SequencePoints>
                <SequencePoint vc="1" uspid="38" ordinal="0" offset="0" sl="96" sc="9" el="96" ec="39" bec="0" bev="0" fileid="2" />
                <SequencePoint vc="1" uspid="39" ordinal="1" offset="6" sl="98" sc="13" el="98" ec="68" bec="0" bev="0" fileid="2" />
                <SequencePoint vc="1" uspid="40" ordinal="2" offset="22" sl="99" sc="13" el="99" ec="68" bec="0" bev="0" fileid="2" />
                <SequencePoint vc="1" uspid="41" ordinal="3" offset="38" sl="100" sc="13" el="100" ec="68" bec="0" bev="0" fileid="2" />
                <SequencePoint vc="1" uspid="42" ordinal="4" offset="54" sl="101" sc="13" el="101" ec="68" bec="0" bev="0" fileid="2" />
                <SequencePoint vc="1" uspid="43" ordinal="5" offset="70" sl="102" sc="13" el="102" ec="68" bec="0" bev="0" fileid="2" />
                <SequencePoint vc="1" uspid="44" ordinal="6" offset="86" sl="103" sc="13" el="103" ec="69" bec="0" bev="0" fileid="2" />
                <SequencePoint vc="1" uspid="45" ordinal="7" offset="102" sl="105" sc="13" el="105" ec="68" bec="0" bev="0" fileid="2" />
                <SequencePoint vc="1" uspid="46" ordinal="8" offset="118" sl="106" sc="9" el="106" ec="10" bec="0" bev="0" fileid="2" />
              </SequencePoints>
              <BranchPoints />
              <MethodPoint xsi:type="SequencePoint" vc="1" uspid="38" ordinal="0" offset="0" sl="96" sc="9" el="96" ec="39" bec="0" bev="0" fileid="2" />
            </Method>
            <Method visited="true" cyclomaticComplexity="1" sequenceCoverage="100" branchCoverage="100" isConstructor="false" isStatic="false" isGetter="false" isSetter="false">
              <Summary numSequencePoints="1" visitedSequencePoints="1" numBranchPoints="1" visitedBranchPoints="1" sequenceCoverage="100" branchCoverage="100" maxCyclomaticComplexity="1" minCyclomaticComplexity="1" />
              <MetadataToken>100663324</MetadataToken>
              <Name>JeremyAnsel.ColorQuant.ColorQuantizerResult JeremyAnsel.ColorQuant.WuAlphaColorQuantizer::Quantize(System.Byte[])</Name>
              <FileRef uid="2" />
              <SequencePoints>
                <SequencePoint vc="8" uspid="47" ordinal="0" offset="0" sl="115" sc="13" el="115" ec="46" bec="0" bev="0" fileid="2" />
              </SequencePoints>
              <BranchPoints />
              <MethodPoint xsi:type="SequencePoint" vc="8" uspid="47" ordinal="0" offset="0" sl="115" sc="13" el="115" ec="46" bec="0" bev="0" fileid="2" />
            </Method>
            <Method visited="true" cyclomaticComplexity="4" sequenceCoverage="100" branchCoverage="100" isConstructor="false" isStatic="false" isGetter="false" isSetter="false">
              <Summary numSequencePoints="9" visitedSequencePoints="9" numBranchPoints="7" visitedBranchPoints="7" sequenceCoverage="100" branchCoverage="100" maxCyclomaticComplexity="4" minCyclomaticComplexity="4" />
              <MetadataToken>100663325</MetadataToken>
              <Name>JeremyAnsel.ColorQuant.ColorQuantizerResult JeremyAnsel.ColorQuant.WuAlphaColorQuantizer::Quantize(System.Byte[],System.Int32)</Name>
              <FileRef uid="2" />
              <SequencePoints>
                <SequencePoint vc="11" uspid="48" ordinal="0" offset="0" sl="126" sc="13" el="126" ec="31" bec="2" bev="2" fileid="2" />
                <SequencePoint vc="2" uspid="49" ordinal="1" offset="3" sl="128" sc="17" el="128" ec="58" bec="0" bev="0" fileid="2" />
                <SequencePoint vc="9" uspid="50" ordinal="2" offset="14" sl="131" sc="13" el="131" ec="52" bec="3" bev="3" fileid="2" />
                <SequencePoint vc="2" uspid="51" ordinal="3" offset="26" sl="133" sc="17" el="133" ec="69" bec="0" bev="0" fileid="2" />
                <SequencePoint vc="7" uspid="52" ordinal="4" offset="37" sl="136" sc="13" el="136" ec="26" bec="0" bev="0" fileid="2" />
                <SequencePoint vc="7" uspid="53" ordinal="5" offset="43" sl="138" sc="13" el="138" ec="32" bec="0" bev="0" fileid="2" />
                <SequencePoint vc="7" uspid="54" ordinal="6" offset="50" sl="139" sc="13" el="139" ec="24" bec="0" bev="0" fileid="2" />
                <SequencePoint vc="7" uspid="55" ordinal="7" offset="56" sl="142" sc="13" el="142" ec="54" bec="0" bev="0" fileid="2" />
                <SequencePoint vc="7" uspid="56" ordinal="8" offset="66" sl="144" sc="13" el="144" ec="65" bec="0" bev="0" fileid="2" />
              </SequencePoints>
              <BranchPoints>
                <BranchPoint vc="2" uspid="57" ordinal="0" offset="1" sl="126" path="0" offsetend="3" fileid="2" />
                <BranchPoint vc="9" uspid="58" ordinal="1" offset="1" sl="126" path="1" offsetend="14" fileid="2" />
                <BranchPoint vc="8" uspid="59" ordinal="2" offset="16" sl="131" path="0" offsetend="18" fileid="2" />
                <BranchPoint vc="2" uspid="60" ordinal="3" offset="16" sl="131" path="1" offsetend="26" fileid="2" />
                <BranchPoint vc="1" uspid="61" ordinal="4" offset="24" sl="131" path="0" offsetend="26" fileid="2" />
                <BranchPoint vc="7" uspid="62" ordinal="5" offset="24" sl="131" path="1" offsetend="37" fileid="2" />
              </BranchPoints>
              <MethodPoint xsi:type="SequencePoint" vc="11" uspid="48" ordinal="0" offset="0" sl="126" sc="13" el="126" ec="31" bec="2" bev="2" fileid="2" />
            </Method>
            <Method visited="true" cyclomaticComplexity="1" sequenceCoverage="100" branchCoverage="100" isConstructor="false" isStatic="true" isGetter="false" isSetter="false">
              <Summary numSequencePoints="1" visitedSequencePoints="1" numBranchPoints="1" visitedBranchPoints="1" sequenceCoverage="100" branchCoverage="100" maxCyclomaticComplexity="1" minCyclomaticComplexity="1" />
              <MetadataToken>100663326</MetadataToken>
              <Name>System.Int32 JeremyAnsel.ColorQuant.WuAlphaColorQuantizer::Ind(System.Int32,System.Int32,System.Int32,System.Int32)</Name>
              <FileRef uid="2" />
              <SequencePoints>
                <SequencePoint vc="47123444" uspid="63" ordinal="0" offset="0" sl="157" sc="13" el="164" ec="33" bec="0" bev="0" fileid="2" />
              </SequencePoints>
              <BranchPoints />
              <MethodPoint xsi:type="SequencePoint" vc="47123444" uspid="63" ordinal="0" offset="0" sl="157" sc="13" el="164" ec="33" bec="0" bev="0" fileid="2" />
            </Method>
            <Method visited="true" cyclomaticComplexity="1" sequenceCoverage="100" branchCoverage="100" isConstructor="false" isStatic="true" isGetter="false" isSetter="false">
              <Summary numSequencePoints="1" visitedSequencePoints="1" numBranchPoints="1" visitedBranchPoints="1" sequenceCoverage="100" branchCoverage="100" maxCyclomaticComplexity="1" minCyclomaticComplexity="1" />
              <MetadataToken>100663327</MetadataToken>
              <Name>System.Double JeremyAnsel.ColorQuant.WuAlphaColorQuantizer::Volume(JeremyAnsel.ColorQuant.Box,System.Int64[])</Name>
              <FileRef uid="2" />
              <SequencePoints>
                <SequencePoint vc="6545" uspid="64" ordinal="0" offset="0" sl="175" sc="13" el="190" ec="89" bec="0" bev="0" fileid="2" />
              </SequencePoints>
              <BranchPoints />
              <MethodPoint xsi:type="SequencePoint" vc="6545" uspid="64" ordinal="0" offset="0" sl="175" sc="13" el="190" ec="89" bec="0" bev="0" fileid="2" />
            </Method>
            <Method visited="true" cyclomaticComplexity="6" sequenceCoverage="83.33" branchCoverage="83.33" isConstructor="false" isStatic="true" isGetter="false" isSetter="false">
              <Summary numSequencePoints="6" visitedSequencePoints="5" numBranchPoints="6" visitedBranchPoints="5" sequenceCoverage="83.33" branchCoverage="83.33" maxCyclomaticComplexity="6" minCyclomaticComplexity="6" />
              <MetadataToken>100663328</MetadataToken>
              <Name>System.Int64 JeremyAnsel.ColorQuant.WuAlphaColorQuantizer::Bottom(JeremyAnsel.ColorQuant.Box,System.Int32,System.Int64[])</Name>
              <FileRef uid="2" />
              <SequencePoints>
                <SequencePoint vc="10500" uspid="65" ordinal="0" offset="0" sl="202" sc="13" el="202" ec="31" bec="5" bev="4" fileid="2" />
                <SequencePoint vc="2625" uspid="66" ordinal="1" offset="29" sl="206" sc="21" el="213" ec="97" bec="0" bev="0" fileid="2" />
                <SequencePoint vc="2625" uspid="67" ordinal="2" offset="286" sl="217" sc="21" el="224" ec="97" bec="0" bev="0" fileid="2" />
                <SequencePoint vc="2625" uspid="68" ordinal="3" offset="543" sl="228" sc="21" el="235" ec="97" bec="0" bev="0" fileid="2" />
                <SequencePoint vc="2625" uspid="69" ordinal="4" offset="800" sl="239" sc="21" el="246" ec="97" bec="0" bev="0" fileid="2" />
                <SequencePoint vc="0" uspid="70" ordinal="5" offset="1057" sl="249" sc="21" el="249" ec="72" bec="0" bev="0" fileid="2" />
              </SequencePoints>
              <BranchPoints>
                <BranchPoint vc="0" uspid="71" ordinal="0" offset="3" sl="202" path="0" offsetchain="24" offsetend="1057" fileid="2" />
                <BranchPoint vc="2625" uspid="72" ordinal="1" offset="3" sl="202" path="1" offsetend="800" fileid="2" />
                <BranchPoint vc="2625" uspid="73" ordinal="2" offset="3" sl="202" path="2" offsetend="543" fileid="2" />
                <BranchPoint vc="2625" uspid="74" ordinal="3" offset="3" sl="202" path="3" offsetend="286" fileid="2" />
                <BranchPoint vc="2625" uspid="75" ordinal="4" offset="3" sl="202" path="4" offsetend="29" fileid="2" />
              </BranchPoints>
              <MethodPoint xsi:type="SequencePoint" vc="10500" uspid="65" ordinal="0" offset="0" sl="202" sc="13" el="202" ec="31" bec="5" bev="4" fileid="2" />
            </Method>
            <Method visited="true" cyclomaticComplexity="6" sequenceCoverage="83.33" branchCoverage="83.33" isConstructor="false" isStatic="true" isGetter="false" isSetter="false">
              <Summary numSequencePoints="6" visitedSequencePoints="5" numBranchPoints="6" visitedBranchPoints="5" sequenceCoverage="83.33" branchCoverage="83.33" maxCyclomaticComplexity="6" minCyclomaticComplexity="6" />
              <MetadataToken>100663329</MetadataToken>
              <Name>System.Int64 JeremyAnsel.ColorQuant.WuAlphaColorQuantizer::Top(JeremyAnsel.ColorQuant.Box,System.Int32,System.Int32,System.Int64[])</Name>
              <FileRef uid="2" />
              <SequencePoints>
                <SequencePoint vc="360460" uspid="76" ordinal="0" offset="0" sl="263" sc="13" el="263" ec="31" bec="5" bev="4" fileid="2" />
                <SequencePoint vc="88575" uspid="77" ordinal="1" offset="29" sl="267" sc="21" el="274" ec="98" bec="0" bev="0" fileid="2" />
                <SequencePoint vc="126975" uspid="78" ordinal="2" offset="245" sl="278" sc="21" el="285" ec="98" bec="0" bev="0" fileid="2" />
                <SequencePoint vc="126975" uspid="79" ordinal="3" offset="461" sl="289" sc="21" el="296" ec="98" bec="0" bev="0" fileid="2" />
                <SequencePoint vc="17935" uspid="80" ordinal="4" offset="677" sl="300" sc="21" el="307" ec="98" bec="0" bev="0" fileid="2" />
                <SequencePoint vc="0" uspid="81" ordinal="5" offset="893" sl="310" sc="21" el="310" ec="72" bec="0" bev="0" fileid="2" />
              </SequencePoints>
              <BranchPoints>
                <BranchPoint vc="0" uspid="82" ordinal="0" offset="3" sl="263" path="0" offsetchain="24" offsetend="893" fileid="2" />
                <BranchPoint vc="17935" uspid="83" ordinal="1" offset="3" sl="263" path="1" offsetend="677" fileid="2" />
                <BranchPoint vc="126975" uspid="84" ordinal="2" offset="3" sl="263" path="2" offsetend="461" fileid="2" />
                <BranchPoint vc="126975" uspid="85" ordinal="3" offset="3" sl="263" path="3" offsetend="245" fileid="2" />
                <BranchPoint vc="88575" uspid="86" ordinal="4" offset="3" sl="263" path="4" offsetend="29" fileid="2" />
              </BranchPoints>
              <MethodPoint xsi:type="SequencePoint" vc="360460" uspid="76" ordinal="0" offset="0" sl="263" sc="13" el="263" ec="31" bec="5" bev="4" fileid="2" />
            </Method>
            <Method visited="true" cyclomaticComplexity="1" sequenceCoverage="100" branchCoverage="100" isConstructor="false" isStatic="false" isGetter="false" isSetter="false">
              <Summary numSequencePoints="8" visitedSequencePoints="8" numBranchPoints="1" visitedBranchPoints="1" sequenceCoverage="100" branchCoverage="100" maxCyclomaticComplexity="1" minCyclomaticComplexity="1" />
              <MetadataToken>100663330</MetadataToken>
              <Name>System.Void JeremyAnsel.ColorQuant.WuAlphaColorQuantizer::Clear()</Name>
              <FileRef uid="2" />
              <SequencePoints>
                <SequencePoint vc="7" uspid="87" ordinal="0" offset="0" sl="319" sc="13" el="319" ec="73" bec="0" bev="0" fileid="2" />
                <SequencePoint vc="7" uspid="88" ordinal="1" offset="17" sl="320" sc="13" el="320" ec="73" bec="0" bev="0" fileid="2" />
                <SequencePoint vc="7" uspid="89" ordinal="2" offset="34" sl="321" sc="13" el="321" ec="73" bec="0" bev="0" fileid="2" />
                <SequencePoint vc="7" uspid="90" ordinal="3" offset="51" sl="322" sc="13" el="322" ec="73" bec="0" bev="0" fileid="2" />
                <SequencePoint vc="7" uspid="91" ordinal="4" offset="68" sl="323" sc="13" el="323" ec="73" bec="0" bev="0" fileid="2" />
                <SequencePoint vc="7" uspid="92" ordinal="5" offset="85" sl="324" sc="13" el="324" ec="72" bec="0" bev="0" fileid="2" />
                <SequencePoint vc="7" uspid="93" ordinal="6" offset="102" sl="326" sc="13" el="326" ec="73" bec="0" bev="0" fileid="2" />
                <SequencePoint vc="7" uspid="94" ordinal="7" offset="119" sl="327" sc="9" el="327" ec="10" bec="0" bev="0" fileid="2" />
              </SequencePoints>
              <BranchPoints />
              <MethodPoint xsi:type="SequencePoint" vc="7" uspid="87" ordinal="0" offset="0" sl="319" sc="13" el="319" ec="73" bec="0" bev="0" fileid="2" />
            </Method>
            <Method visited="true" cyclomaticComplexity="2" sequenceCoverage="100" branchCoverage="100" isConstructor="false" isStatic="false" isGetter="false" isSetter="false">
              <Summary numSequencePoints="19" visitedSequencePoints="19" numBranchPoints="3" visitedBranchPoints="3" sequenceCoverage="100" branchCoverage="100" maxCyclomaticComplexity="2" minCyclomaticComplexity="2" />
              <MetadataToken>100663331</MetadataToken>
              <Name>System.Void JeremyAnsel.ColorQuant.WuAlphaColorQuantizer::Hist3d(System.Byte[])</Name>
              <FileRef uid="2" />
              <SequencePoints>
                <SequencePoint vc="7" uspid="95" ordinal="0" offset="0" sl="335" sc="18" el="335" ec="28" bec="0" bev="0" fileid="2" />
                <SequencePoint vc="1282" uspid="96" ordinal="1" offset="7" sl="337" sc="17" el="337" ec="38" bec="0" bev="0" fileid="2" />
                <SequencePoint vc="1282" uspid="97" ordinal="2" offset="13" sl="338" sc="17" el="338" ec="38" bec="0" bev="0" fileid="2" />
                <SequencePoint vc="1282" uspid="98" ordinal="3" offset="19" sl="339" sc="17" el="339" ec="38" bec="0" bev="0" fileid="2" />
                <SequencePoint vc="1282" uspid="99" ordinal="4" offset="25" sl="340" sc="17" el="340" ec="34" bec="0" bev="0" fileid="2" />
                <SequencePoint vc="1282" uspid="100" ordinal="5" offset="30" sl="342" sc="17" el="342" ec="70" bec="0" bev="0" fileid="2" />
                <SequencePoint vc="1282" uspid="101" ordinal="6" offset="35" sl="343" sc="17" el="343" ec="70" bec="0" bev="0" fileid="2" />
                <SequencePoint vc="1282" uspid="102" ordinal="7" offset="40" sl="344" sc="17" el="344" ec="70" bec="0" bev="0" fileid="2" />
                <SequencePoint vc="1282" uspid="103" ordinal="8" offset="46" sl="345" sc="17" el="345" ec="75" bec="0" bev="0" fileid="2" />
                <SequencePoint vc="1282" uspid="104" ordinal="9" offset="51" sl="347" sc="17" el="347" ec="89" bec="0" bev="0" fileid="2" />
                <SequencePoint vc="1282" uspid="105" ordinal="10" offset="74" sl="349" sc="17" el="349" ec="33" bec="0" bev="0" fileid="2" />
                <SequencePoint vc="1282" uspid="106" ordinal="11" offset="101" sl="350" sc="17" el="350" ec="36" bec="0" bev="0" fileid="2" />
                <SequencePoint vc="1282" uspid="107" ordinal="12" offset="128" sl="351" sc="17" el="351" ec="36" bec="0" bev="0" fileid="2" />
                <SequencePoint vc="1282" uspid="108" ordinal="13" offset="155" sl="352" sc="17" el="352" ec="36" bec="0" bev="0" fileid="2" />
                <SequencePoint vc="1282" uspid="109" ordinal="14" offset="183" sl="353" sc="17" el="353" ec="36" bec="0" bev="0" fileid="2" />
                <SequencePoint vc="1282" uspid="110" ordinal="15" offset="210" sl="354" sc="17" el="354" ec="71" bec="0" bev="0" fileid="2" />
                <SequencePoint vc="1282" uspid="111" ordinal="16" offset="253" sl="335" sc="47" el="335" ec="53" bec="0" bev="0" fileid="2" />
                <SequencePoint vc="1289" uspid="112" ordinal="17" offset="257" sl="335" sc="29" el="335" ec="45" bec="2" bev="2" fileid="2" />
                <SequencePoint vc="7" uspid="113" ordinal="18" offset="266" sl="356" sc="9" el="356" ec="10" bec="0" bev="0" fileid="2" />
              </SequencePoints>
              <BranchPoints>
                <BranchPoint vc="7" uspid="114" ordinal="0" offset="261" sl="335" path="0" offsetend="266" fileid="2" />
                <BranchPoint vc="1282" uspid="115" ordinal="1" offset="261" sl="335" path="1" offsetend="7" fileid="2" />
              </BranchPoints>
              <MethodPoint xsi:type="SequencePoint" vc="7" uspid="95" ordinal="0" offset="0" sl="335" sc="18" el="335" ec="28" bec="0" bev="0" fileid="2" />
            </Method>
            <Method visited="true" cyclomaticComplexity="5" sequenceCoverage="100" branchCoverage="100" isConstructor="false" isStatic="false" isGetter="false" isSetter="false">
              <Summary numSequencePoints="70" visitedSequencePoints="70" numBranchPoints="9" visitedBranchPoints="9" sequenceCoverage="100" branchCoverage="100" maxCyclomaticComplexity="5" minCyclomaticComplexity="5" />
              <MetadataToken>100663332</MetadataToken>
              <Name>System.Void JeremyAnsel.ColorQuant.WuAlphaColorQuantizer::M3d()</Name>
              <FileRef uid="2" />
              <SequencePoints>
                <SequencePoint vc="7" uspid="116" ordinal="0" offset="0" sl="364" sc="13" el="364" ec="112" bec="0" bev="0" fileid="2" />
                <SequencePoint vc="7" uspid="117" ordinal="1" offset="11" sl="365" sc="13" el="365" ec="114" bec="0" bev="0" fileid="2" />
                <SequencePoint vc="7" uspid="118" ordinal="2" offset="22" sl="366" sc="13" el="366" ec="114" bec="0" bev="0" fileid="2" />
                <SequencePoint vc="7" uspid="119" ordinal="3" offset="33" sl="367" sc="13" el="367" ec="114" bec="0" bev="0" fileid="2" />
                <SequencePoint vc="7" uspid="120" ordinal="4" offset="44" sl="368" sc="13" el="368" ec="114" bec="0" bev="0" fileid="2" />
                <SequencePoint vc="7" uspid="121" ordinal="5" offset="56" sl="369" sc="13" el="369" ec="117" bec="0" bev="0" fileid="2" />
                <SequencePoint vc="7" uspid="122" ordinal="6" offset="68" sl="371" sc="13" el="371" ec="75" bec="0" bev="0" fileid="2" />
                <SequencePoint vc="7" uspid="123" ordinal="7" offset="77" sl="372" sc="13" el="372" ec="77" bec="0" bev="0" fileid="2" />
                <SequencePoint vc="7" uspid="124" ordinal="8" offset="86" sl="373" sc="13" el="373" ec="77" bec="0" bev="0" fileid="2" />
                <SequencePoint vc="7" uspid="125" ordinal="9" offset="95" sl="374" sc="13" el="374" ec="77" bec="0" bev="0" fileid="2" />
                <SequencePoint vc="7" uspid="126" ordinal="10" offset="104" sl="375" sc="13" el="375" ec="77" bec="0" bev="0" fileid="2" />
                <SequencePoint vc="7" uspid="127" ordinal="11" offset="113" sl="376" sc="13" el="376" ec="80" bec="0" bev="0" fileid="2" />
                <SequencePoint vc="7" uspid="128" ordinal="12" offset="122" sl="378" sc="18" el="378" ec="28" bec="0" bev="0" fileid="2" />
                <SequencePoint vc="448" uspid="129" ordinal="13" offset="130" sl="380" sc="17" el="380" ec="114" bec="0" bev="0" fileid="2" />
                <SequencePoint vc="448" uspid="130" ordinal="14" offset="142" sl="381" sc="17" el="381" ec="116" bec="0" bev="0" fileid="2" />
                <SequencePoint vc="448" uspid="131" ordinal="15" offset="154" sl="382" sc="17" el="382" ec="116" bec="0" bev="0" fileid="2" />
                <SequencePoint vc="448" uspid="132" ordinal="16" offset="166" sl="383" sc="17" el="383" ec="116" bec="0" bev="0" fileid="2" />
                <SequencePoint vc="448" uspid="133" ordinal="17" offset="178" sl="384" sc="17" el="384" ec="116" bec="0" bev="0" fileid="2" />
                <SequencePoint vc="448" uspid="134" ordinal="18" offset="191" sl="385" sc="17" el="385" ec="115" bec="0" bev="0" fileid="2" />
                <SequencePoint vc="448" uspid="135" ordinal="19" offset="204" sl="387" sc="22" el="387" ec="32" bec="0" bev="0" fileid="2" />
                <SequencePoint vc="28672" uspid="136" ordinal="20" offset="212" sl="389" sc="21" el="389" ec="81" bec="0" bev="0" fileid="2" />
                <SequencePoint vc="28672" uspid="137" ordinal="21" offset="222" sl="390" sc="21" el="390" ec="83" bec="0" bev="0" fileid="2" />
                <SequencePoint vc="28672" uspid="138" ordinal="22" offset="232" sl="391" sc="21" el="391" ec="83" bec="0" bev="0" fileid="2" />
                <SequencePoint vc="28672" uspid="139" ordinal="23" offset="242" sl="392" sc="21" el="392" ec="83" bec="0" bev="0" fileid="2" />
                <SequencePoint vc="28672" uspid="140" ordinal="24" offset="252" sl="393" sc="21" el="393" ec="83" bec="0" bev="0" fileid="2" />
                <SequencePoint vc="28672" uspid="141" ordinal="25" offset="262" sl="394" sc="21" el="394" ec="82" bec="0" bev="0" fileid="2" />
                <SequencePoint vc="28672" uspid="142" ordinal="26" offset="272" sl="396" sc="26" el="396" ec="36" bec="0" bev="0" fileid="2" />
                <SequencePoint vc="1835008" uspid="143" ordinal="27" offset="280" sl="398" sc="25" el="398" ec="39" bec="0" bev="0" fileid="2" />
                <SequencePoint vc="1835008" uspid="144" ordinal="28" offset="284" sl="399" sc="25" el="399" ec="41" bec="0" bev="0" fileid="2" />
                <SequencePoint vc="1835008" uspid="145" ordinal="29" offset="288" sl="400" sc="25" el="400" ec="41" bec="0" bev="0" fileid="2" />
                <SequencePoint vc="1835008" uspid="146" ordinal="30" offset="292" sl="401" sc="25" el="401" ec="41" bec="0" bev="0" fileid="2" />
                <SequencePoint vc="1835008" uspid="147" ordinal="31" offset="296" sl="402" sc="25" el="402" ec="41" bec="0" bev="0" fileid="2" />
                <SequencePoint vc="1835008" uspid="148" ordinal="32" offset="300" sl="403" sc="25" el="403" ec="42" bec="0" bev="0" fileid="2" />
                <SequencePoint vc="1835008" uspid="149" ordinal="33" offset="311" sl="405" sc="30" el="405" ec="40" bec="0" bev="0" fileid="2" />
                <SequencePoint vc="14680064" uspid="150" ordinal="34" offset="319" sl="407" sc="29" el="407" ec="78" bec="0" bev="0" fileid="2" />
                <SequencePoint vc="14680064" uspid="151" ordinal="35" offset="334" sl="409" sc="29" el="409" ec="52" bec="0" bev="0" fileid="2" />
                <SequencePoint vc="14680064" uspid="152" ordinal="36" offset="348" sl="410" sc="29" el="410" ec="54" bec="0" bev="0" fileid="2" />
                <SequencePoint vc="14680064" uspid="153" ordinal="37" offset="362" sl="411" sc="29" el="411" ec="54" bec="0" bev="0" fileid="2" />
                <SequencePoint vc="14680064" uspid="154" ordinal="38" offset="376" sl="412" sc="29" el="412" ec="54" bec="0" bev="0" fileid="2" />
                <SequencePoint vc="14680064" uspid="155" ordinal="39" offset="390" sl="413" sc="29" el="413" ec="54" bec="0" bev="0" fileid="2" />
                <SequencePoint vc="14680064" uspid="156" ordinal="40" offset="404" sl="414" sc="29" el="414" ec="52" bec="0" bev="0" fileid="2" />
                <SequencePoint vc="14680064" uspid="157" ordinal="41" offset="418" sl="416" sc="29" el="416" ec="45" bec="0" bev="0" fileid="2" />
                <SequencePoint vc="14680064" uspid="158" ordinal="42" offset="441" sl="417" sc="29" el="417" ec="49" bec="0" bev="0" fileid="2" />
                <SequencePoint vc="14680064" uspid="159" ordinal="43" offset="464" sl="418" sc="29" el="418" ec="49" bec="0" bev="0" fileid="2" />
                <SequencePoint vc="14680064" uspid="160" ordinal="44" offset="487" sl="419" sc="29" el="419" ec="49" bec="0" bev="0" fileid="2" />
                <SequencePoint vc="14680064" uspid="161" ordinal="45" offset="510" sl="420" sc="29" el="420" ec="49" bec="0" bev="0" fileid="2" />
                <SequencePoint vc="14680064" uspid="162" ordinal="46" offset="533" sl="421" sc="29" el="421" ec="47" bec="0" bev="0" fileid="2" />
                <SequencePoint vc="14680064" uspid="163" ordinal="47" offset="556" sl="423" sc="29" el="423" ec="87" bec="0" bev="0" fileid="2" />
                <SequencePoint vc="14680064" uspid="164" ordinal="48" offset="566" sl="425" sc="29" el="425" ec="52" bec="0" bev="0" fileid="2" />
                <SequencePoint vc="14680064" uspid="165" ordinal="49" offset="591" sl="426" sc="29" el="426" ec="56" bec="0" bev="0" fileid="2" />
                <SequencePoint vc="14680064" uspid="166" ordinal="50" offset="616" sl="427" sc="29" el="427" ec="56" bec="0" bev="0" fileid="2" />
                <SequencePoint vc="14680064" uspid="167" ordinal="51" offset="641" sl="428" sc="29" el="428" ec="56" bec="0" bev="0" fileid="2" />
                <SequencePoint vc="14680064" uspid="168" ordinal="52" offset="666" sl="429" sc="29" el="429" ec="56" bec="0" bev="0" fileid="2" />
                <SequencePoint vc="14680064" uspid="169" ordinal="53" offset="692" sl="430" sc="29" el="430" ec="54" bec="0" bev="0" fileid="2" />
                <SequencePoint vc="14680064" uspid="170" ordinal="54" offset="718" sl="432" sc="29" el="432" ec="85" bec="0" bev="0" fileid="2" />
                <SequencePoint vc="14680064" uspid="171" ordinal="55" offset="732" sl="434" sc="29" el="434" ec="75" bec="0" bev="0" fileid="2" />
                <SequencePoint vc="14680064" uspid="172" ordinal="56" offset="755" sl="435" sc="29" el="435" ec="77" bec="0" bev="0" fileid="2" />
                <SequencePoint vc="14680064" uspid="173" ordinal="57" offset="778" sl="436" sc="29" el="436" ec="77" bec="0" bev="0" fileid="2" />
                <SequencePoint vc="14680064" uspid="174" ordinal="58" offset="801" sl="437" sc="29" el="437" ec="77" bec="0" bev="0" fileid="2" />
                <SequencePoint vc="14680064" uspid="175" ordinal="59" offset="824" sl="438" sc="29" el="438" ec="77" bec="0" bev="0" fileid="2" />
                <SequencePoint vc="14680064" uspid="176" ordinal="60" offset="848" sl="439" sc="29" el="439" ec="74" bec="0" bev="0" fileid="2" />
                <SequencePoint vc="14680064" uspid="177" ordinal="61" offset="872" sl="405" sc="84" el="405" ec="87" bec="0" bev="0" fileid="2" />
                <SequencePoint vc="16515072" uspid="178" ordinal="62" offset="878" sl="405" sc="41" el="405" ec="82" bec="2" bev="2" fileid="2" />
                <SequencePoint vc="1835008" uspid="179" ordinal="63" offset="887" sl="396" sc="75" el="396" ec="78" bec="0" bev="0" fileid="2" />
                <SequencePoint vc="1863680" uspid="180" ordinal="64" offset="893" sl="396" sc="37" el="396" ec="73" bec="2" bev="2" fileid="2" />
                <SequencePoint vc="28672" uspid="181" ordinal="65" offset="902" sl="387" sc="71" el="387" ec="74" bec="0" bev="0" fileid="2" />
                <SequencePoint vc="29120" uspid="182" ordinal="66" offset="908" sl="387" sc="33" el="387" ec="69" bec="2" bev="2" fileid="2" />
                <SequencePoint vc="448" uspid="183" ordinal="67" offset="917" sl="378" sc="67" el="378" ec="70" bec="0" bev="0" fileid="2" />
                <SequencePoint vc="455" uspid="184" ordinal="68" offset="923" sl="378" sc="29" el="378" ec="65" bec="2" bev="2" fileid="2" />
                <SequencePoint vc="7" uspid="185" ordinal="69" offset="932" sl="444" sc="9" el="444" ec="10" bec="0" bev="0" fileid="2" />
              </SequencePoints>
              <BranchPoints>
                <BranchPoint vc="1835008" uspid="186" ordinal="0" offset="882" sl="405" path="0" offsetend="887" fileid="2" />
                <BranchPoint vc="14680064" uspid="187" ordinal="1" offset="882" sl="405" path="1" offsetend="319" fileid="2" />
                <BranchPoint vc="28672" uspid="188" ordinal="2" offset="897" sl="396" path="0" offsetend="902" fileid="2" />
                <BranchPoint vc="1835008" uspid="189" ordinal="3" offset="897" sl="396" path="1" offsetend="280" fileid="2" />
                <BranchPoint vc="448" uspid="190" ordinal="4" offset="912" sl="387" path="0" offsetend="917" fileid="2" />
                <BranchPoint vc="28672" uspid="191" ordinal="5" offset="912" sl="387" path="1" offsetend="212" fileid="2" />
                <BranchPoint vc="7" uspid="192" ordinal="6" offset="927" sl="378" path="0" offsetend="932" fileid="2" />
                <BranchPoint vc="448" uspid="193" ordinal="7" offset="927" sl="378" path="1" offsetend="130" fileid="2" />
              </BranchPoints>
              <MethodPoint xsi:type="SequencePoint" vc="7" uspid="116" ordinal="0" offset="0" sl="364" sc="13" el="364" ec="112" bec="0" bev="0" fileid="2" />
            </Method>
            <Method visited="true" cyclomaticComplexity="1" sequenceCoverage="100" branchCoverage="100" isConstructor="false" isStatic="false" isGetter="false" isSetter="false">
              <Summary numSequencePoints="6" visitedSequencePoints="6" numBranchPoints="1" visitedBranchPoints="1" sequenceCoverage="100" branchCoverage="100" maxCyclomaticComplexity="1" minCyclomaticComplexity="1" />
              <MetadataToken>100663333</MetadataToken>
              <Name>System.Double JeremyAnsel.ColorQuant.WuAlphaColorQuantizer::Var(JeremyAnsel.ColorQuant.Box)</Name>
              <FileRef uid="2" />
              <SequencePoints>
                <SequencePoint vc="518" uspid="194" ordinal="0" offset="0" sl="453" sc="13" el="453" ec="70" bec="0" bev="0" fileid="2" />
                <SequencePoint vc="518" uspid="195" ordinal="1" offset="13" sl="454" sc="13" el="454" ec="70" bec="0" bev="0" fileid="2" />
                <SequencePoint vc="518" uspid="196" ordinal="2" offset="26" sl="455" sc="13" el="455" ec="70" bec="0" bev="0" fileid="2" />
                <SequencePoint vc="518" uspid="197" ordinal="3" offset="39" sl="456" sc="13" el="456" ec="70" bec="0" bev="0" fileid="2" />
                <SequencePoint vc="518" uspid="198" ordinal="4" offset="52" sl="458" sc="13" el="474" ec="90" bec="0" bev="0" fileid="2" />
                <SequencePoint vc="518" uspid="199" ordinal="5" offset="645" sl="476" sc="13" el="476" ec="122" bec="0" bev="0" fileid="2" />
              </SequencePoints>
              <BranchPoints />
              <MethodPoint xsi:type="SequencePoint" vc="518" uspid="194" ordinal="0" offset="0" sl="453" sc="13" el="453" ec="70" bec="0" bev="0" fileid="2" />
            </Method>
            <Method visited="true" cyclomaticComplexity="5" sequenceCoverage="100" branchCoverage="100" isConstructor="false" isStatic="false" isGetter="false" isSetter="false">
              <Summary numSequencePoints="28" visitedSequencePoints="28" numBranchPoints="9" visitedBranchPoints="9" sequenceCoverage="100" branchCoverage="100" maxCyclomaticComplexity="5" minCyclomaticComplexity="5" />
              <MetadataToken>100663334</MetadataToken>
              <Name>System.Double JeremyAnsel.ColorQuant.WuAlphaColorQuantizer::Maximize(JeremyAnsel.ColorQuant.Box,System.Int32,System.Int32,System.Int32,System.Int32&amp;,System.Double,System.Double,System.Double,System.Double,System.Double)</Name>
              <FileRef uid="2" />
              <SequencePoints>
                <SequencePoint vc="2100" uspid="200" ordinal="0" offset="0" sl="499" sc="13" el="499" ec="83" bec="0" bev="0" fileid="2" />
                <SequencePoint vc="2100" uspid="201" ordinal="1" offset="14" sl="500" sc="13" el="500" ec="83" bec="0" bev="0" fileid="2" />
                <SequencePoint vc="2100" uspid="202" ordinal="2" offset="28" sl="501" sc="13" el="501" ec="83" bec="0" bev="0" fileid="2" />
                <SequencePoint vc="2100" uspid="203" ordinal="3" offset="42" sl="502" sc="13" el="502" ec="83" bec="0" bev="0" fileid="2" />
                <SequencePoint vc="2100" uspid="204" ordinal="4" offset="56" sl="503" sc="13" el="503" ec="83" bec="0" bev="0" fileid="2" />
                <SequencePoint vc="2100" uspid="205" ordinal="5" offset="71" sl="505" sc="13" el="505" ec="30" bec="0" bev="0" fileid="2" />
                <SequencePoint vc="2100" uspid="206" ordinal="6" offset="82" sl="506" sc="13" el="506" ec="22" bec="0" bev="0" fileid="2" />
                <SequencePoint vc="2100" uspid="207" ordinal="7" offset="86" sl="508" sc="18" el="508" ec="32" bec="0" bev="0" fileid="2" />
                <SequencePoint vc="72092" uspid="208" ordinal="8" offset="94" sl="510" sc="17" el="510" ec="98" bec="0" bev="0" fileid="2" />
                <SequencePoint vc="72092" uspid="209" ordinal="9" offset="114" sl="511" sc="17" el="511" ec="98" bec="0" bev="0" fileid="2" />
                <SequencePoint vc="72092" uspid="210" ordinal="10" offset="134" sl="512" sc="17" el="512" ec="98" bec="0" bev="0" fileid="2" />
                <SequencePoint vc="72092" uspid="211" ordinal="11" offset="154" sl="513" sc="17" el="513" ec="98" bec="0" bev="0" fileid="2" />
                <SequencePoint vc="72092" uspid="212" ordinal="12" offset="174" sl="514" sc="17" el="514" ec="98" bec="0" bev="0" fileid="2" />
                <SequencePoint vc="72092" uspid="213" ordinal="13" offset="195" sl="518" sc="17" el="518" ec="33" bec="2" bev="2" fileid="2" />
                <SequencePoint vc="62373" uspid="214" ordinal="14" offset="208" sl="524" sc="21" el="524" ec="117" bec="0" bev="0" fileid="2" />
                <SequencePoint vc="62373" uspid="215" ordinal="15" offset="236" sl="527" sc="17" el="527" ec="43" bec="0" bev="0" fileid="2" />
                <SequencePoint vc="62373" uspid="216" ordinal="16" offset="243" sl="528" sc="17" el="528" ec="43" bec="0" bev="0" fileid="2" />
                <SequencePoint vc="62373" uspid="217" ordinal="17" offset="250" sl="529" sc="17" el="529" ec="43" bec="0" bev="0" fileid="2" />
                <SequencePoint vc="62373" uspid="218" ordinal="18" offset="257" sl="530" sc="17" el="530" ec="43" bec="0" bev="0" fileid="2" />
                <SequencePoint vc="62373" uspid="219" ordinal="19" offset="264" sl="531" sc="17" el="531" ec="43" bec="0" bev="0" fileid="2" />
                <SequencePoint vc="62373" uspid="220" ordinal="20" offset="271" sl="533" sc="17" el="533" ec="33" bec="2" bev="2" fileid="2" />
                <SequencePoint vc="1943" uspid="221" ordinal="21" offset="284" sl="539" sc="21" el="539" ec="118" bec="0" bev="0" fileid="2" />
                <SequencePoint vc="1943" uspid="222" ordinal="22" offset="315" sl="542" sc="17" el="542" ec="32" bec="2" bev="2" fileid="2" />
                <SequencePoint vc="1164" uspid="223" ordinal="23" offset="321" sl="544" sc="21" el="544" ec="32" bec="0" bev="0" fileid="2" />
                <SequencePoint vc="1164" uspid="224" ordinal="24" offset="325" sl="545" sc="21" el="545" ec="29" bec="0" bev="0" fileid="2" />
                <SequencePoint vc="72092" uspid="225" ordinal="25" offset="330" sl="508" sc="43" el="508" ec="46" bec="0" bev="0" fileid="2" />
                <SequencePoint vc="74192" uspid="226" ordinal="26" offset="336" sl="508" sc="33" el="508" ec="41" bec="2" bev="2" fileid="2" />
                <SequencePoint vc="2100" uspid="227" ordinal="27" offset="345" sl="549" sc="13" el="549" ec="24" bec="0" bev="0" fileid="2" />
              </SequencePoints>
              <BranchPoints>
                <BranchPoint vc="62373" uspid="228" ordinal="0" offset="206" sl="518" path="0" offsetend="208" fileid="2" />
                <BranchPoint vc="9719" uspid="229" ordinal="1" offset="206" sl="518" path="1" offsetend="330" fileid="2" />
                <BranchPoint vc="1943" uspid="230" ordinal="2" offset="282" sl="533" path="0" offsetend="284" fileid="2" />
                <BranchPoint vc="60430" uspid="231" ordinal="3" offset="282" sl="533" path="1" offsetend="330" fileid="2" />
                <BranchPoint vc="1164" uspid="232" ordinal="4" offset="319" sl="542" path="0" offsetend="321" fileid="2" />
                <BranchPoint vc="779" uspid="233" ordinal="5" offset="319" sl="542" path="1" offsetend="330" fileid="2" />
                <BranchPoint vc="2100" uspid="234" ordinal="6" offset="340" sl="508" path="0" offsetend="345" fileid="2" />
                <BranchPoint vc="72092" uspid="235" ordinal="7" offset="340" sl="508" path="1" offsetend="94" fileid="2" />
              </BranchPoints>
              <MethodPoint xsi:type="SequencePoint" vc="2100" uspid="200" ordinal="0" offset="0" sl="499" sc="13" el="499" ec="83" bec="0" bev="0" fileid="2" />
            </Method>
            <Method visited="true" cyclomaticComplexity="16" sequenceCoverage="100" branchCoverage="92.31" isConstructor="false" isStatic="false" isGetter="false" isSetter="false">
              <Summary numSequencePoints="45" visitedSequencePoints="45" numBranchPoints="26" visitedBranchPoints="24" sequenceCoverage="100" branchCoverage="92.31" maxCyclomaticComplexity="16" minCyclomaticComplexity="16" />
              <MetadataToken>100663335</MetadataToken>
              <Name>System.Boolean JeremyAnsel.ColorQuant.WuAlphaColorQuantizer::Cut(JeremyAnsel.ColorQuant.Box,JeremyAnsel.ColorQuant.Box)</Name>
              <FileRef uid="2" />
              <SequencePoints>
                <SequencePoint vc="525" uspid="236" ordinal="0" offset="0" sl="560" sc="13" el="560" ec="75" bec="0" bev="0" fileid="2" />
                <SequencePoint vc="525" uspid="237" ordinal="1" offset="13" sl="561" sc="13" el="561" ec="75" bec="0" bev="0" fileid="2" />
                <SequencePoint vc="525" uspid="238" ordinal="2" offset="26" sl="562" sc="13" el="562" ec="75" bec="0" bev="0" fileid="2" />
                <SequencePoint vc="525" uspid="239" ordinal="3" offset="39" sl="563" sc="13" el="563" ec="75" bec="0" bev="0" fileid="2" />
                <SequencePoint vc="525" uspid="240" ordinal="4" offset="52" sl="564" sc="13" el="564" ec="75" bec="0" bev="0" fileid="2" />
                <SequencePoint vc="525" uspid="241" ordinal="5" offset="66" sl="571" sc="13" el="571" ec="127" bec="0" bev="0" fileid="2" />
                <SequencePoint vc="525" uspid="242" ordinal="6" offset="98" sl="572" sc="13" el="572" ec="127" bec="0" bev="0" fileid="2" />
                <SequencePoint vc="525" uspid="243" ordinal="7" offset="130" sl="573" sc="13" el="573" ec="127" bec="0" bev="0" fileid="2" />
                <SequencePoint vc="525" uspid="244" ordinal="8" offset="162" sl="574" sc="13" el="574" ec="127" bec="0" bev="0" fileid="2" />
                <SequencePoint vc="525" uspid="245" ordinal="9" offset="194" sl="578" sc="13" el="578" ec="68" bec="4" bev="4" fileid="2" />
                <SequencePoint vc="392" uspid="246" ordinal="10" offset="212" sl="580" sc="17" el="580" ec="25" bec="0" bev="0" fileid="2" />
                <SequencePoint vc="392" uspid="247" ordinal="11" offset="215" sl="582" sc="17" el="582" ec="30" bec="2" bev="2" fileid="2" />
                <SequencePoint vc="266" uspid="248" ordinal="12" offset="220" sl="584" sc="21" el="584" ec="34" bec="0" bev="0" fileid="2" />
                <SequencePoint vc="133" uspid="249" ordinal="13" offset="222" sl="587" sc="18" el="587" ec="73" bec="4" bev="4" fileid="2" />
                <SequencePoint vc="63" uspid="250" ordinal="14" offset="240" sl="589" sc="17" el="589" ec="25" bec="0" bev="0" fileid="2" />
                <SequencePoint vc="70" uspid="251" ordinal="15" offset="245" sl="591" sc="18" el="591" ec="73" bec="4" bev="4" fileid="2" />
                <SequencePoint vc="63" uspid="252" ordinal="16" offset="263" sl="593" sc="17" el="593" ec="25" bec="0" bev="0" fileid="2" />
                <SequencePoint vc="7" uspid="253" ordinal="17" offset="268" sl="597" sc="17" el="597" ec="25" bec="0" bev="0" fileid="2" />
                <SequencePoint vc="259" uspid="254" ordinal="18" offset="271" sl="600" sc="13" el="600" ec="31" bec="0" bev="0" fileid="2" />
                <SequencePoint vc="259" uspid="255" ordinal="19" offset="283" sl="601" sc="13" el="601" ec="31" bec="0" bev="0" fileid="2" />
                <SequencePoint vc="259" uspid="256" ordinal="20" offset="295" sl="602" sc="13" el="602" ec="31" bec="0" bev="0" fileid="2" />
                <SequencePoint vc="259" uspid="257" ordinal="21" offset="307" sl="603" sc="13" el="603" ec="31" bec="0" bev="0" fileid="2" />
                <SequencePoint vc="259" uspid="258" ordinal="22" offset="319" sl="605" sc="13" el="605" ec="25" bec="5" bev="4" fileid="2" />
                <SequencePoint vc="126" uspid="259" ordinal="23" offset="351" sl="609" sc="21" el="609" ec="46" bec="0" bev="0" fileid="2" />
                <SequencePoint vc="126" uspid="260" ordinal="24" offset="370" sl="610" sc="21" el="610" ec="39" bec="0" bev="0" fileid="2" />
                <SequencePoint vc="126" uspid="261" ordinal="25" offset="382" sl="611" sc="21" el="611" ec="39" bec="0" bev="0" fileid="2" />
                <SequencePoint vc="126" uspid="262" ordinal="26" offset="394" sl="612" sc="21" el="612" ec="39" bec="0" bev="0" fileid="2" />
                <SequencePoint vc="126" uspid="263" ordinal="27" offset="406" sl="613" sc="21" el="613" ec="27" bec="0" bev="0" fileid="2" />
                <SequencePoint vc="63" uspid="264" ordinal="28" offset="411" sl="617" sc="21" el="617" ec="46" bec="0" bev="0" fileid="2" />
                <SequencePoint vc="63" uspid="265" ordinal="29" offset="430" sl="618" sc="21" el="618" ec="39" bec="0" bev="0" fileid="2" />
                <SequencePoint vc="63" uspid="266" ordinal="30" offset="442" sl="619" sc="21" el="619" ec="39" bec="0" bev="0" fileid="2" />
                <SequencePoint vc="63" uspid="267" ordinal="31" offset="454" sl="620" sc="21" el="620" ec="39" bec="0" bev="0" fileid="2" />
                <SequencePoint vc="63" uspid="268" ordinal="32" offset="466" sl="621" sc="21" el="621" ec="27" bec="0" bev="0" fileid="2" />
                <SequencePoint vc="63" uspid="269" ordinal="33" offset="468" sl="625" sc="21" el="625" ec="46" bec="0" bev="0" fileid="2" />
                <SequencePoint vc="63" uspid="270" ordinal="34" offset="487" sl="626" sc="21" el="626" ec="39" bec="0" bev="0" fileid="2" />
                <SequencePoint vc="63" uspid="271" ordinal="35" offset="499" sl="627" sc="21" el="627" ec="39" bec="0" bev="0" fileid="2" />
                <SequencePoint vc="63" uspid="272" ordinal="36" offset="511" sl="628" sc="21" el="628" ec="39" bec="0" bev="0" fileid="2" />
                <SequencePoint vc="63" uspid="273" ordinal="37" offset="523" sl="629" sc="21" el="629" ec="27" bec="0" bev="0" fileid="2" />
                <SequencePoint vc="7" uspid="274" ordinal="38" offset="525" sl="633" sc="21" el="633" ec="46" bec="0" bev="0" fileid="2" />
                <SequencePoint vc="7" uspid="275" ordinal="39" offset="544" sl="634" sc="21" el="634" ec="39" bec="0" bev="0" fileid="2" />
                <SequencePoint vc="7" uspid="276" ordinal="40" offset="556" sl="635" sc="21" el="635" ec="39" bec="0" bev="0" fileid="2" />
                <SequencePoint vc="7" uspid="277" ordinal="41" offset="568" sl="636" sc="21" el="636" ec="39" bec="0" bev="0" fileid="2" />
                <SequencePoint vc="259" uspid="278" ordinal="42" offset="580" sl="640" sc="13" el="640" ec="113" bec="0" bev="0" fileid="2" />
                <SequencePoint vc="259" uspid="279" ordinal="43" offset="641" sl="641" sc="13" el="641" ec="113" bec="0" bev="0" fileid="2" />
                <SequencePoint vc="259" uspid="280" ordinal="44" offset="702" sl="643" sc="13" el="643" ec="25" bec="0" bev="0" fileid="2" />
              </SequencePoints>
              <BranchPoints>
                <BranchPoint vc="462" uspid="281" ordinal="0" offset="198" sl="578" path="0" offsetend="200" fileid="2" />
                <BranchPoint vc="133" uspid="282" ordinal="1" offset="198" sl="578" path="1" offsetend="222" fileid="2" />
                <BranchPoint vc="399" uspid="283" ordinal="2" offset="204" sl="578" path="0" offsetend="206" fileid="2" />
                <BranchPoint vc="63" uspid="284" ordinal="3" offset="204" sl="578" path="1" offsetend="222" fileid="2" />
                <BranchPoint vc="392" uspid="285" ordinal="4" offset="210" sl="578" path="0" offsetend="212" fileid="2" />
                <BranchPoint vc="7" uspid="286" ordinal="5" offset="210" sl="578" path="1" offsetend="222" fileid="2" />
                <BranchPoint vc="266" uspid="287" ordinal="6" offset="218" sl="582" path="0" offsetend="220" fileid="2" />
                <BranchPoint vc="126" uspid="288" ordinal="7" offset="218" sl="582" path="1" offsetend="271" fileid="2" />
                <BranchPoint vc="133" uspid="289" ordinal="8" offset="226" sl="587" path="0" offsetend="228" fileid="2" />
                <BranchPoint vc="70" uspid="290" ordinal="9" offset="226" sl="587" path="1" offsetend="245" fileid="2" />
                <BranchPoint vc="70" uspid="291" ordinal="10" offset="232" sl="587" path="0" offsetend="234" fileid="2" />
                <BranchPoint vc="63" uspid="292" ordinal="11" offset="232" sl="587" path="1" offsetend="245" fileid="2" />
                <BranchPoint vc="63" uspid="293" ordinal="12" offset="238" sl="587" path="0" offsetend="240" fileid="2" />
                <BranchPoint vc="7" uspid="294" ordinal="13" offset="238" sl="587" path="1" offsetend="245" fileid="2" />
                <BranchPoint vc="70" uspid="295" ordinal="14" offset="249" sl="591" path="0" offsetend="251" fileid="2" />
                <BranchPoint vc="7" uspid="296" ordinal="15" offset="249" sl="591" path="1" offsetend="268" fileid="2" />
                <BranchPoint vc="70" uspid="297" ordinal="16" offset="255" sl="591" path="0" offsetend="257" fileid="2" />
                <BranchPoint vc="0" uspid="298" ordinal="17" offset="255" sl="591" path="1" offsetend="268" fileid="2" />
                <BranchPoint vc="63" uspid="299" ordinal="18" offset="261" sl="591" path="0" offsetend="263" fileid="2" />
                <BranchPoint vc="7" uspid="300" ordinal="19" offset="261" sl="591" path="1" offsetend="268" fileid="2" />
                <BranchPoint vc="0" uspid="301" ordinal="20" offset="325" sl="605" path="0" offsetchain="346" offsetend="580" fileid="2" />
                <BranchPoint vc="7" uspid="302" ordinal="21" offset="325" sl="605" path="1" offsetend="525" fileid="2" />
                <BranchPoint vc="63" uspid="303" ordinal="22" offset="325" sl="605" path="2" offsetend="468" fileid="2" />
                <BranchPoint vc="63" uspid="304" ordinal="23" offset="325" sl="605" path="3" offsetend="411" fileid="2" />
                <BranchPoint vc="126" uspid="305" ordinal="24" offset="325" sl="605" path="4" offsetend="351" fileid="2" />
              </BranchPoints>
              <MethodPoint xsi:type="SequencePoint" vc="525" uspid="236" ordinal="0" offset="0" sl="560" sc="13" el="560" ec="75" bec="0" bev="0" fileid="2" />
            </Method>
            <Method visited="true" cyclomaticComplexity="5" sequenceCoverage="100" branchCoverage="100" isConstructor="false" isStatic="false" isGetter="false" isSetter="false">
              <Summary numSequencePoints="14" visitedSequencePoints="14" numBranchPoints="9" visitedBranchPoints="9" sequenceCoverage="100" branchCoverage="100" maxCyclomaticComplexity="5" minCyclomaticComplexity="5" />
              <MetadataToken>100663336</MetadataToken>
              <Name>System.Void JeremyAnsel.ColorQuant.WuAlphaColorQuantizer::Mark(JeremyAnsel.ColorQuant.Box,System.Byte)</Name>
              <FileRef uid="2" />
              <SequencePoints>
                <SequencePoint vc="266" uspid="306" ordinal="0" offset="0" sl="653" sc="18" el="653" ec="38" bec="0" bev="0" fileid="2" />
                <SequencePoint vc="8960" uspid="307" ordinal="1" offset="11" sl="655" sc="22" el="655" ec="42" bec="0" bev="0" fileid="2" />
                <SequencePoint vc="315392" uspid="308" ordinal="2" offset="22" sl="657" sc="26" el="657" ec="46" bec="0" bev="0" fileid="2" />
                <SequencePoint vc="3670016" uspid="309" ordinal="3" offset="33" sl="659" sc="30" el="659" ec="50" bec="0" bev="0" fileid="2" />
                <SequencePoint vc="14680064" uspid="310" ordinal="4" offset="44" sl="661" sc="29" el="661" ec="85" bec="0" bev="0" fileid="2" />
                <SequencePoint vc="14680064" uspid="311" ordinal="5" offset="61" sl="659" sc="65" el="659" ec="68" bec="0" bev="0" fileid="2" />
                <SequencePoint vc="18350080" uspid="312" ordinal="6" offset="65" sl="659" sc="51" el="659" ec="63" bec="2" bev="2" fileid="2" />
                <SequencePoint vc="3670016" uspid="313" ordinal="7" offset="74" sl="657" sc="61" el="657" ec="64" bec="0" bev="0" fileid="2" />
                <SequencePoint vc="3985408" uspid="314" ordinal="8" offset="78" sl="657" sc="47" el="657" ec="59" bec="2" bev="2" fileid="2" />
                <SequencePoint vc="315392" uspid="315" ordinal="9" offset="87" sl="655" sc="57" el="655" ec="60" bec="0" bev="0" fileid="2" />
                <SequencePoint vc="324352" uspid="316" ordinal="10" offset="91" sl="655" sc="43" el="655" ec="55" bec="2" bev="2" fileid="2" />
                <SequencePoint vc="8960" uspid="317" ordinal="11" offset="100" sl="653" sc="53" el="653" ec="56" bec="0" bev="0" fileid="2" />
                <SequencePoint vc="9226" uspid="318" ordinal="12" offset="104" sl="653" sc="39" el="653" ec="51" bec="2" bev="2" fileid="2" />
                <SequencePoint vc="266" uspid="319" ordinal="13" offset="113" sl="666" sc="9" el="666" ec="10" bec="0" bev="0" fileid="2" />
              </SequencePoints>
              <BranchPoints>
                <BranchPoint vc="3670016" uspid="320" ordinal="0" offset="72" sl="659" path="0" offsetend="74" fileid="2" />
                <BranchPoint vc="14680064" uspid="321" ordinal="1" offset="72" sl="659" path="1" offsetend="44" fileid="2" />
                <BranchPoint vc="315392" uspid="322" ordinal="2" offset="85" sl="657" path="0" offsetend="87" fileid="2" />
                <BranchPoint vc="3670016" uspid="323" ordinal="3" offset="85" sl="657" path="1" offsetend="33" fileid="2" />
                <BranchPoint vc="8960" uspid="324" ordinal="4" offset="98" sl="655" path="0" offsetend="100" fileid="2" />
                <BranchPoint vc="315392" uspid="325" ordinal="5" offset="98" sl="655" path="1" offsetend="22" fileid="2" />
                <BranchPoint vc="266" uspid="326" ordinal="6" offset="111" sl="653" path="0" offsetend="113" fileid="2" />
                <BranchPoint vc="8960" uspid="327" ordinal="7" offset="111" sl="653" path="1" offsetend="11" fileid="2" />
              </BranchPoints>
              <MethodPoint xsi:type="SequencePoint" vc="266" uspid="306" ordinal="0" offset="0" sl="653" sc="18" el="653" ec="38" bec="0" bev="0" fileid="2" />
            </Method>
            <Method visited="true" cyclomaticComplexity="11" sequenceCoverage="96.67" branchCoverage="82.35" isConstructor="false" isStatic="false" isGetter="false" isSetter="false">
              <Summary numSequencePoints="30" visitedSequencePoints="29" numBranchPoints="17" visitedBranchPoints="14" sequenceCoverage="96.67" branchCoverage="82.35" maxCyclomaticComplexity="11" minCyclomaticComplexity="11" />
              <MetadataToken>100663337</MetadataToken>
              <Name>System.Void JeremyAnsel.ColorQuant.WuAlphaColorQuantizer::BuildCube(JeremyAnsel.ColorQuant.Box[]&amp;,System.Int32&amp;)</Name>
              <FileRef uid="2" />
              <SequencePoints>
                <SequencePoint vc="7" uspid="328" ordinal="0" offset="0" sl="675" sc="13" el="675" ec="40" bec="0" bev="0" fileid="2" />
                <SequencePoint vc="7" uspid="329" ordinal="1" offset="9" sl="676" sc="13" el="676" ec="50" bec="0" bev="0" fileid="2" />
                <SequencePoint vc="7" uspid="330" ordinal="2" offset="17" sl="678" sc="18" el="678" ec="28" bec="0" bev="0" fileid="2" />
                <SequencePoint vc="1792" uspid="331" ordinal="3" offset="21" sl="680" sc="17" el="680" ec="37" bec="0" bev="0" fileid="2" />
                <SequencePoint vc="1792" uspid="332" ordinal="4" offset="30" sl="678" sc="45" el="678" ec="48" bec="0" bev="0" fileid="2" />
                <SequencePoint vc="1799" uspid="333" ordinal="5" offset="34" sl="678" sc="29" el="678" ec="43" bec="2" bev="2" fileid="2" />
                <SequencePoint vc="7" uspid="334" ordinal="6" offset="39" sl="683" sc="13" el="683" ec="67" bec="0" bev="0" fileid="2" />
                <SequencePoint vc="7" uspid="335" ordinal="7" offset="91" sl="684" sc="13" el="684" ec="89" bec="0" bev="0" fileid="2" />
                <SequencePoint vc="7" uspid="336" ordinal="8" offset="130" sl="685" sc="13" el="685" ec="68" bec="0" bev="0" fileid="2" />
                <SequencePoint vc="7" uspid="337" ordinal="9" offset="140" sl="687" sc="13" el="687" ec="26" bec="0" bev="0" fileid="2" />
                <SequencePoint vc="7" uspid="338" ordinal="10" offset="142" sl="689" sc="18" el="689" ec="28" bec="0" bev="0" fileid="2" />
                <SequencePoint vc="525" uspid="339" ordinal="11" offset="149" sl="691" sc="17" el="691" ec="51" bec="2" bev="2" fileid="2" />
                <SequencePoint vc="259" uspid="340" ordinal="12" offset="165" sl="693" sc="21" el="693" ec="83" bec="2" bev="1" fileid="2" />
                <SequencePoint vc="259" uspid="341" ordinal="13" offset="201" sl="694" sc="21" el="694" ec="74" bec="2" bev="1" fileid="2" />
                <SequencePoint vc="266" uspid="342" ordinal="14" offset="239" sl="698" sc="21" el="698" ec="36" bec="0" bev="0" fileid="2" />
                <SequencePoint vc="266" uspid="343" ordinal="15" offset="251" sl="699" sc="21" el="699" ec="25" bec="0" bev="0" fileid="2" />
                <SequencePoint vc="525" uspid="344" ordinal="16" offset="255" sl="702" sc="17" el="702" ec="26" bec="0" bev="0" fileid="2" />
                <SequencePoint vc="525" uspid="345" ordinal="17" offset="257" sl="704" sc="17" el="704" ec="37" bec="0" bev="0" fileid="2" />
                <SequencePoint vc="525" uspid="346" ordinal="18" offset="262" sl="705" sc="22" el="705" ec="32" bec="0" bev="0" fileid="2" />
                <SequencePoint vc="24276" uspid="347" ordinal="19" offset="267" sl="707" sc="21" el="707" ec="38" bec="2" bev="2" fileid="2" />
                <SequencePoint vc="491" uspid="348" ordinal="20" offset="275" sl="709" sc="25" el="709" ec="38" bec="0" bev="0" fileid="2" />
                <SequencePoint vc="491" uspid="349" ordinal="21" offset="281" sl="710" sc="25" el="710" ec="34" bec="0" bev="0" fileid="2" />
                <SequencePoint vc="24276" uspid="350" ordinal="22" offset="284" sl="705" sc="41" el="705" ec="44" bec="0" bev="0" fileid="2" />
                <SequencePoint vc="24801" uspid="351" ordinal="23" offset="290" sl="705" sc="33" el="705" ec="39" bec="2" bev="2" fileid="2" />
                <SequencePoint vc="525" uspid="352" ordinal="24" offset="295" sl="714" sc="17" el="714" ec="33" bec="2" bev="2" fileid="2" />
                <SequencePoint vc="7" uspid="353" ordinal="25" offset="308" sl="716" sc="21" el="716" ec="40" bec="0" bev="0" fileid="2" />
                <SequencePoint vc="7" uspid="354" ordinal="26" offset="313" sl="717" sc="21" el="717" ec="27" bec="0" bev="0" fileid="2" />
                <SequencePoint vc="518" uspid="355" ordinal="27" offset="314" sl="689" sc="45" el="689" ec="48" bec="0" bev="0" fileid="2" />
                <SequencePoint vc="525" uspid="356" ordinal="28" offset="318" sl="689" sc="29" el="689" ec="43" bec="2" bev="1" fileid="2" />
                <SequencePoint vc="0" uspid="357" ordinal="29" offset="326" sl="720" sc="9" el="720" ec="10" bec="0" bev="0" fileid="2" />
              </SequencePoints>
              <BranchPoints>
                <BranchPoint vc="7" uspid="358" ordinal="0" offset="37" sl="678" path="0" offsetend="39" fileid="2" />
                <BranchPoint vc="1792" uspid="359" ordinal="1" offset="37" sl="678" path="1" offsetend="21" fileid="2" />
                <BranchPoint vc="259" uspid="360" ordinal="2" offset="163" sl="691" path="0" offsetend="165" fileid="2" />
                <BranchPoint vc="266" uspid="361" ordinal="3" offset="163" sl="691" path="1" offsetend="239" fileid="2" />
                <BranchPoint vc="0" uspid="362" ordinal="4" offset="177" sl="693" path="0" offsetend="179" fileid="2" />
                <BranchPoint vc="259" uspid="363" ordinal="5" offset="177" sl="693" path="1" offsetend="190" fileid="2" />
                <BranchPoint vc="0" uspid="364" ordinal="6" offset="213" sl="694" path="0" offsetend="215" fileid="2" />
                <BranchPoint vc="259" uspid="365" ordinal="7" offset="213" sl="694" path="1" offsetend="226" fileid="2" />
                <BranchPoint vc="491" uspid="366" ordinal="8" offset="273" sl="707" path="0" offsetend="275" fileid="2" />
                <BranchPoint vc="23785" uspid="367" ordinal="9" offset="273" sl="707" path="1" offsetend="284" fileid="2" />
                <BranchPoint vc="525" uspid="368" ordinal="10" offset="293" sl="705" path="0" offsetend="295" fileid="2" />
[...]
                <SequencePoint vc="508" uspid="575" ordinal="15" offset="196" sl="466" sc="13" el="466" ec="31" bec="0" bev="0" fileid="3" />
                <SequencePoint vc="508" uspid="576" ordinal="16" offset="208" sl="467" sc="13" el="467" ec="31" bec="0" bev="0" fileid="3" />
                <SequencePoint vc="508" uspid="577" ordinal="17" offset="220" sl="469" sc="13" el="469" ec="25" bec="4" bev="3" fileid="3" />
                <SequencePoint vc="254" uspid="578" ordinal="18" offset="248" sl="473" sc="21" el="473" ec="46" bec="0" bev="0" fileid="3" />
                <SequencePoint vc="254" uspid="579" ordinal="19" offset="267" sl="474" sc="21" el="474" ec="39" bec="0" bev="0" fileid="3" />
                <SequencePoint vc="254" uspid="580" ordinal="20" offset="279" sl="475" sc="21" el="475" ec="39" bec="0" bev="0" fileid="3" />
                <SequencePoint vc="254" uspid="581" ordinal="21" offset="291" sl="476" sc="21" el="476" ec="27" bec="0" bev="0" fileid="3" />
                <SequencePoint vc="127" uspid="582" ordinal="22" offset="293" sl="480" sc="21" el="480" ec="46" bec="0" bev="0" fileid="3" />
                <SequencePoint vc="127" uspid="583" ordinal="23" offset="312" sl="481" sc="21" el="481" ec="39" bec="0" bev="0" fileid="3" />
                <SequencePoint vc="127" uspid="584" ordinal="24" offset="324" sl="482" sc="21" el="482" ec="39" bec="0" bev="0" fileid="3" />
                <SequencePoint vc="127" uspid="585" ordinal="25" offset="336" sl="483" sc="21" el="483" ec="27" bec="0" bev="0" fileid="3" />
                <SequencePoint vc="127" uspid="586" ordinal="26" offset="338" sl="487" sc="21" el="487" ec="46" bec="0" bev="0" fileid="3" />
                <SequencePoint vc="127" uspid="587" ordinal="27" offset="357" sl="488" sc="21" el="488" ec="39" bec="0" bev="0" fileid="3" />
                <SequencePoint vc="127" uspid="588" ordinal="28" offset="369" sl="489" sc="21" el="489" ec="39" bec="0" bev="0" fileid="3" />
                <SequencePoint vc="508" uspid="589" ordinal="29" offset="381" sl="493" sc="13" el="493" ec="91" bec="0" bev="0" fileid="3" />
                <SequencePoint vc="508" uspid="590" ordinal="30" offset="428" sl="494" sc="13" el="494" ec="91" bec="0" bev="0" fileid="3" />
                <SequencePoint vc="508" uspid="591" ordinal="31" offset="475" sl="496" sc="13" el="496" ec="25" bec="0" bev="0" fileid="3" />
              </SequencePoints>
              <BranchPoints>
                <BranchPoint vc="894" uspid="592" ordinal="0" offset="146" sl="447" path="0" offsetend="148" fileid="3" />
                <BranchPoint vc="254" uspid="593" ordinal="1" offset="146" sl="447" path="1" offsetend="164" fileid="3" />
                <BranchPoint vc="767" uspid="594" ordinal="2" offset="152" sl="447" path="0" offsetend="154" fileid="3" />
                <BranchPoint vc="127" uspid="595" ordinal="3" offset="152" sl="447" path="1" offsetend="164" fileid="3" />
                <BranchPoint vc="513" uspid="596" ordinal="4" offset="160" sl="451" path="0" offsetend="162" fileid="3" />
                <BranchPoint vc="254" uspid="597" ordinal="5" offset="160" sl="451" path="1" offsetend="184" fileid="3" />
                <BranchPoint vc="254" uspid="598" ordinal="6" offset="168" sl="456" path="0" offsetend="170" fileid="3" />
                <BranchPoint vc="127" uspid="599" ordinal="7" offset="168" sl="456" path="1" offsetend="181" fileid="3" />
                <BranchPoint vc="127" uspid="600" ordinal="8" offset="174" sl="456" path="0" offsetend="176" fileid="3" />
                <BranchPoint vc="127" uspid="601" ordinal="9" offset="174" sl="456" path="1" offsetend="181" fileid="3" />
                <BranchPoint vc="0" uspid="602" ordinal="10" offset="226" sl="469" path="0" offsetchain="243" offsetend="381" fileid="3" />
                <BranchPoint vc="127" uspid="603" ordinal="11" offset="226" sl="469" path="1" offsetend="338" fileid="3" />
                <BranchPoint vc="127" uspid="604" ordinal="12" offset="226" sl="469" path="2" offsetend="293" fileid="3" />
                <BranchPoint vc="254" uspid="605" ordinal="13" offset="226" sl="469" path="3" offsetend="248" fileid="3" />
              </BranchPoints>
              <MethodPoint xsi:type="SequencePoint" vc="1021" uspid="560" ordinal="0" offset="0" sl="432" sc="13" el="432" ec="70" bec="0" bev="0" fileid="3" />
            </Method>
            <Method visited="true" cyclomaticComplexity="4" sequenceCoverage="100" branchCoverage="100" isConstructor="false" isStatic="false" isGetter="false" isSetter="false">
              <Summary numSequencePoints="11" visitedSequencePoints="11" numBranchPoints="7" visitedBranchPoints="7" sequenceCoverage="100" branchCoverage="100" maxCyclomaticComplexity="4" minCyclomaticComplexity="4" />
              <MetadataToken>100663352</MetadataToken>
              <Name>System.Void JeremyAnsel.ColorQuant.WuColorQuantizer::Mark(JeremyAnsel.ColorQuant.Box,System.Byte)</Name>
              <FileRef uid="3" />
              <SequencePoints>
                <SequencePoint vc="513" uspid="606" ordinal="0" offset="0" sl="506" sc="18" el="506" ec="38" bec="0" bev="0" fileid="3" />
                <SequencePoint vc="33152" uspid="607" ordinal="1" offset="11" sl="508" sc="22" el="508" ec="42" bec="0" bev="0" fileid="3" />
                <SequencePoint vc="2162688" uspid="608" ordinal="2" offset="22" sl="510" sc="26" el="510" ec="46" bec="0" bev="0" fileid="3" />
                <SequencePoint vc="10485760" uspid="609" ordinal="3" offset="33" sl="512" sc="25" el="512" ec="73" bec="0" bev="0" fileid="3" />
                <SequencePoint vc="10485760" uspid="610" ordinal="4" offset="49" sl="510" sc="61" el="510" ec="64" bec="0" bev="0" fileid="3" />
                <SequencePoint vc="12648448" uspid="611" ordinal="5" offset="53" sl="510" sc="47" el="510" ec="59" bec="2" bev="2" fileid="3" />
                <SequencePoint vc="2162688" uspid="612" ordinal="6" offset="62" sl="508" sc="57" el="508" ec="60" bec="0" bev="0" fileid="3" />
                <SequencePoint vc="2195840" uspid="613" ordinal="7" offset="66" sl="508" sc="43" el="508" ec="55" bec="2" bev="2" fileid="3" />
                <SequencePoint vc="33152" uspid="614" ordinal="8" offset="75" sl="506" sc="53" el="506" ec="56" bec="0" bev="0" fileid="3" />
                <SequencePoint vc="33665" uspid="615" ordinal="9" offset="79" sl="506" sc="39" el="506" ec="51" bec="2" bev="2" fileid="3" />
                <SequencePoint vc="513" uspid="616" ordinal="10" offset="88" sl="516" sc="9" el="516" ec="10" bec="0" bev="0" fileid="3" />
              </SequencePoints>
              <BranchPoints>
                <BranchPoint vc="2162688" uspid="617" ordinal="0" offset="60" sl="510" path="0" offsetend="62" fileid="3" />
                <BranchPoint vc="10485760" uspid="618" ordinal="1" offset="60" sl="510" path="1" offsetend="33" fileid="3" />
                <BranchPoint vc="33152" uspid="619" ordinal="2" offset="73" sl="508" path="0" offsetend="75" fileid="3" />
                <BranchPoint vc="2162688" uspid="620" ordinal="3" offset="73" sl="508" path="1" offsetend="22" fileid="3" />
                <BranchPoint vc="513" uspid="621" ordinal="4" offset="86" sl="506" path="0" offsetend="88" fileid="3" />
                <BranchPoint vc="33152" uspid="622" ordinal="5" offset="86" sl="506" path="1" offsetend="11" fileid="3" />
              </BranchPoints>
              <MethodPoint xsi:type="SequencePoint" vc="513" uspid="606" ordinal="0" offset="0" sl="506" sc="18" el="506" ec="38" bec="0" bev="0" fileid="3" />
            </Method>
            <Method visited="true" cyclomaticComplexity="11" sequenceCoverage="96.55" branchCoverage="82.35" isConstructor="false" isStatic="false" isGetter="false" isSetter="false">
              <Summary numSequencePoints="29" visitedSequencePoints="28" numBranchPoints="17" visitedBranchPoints="14" sequenceCoverage="96.55" branchCoverage="82.35" maxCyclomaticComplexity="11" minCyclomaticComplexity="11" />
              <MetadataToken>100663353</MetadataToken>
              <Name>System.Void JeremyAnsel.ColorQuant.WuColorQuantizer::BuildCube(JeremyAnsel.ColorQuant.Box[]&amp;,System.Int32&amp;)</Name>
              <FileRef uid="3" />
              <SequencePoints>
                <SequencePoint vc="5" uspid="623" ordinal="0" offset="0" sl="525" sc="13" el="525" ec="40" bec="0" bev="0" fileid="3" />
                <SequencePoint vc="5" uspid="624" ordinal="1" offset="9" sl="526" sc="13" el="526" ec="50" bec="0" bev="0" fileid="3" />
                <SequencePoint vc="5" uspid="625" ordinal="2" offset="17" sl="528" sc="18" el="528" ec="28" bec="0" bev="0" fileid="3" />
                <SequencePoint vc="1280" uspid="626" ordinal="3" offset="21" sl="530" sc="17" el="530" ec="37" bec="0" bev="0" fileid="3" />
                <SequencePoint vc="1280" uspid="627" ordinal="4" offset="30" sl="528" sc="45" el="528" ec="48" bec="0" bev="0" fileid="3" />
                <SequencePoint vc="1285" uspid="628" ordinal="5" offset="34" sl="528" sc="29" el="528" ec="43" bec="2" bev="2" fileid="3" />
                <SequencePoint vc="5" uspid="629" ordinal="6" offset="39" sl="533" sc="13" el="533" ec="54" bec="0" bev="0" fileid="3" />
                <SequencePoint vc="5" uspid="630" ordinal="7" offset="77" sl="534" sc="13" el="534" ec="84" bec="0" bev="0" fileid="3" />
                <SequencePoint vc="5" uspid="631" ordinal="8" offset="119" sl="536" sc="13" el="536" ec="26" bec="0" bev="0" fileid="3" />
                <SequencePoint vc="5" uspid="632" ordinal="9" offset="121" sl="538" sc="18" el="538" ec="28" bec="0" bev="0" fileid="3" />
                <SequencePoint vc="1021" uspid="633" ordinal="10" offset="128" sl="540" sc="17" el="540" ec="51" bec="2" bev="2" fileid="3" />
                <SequencePoint vc="508" uspid="634" ordinal="11" offset="144" sl="542" sc="21" el="542" ec="83" bec="2" bev="1" fileid="3" />
                <SequencePoint vc="508" uspid="635" ordinal="12" offset="180" sl="543" sc="21" el="543" ec="74" bec="2" bev="1" fileid="3" />
                <SequencePoint vc="513" uspid="636" ordinal="13" offset="218" sl="547" sc="21" el="547" ec="36" bec="0" bev="0" fileid="3" />
                <SequencePoint vc="513" uspid="637" ordinal="14" offset="230" sl="548" sc="21" el="548" ec="25" bec="0" bev="0" fileid="3" />
                <SequencePoint vc="1021" uspid="638" ordinal="15" offset="234" sl="551" sc="17" el="551" ec="26" bec="0" bev="0" fileid="3" />
                <SequencePoint vc="1021" uspid="639" ordinal="16" offset="236" sl="553" sc="17" el="553" ec="37" bec="0" bev="0" fileid="3" />
                <SequencePoint vc="1021" uspid="640" ordinal="17" offset="241" sl="554" sc="22" el="554" ec="32" bec="0" bev="0" fileid="3" />
                <SequencePoint vc="97536" uspid="641" ordinal="18" offset="246" sl="556" sc="21" el="556" ec="38" bec="2" bev="2" fileid="3" />
                <SequencePoint vc="988" uspid="642" ordinal="19" offset="254" sl="558" sc="25" el="558" ec="38" bec="0" bev="0" fileid="3" />
                <SequencePoint vc="988" uspid="643" ordinal="20" offset="260" sl="559" sc="25" el="559" ec="34" bec="0" bev="0" fileid="3" />
                <SequencePoint vc="97536" uspid="644" ordinal="21" offset="263" sl="554" sc="41" el="554" ec="44" bec="0" bev="0" fileid="3" />
                <SequencePoint vc="98557" uspid="645" ordinal="22" offset="269" sl="554" sc="33" el="554" ec="39" bec="2" bev="2" fileid="3" />
                <SequencePoint vc="1021" uspid="646" ordinal="23" offset="274" sl="563" sc="17" el="563" ec="33" bec="2" bev="2" fileid="3" />
                <SequencePoint vc="5" uspid="647" ordinal="24" offset="287" sl="565" sc="21" el="565" ec="40" bec="0" bev="0" fileid="3" />
                <SequencePoint vc="5" uspid="648" ordinal="25" offset="292" sl="566" sc="21" el="566" ec="27" bec="0" bev="0" fileid="3" />
                <SequencePoint vc="1016" uspid="649" ordinal="26" offset="293" sl="538" sc="45" el="538" ec="48" bec="0" bev="0" fileid="3" />
                <SequencePoint vc="1021" uspid="650" ordinal="27" offset="297" sl="538" sc="29" el="538" ec="43" bec="2" bev="1" fileid="3" />
                <SequencePoint vc="0" uspid="651" ordinal="28" offset="305" sl="569" sc="9" el="569" ec="10" bec="0" bev="0" fileid="3" />
              </SequencePoints>
              <BranchPoints>
                <BranchPoint vc="5" uspid="652" ordinal="0" offset="37" sl="528" path="0" offsetend="39" fileid="3" />
                <BranchPoint vc="1280" uspid="653" ordinal="1" offset="37" sl="528" path="1" offsetend="21" fileid="3" />
                <BranchPoint vc="508" uspid="654" ordinal="2" offset="142" sl="540" path="0" offsetend="144" fileid="3" />
                <BranchPoint vc="513" uspid="655" ordinal="3" offset="142" sl="540" path="1" offsetend="218" fileid="3" />
                <BranchPoint vc="0" uspid="656" ordinal="4" offset="156" sl="542" path="0" offsetend="158" fileid="3" />
                <BranchPoint vc="508" uspid="657" ordinal="5" offset="156" sl="542" path="1" offsetend="169" fileid="3" />
                <BranchPoint vc="0" uspid="658" ordinal="6" offset="192" sl="543" path="0" offsetend="194" fileid="3" />
                <BranchPoint vc="508" uspid="659" ordinal="7" offset="192" sl="543" path="1" offsetend="205" fileid="3" />
                <BranchPoint vc="988" uspid="660" ordinal="8" offset="252" sl="556" path="0" offsetend="254" fileid="3" />
                <BranchPoint vc="96548" uspid="661" ordinal="9" offset="252" sl="556" path="1" offsetend="263" fileid="3" />
                <BranchPoint vc="1021" uspid="662" ordinal="10" offset="272" sl="554" path="0" offsetend="274" fileid="3" />
                <BranchPoint vc="97536" uspid="663" ordinal="11" offset="272" sl="554" path="1" offsetend="246" fileid="3" />
                <BranchPoint vc="5" uspid="664" ordinal="12" offset="285" sl="563" path="0" offsetend="287" fileid="3" />
                <BranchPoint vc="1016" uspid="665" ordinal="13" offset="285" sl="563" path="1" offsetend="293" fileid="3" />
                <BranchPoint vc="0" uspid="666" ordinal="14" offset="300" sl="538" path="0" offsetend="305" fileid="3" />
                <BranchPoint vc="1021" uspid="667" ordinal="15" offset="300" sl="538" path="1" offsetend="128" fileid="3" />
              </BranchPoints>
              <MethodPoint xsi:type="SequencePoint" vc="5" uspid="623" ordinal="0" offset="0" sl="525" sc="13" el="525" ec="40" bec="0" bev="0" fileid="3" />
            </Method>
            <Method visited="true" cyclomaticComplexity="4" sequenceCoverage="83.33" branchCoverage="85.71" isConstructor="false" isStatic="false" isGetter="false" isSetter="false">
              <Summary numSequencePoints="24" visitedSequencePoints="20" numBranchPoints="7" visitedBranchPoints="6" sequenceCoverage="83.33" branchCoverage="85.71" maxCyclomaticComplexity="4" minCyclomaticComplexity="4" />
              <MetadataToken>100663354</MetadataToken>
              <Name>JeremyAnsel.ColorQuant.ColorQuantizerResult JeremyAnsel.ColorQuant.WuColorQuantizer::GenerateResult(System.Byte[],System.Int32,JeremyAnsel.ColorQuant.Box[])</Name>
              <FileRef uid="3" />
              <SequencePoints>
                <SequencePoint vc="5" uspid="668" ordinal="0" offset="0" sl="580" sc="13" el="580" ec="89" bec="0" bev="0" fileid="3" />
                <SequencePoint vc="5" uspid="669" ordinal="1" offset="12" sl="582" sc="18" el="582" ec="28" bec="0" bev="0" fileid="3" />
                <SequencePoint vc="513" uspid="670" ordinal="2" offset="19" sl="584" sc="17" el="584" ec="45" bec="0" bev="0" fileid="3" />
                <SequencePoint vc="513" uspid="671" ordinal="3" offset="30" sl="586" sc="17" el="586" ec="76" bec="0" bev="0" fileid="3" />
                <SequencePoint vc="513" uspid="672" ordinal="4" offset="45" sl="588" sc="17" el="588" ec="33" bec="2" bev="1" fileid="3" />
                <SequencePoint vc="513" uspid="673" ordinal="5" offset="57" sl="590" sc="21" el="590" ec="64" bec="0" bev="0" fileid="3" />
                <SequencePoint vc="513" uspid="674" ordinal="6" offset="74" sl="591" sc="21" el="591" ec="119" bec="0" bev="0" fileid="3" />
                <SequencePoint vc="513" uspid="675" ordinal="7" offset="103" sl="592" sc="21" el="592" ec="119" bec="0" bev="0" fileid="3" />
                <SequencePoint vc="513" uspid="676" ordinal="8" offset="132" sl="593" sc="21" el="593" ec="113" bec="0" bev="0" fileid="3" />
                <SequencePoint vc="0" uspid="677" ordinal="9" offset="161" sl="597" sc="21" el="597" ec="64" bec="0" bev="0" fileid="3" />
                <SequencePoint vc="0" uspid="678" ordinal="10" offset="178" sl="598" sc="21" el="598" ec="61" bec="0" bev="0" fileid="3" />
                <SequencePoint vc="0" uspid="679" ordinal="11" offset="191" sl="599" sc="21" el="599" ec="61" bec="0" bev="0" fileid="3" />
                <SequencePoint vc="0" uspid="680" ordinal="12" offset="204" sl="600" sc="21" el="600" ec="55" bec="0" bev="0" fileid="3" />
                <SequencePoint vc="513" uspid="681" ordinal="13" offset="215" sl="582" sc="45" el="582" ec="48" bec="0" bev="0" fileid="3" />
                <SequencePoint vc="518" uspid="682" ordinal="14" offset="219" sl="582" sc="29" el="582" ec="43" bec="2" bev="2" fileid="3" />
                <SequencePoint vc="5" uspid="683" ordinal="15" offset="226" sl="604" sc="18" el="604" ec="28" bec="0" bev="0" fileid="3" />
                <SequencePoint vc="1025" uspid="684" ordinal="16" offset="230" sl="606" sc="17" el="606" ec="80" bec="0" bev="0" fileid="3" />
                <SequencePoint vc="1025" uspid="685" ordinal="17" offset="241" sl="607" sc="17" el="607" ec="80" bec="0" bev="0" fileid="3" />
                <SequencePoint vc="1025" uspid="686" ordinal="18" offset="252" sl="608" sc="17" el="608" ec="74" bec="0" bev="0" fileid="3" />
                <SequencePoint vc="1025" uspid="687" ordinal="19" offset="261" sl="610" sc="17" el="610" ec="69" bec="0" bev="0" fileid="3" />
                <SequencePoint vc="1025" uspid="688" ordinal="20" offset="280" sl="612" sc="17" el="612" ec="57" bec="0" bev="0" fileid="3" />
                <SequencePoint vc="1025" uspid="689" ordinal="21" offset="297" sl="604" sc="51" el="604" ec="54" bec="0" bev="0" fileid="3" />
                <SequencePoint vc="1030" uspid="690" ordinal="22" offset="301" sl="604" sc="29" el="604" ec="49" bec="2" bev="2" fileid="3" />
                <SequencePoint vc="5" uspid="691" ordinal="23" offset="309" sl="615" sc="13" el="615" ec="35" bec="0" bev="0" fileid="3" />
              </SequencePoints>
              <BranchPoints>
                <BranchPoint vc="513" uspid="692" ordinal="0" offset="55" sl="588" path="0" offsetend="57" fileid="3" />
                <BranchPoint vc="0" uspid="693" ordinal="1" offset="55" sl="588" path="1" offsetend="161" fileid="3" />
                <BranchPoint vc="5" uspid="694" ordinal="2" offset="221" sl="582" path="0" offsetend="226" fileid="3" />
                <BranchPoint vc="513" uspid="695" ordinal="3" offset="221" sl="582" path="1" offsetend="19" fileid="3" />
                <BranchPoint vc="5" uspid="696" ordinal="4" offset="307" sl="604" path="0" offsetend="309" fileid="3" />
                <BranchPoint vc="1025" uspid="697" ordinal="5" offset="307" sl="604" path="1" offsetend="230" fileid="3" />
              </BranchPoints>
              <MethodPoint xsi:type="SequencePoint" vc="5" uspid="668" ordinal="0" offset="0" sl="580" sc="13" el="580" ec="89" bec="0" bev="0" fileid="3" />
            </Method>
          </Methods>
        </Class>
      </Classes>
    </Module>
  </Modules>
</CoverageSession>